2022-07-01 15:36:39.696 INFO  [acme.Launcher@main] Starting Launcher using Java 1.8.0_281 on Duketo with PID 11100 (C:\Users\raulm\Desktop\Workspace-22.0\Frameworks\Acme-Framework-22.0\target\classes started by raulm in C:\Users\raulm\Desktop\Workspace-22.0\Starters\Hello-World-22.0) 
2022-07-01 15:36:39.697 DEBUG [acme.Launcher@main] Running with Spring Boot v2.4.2, Spring v5.3.3 
2022-07-01 15:36:39.699 INFO  [acme.Launcher@main] The following profiles are active: development,default 
2022-07-01 15:36:42.803 DEBUG [org.apache.jasper.servlet.JasperInitializer@main] Initializing Jasper for context [application] 
2022-07-01 15:36:48.701 DEBUG [org.apache.jasper.servlet.JspServlet@main] Scratch dir for the JSP engine is: [C:\Users\raulm\AppData\Local\Temp\tomcat.8080.5721383284930103876\work\Tomcat\localhost\hello-world-22.0] 
2022-07-01 15:36:48.702 DEBUG [org.apache.jasper.servlet.JspServlet@main] IMPORTANT: Do not modify the generated servlets 
2022-07-01 15:36:48.735 INFO  [acme.Launcher@main] Started Launcher in 9.83 seconds (JVM running for 10.716) 
2022-07-01 15:36:48.750 DEBUG [acme.Launcher@main] Found classpath entry '/C:/Users/raulm/Desktop/Workspace-22.0/Starters/Hello-World-22.0/target/classes/' 
2022-07-01 15:36:48.751 DEBUG [acme.Launcher@main] Found classpath entry '/C:/Users/raulm/Desktop/Workspace-22.0/Starters/Hello-World-22.0/target/test-classes/' 
2022-07-01 15:36:48.751 DEBUG [acme.Launcher@main] Found classpath entry '/C:/Users/raulm/.m2/repository/org/springframework/boot/spring-boot-starter-tomcat/2.4.2/spring-boot-starter-tomcat-2.4.2.jar' 
2022-07-01 15:36:48.752 DEBUG [acme.Launcher@main] Found classpath entry '/C:/Users/raulm/.m2/repository/jakarta/annotation/jakarta.annotation-api/1.3.5/jakarta.annotation-api-1.3.5.jar' 
2022-07-01 15:36:48.752 DEBUG [acme.Launcher@main] Found classpath entry '/C:/Users/raulm/.m2/repository/org/apache/tomcat/embed/tomcat-embed-core/9.0.41/tomcat-embed-core-9.0.41.jar' 
2022-07-01 15:36:48.753 DEBUG [acme.Launcher@main] Found classpath entry '/C:/Users/raulm/.m2/repository/org/glassfish/jakarta.el/3.0.3/jakarta.el-3.0.3.jar' 
2022-07-01 15:36:48.753 DEBUG [acme.Launcher@main] Found classpath entry '/C:/Users/raulm/.m2/repository/org/apache/tomcat/embed/tomcat-embed-websocket/9.0.41/tomcat-embed-websocket-9.0.41.jar' 
2022-07-01 15:36:48.753 DEBUG [acme.Launcher@main] Found classpath entry '/C:/Users/raulm/.m2/repository/org/apache/tomcat/embed/tomcat-embed-jasper/9.0.41/tomcat-embed-jasper-9.0.41.jar' 
2022-07-01 15:36:48.754 DEBUG [acme.Launcher@main] Found classpath entry '/C:/Users/raulm/.m2/repository/org/apache/tomcat/embed/tomcat-embed-el/9.0.41/tomcat-embed-el-9.0.41.jar' 
2022-07-01 15:36:48.754 DEBUG [acme.Launcher@main] Found classpath entry '/C:/Users/raulm/.m2/repository/org/eclipse/jdt/ecj/3.18.0/ecj-3.18.0.jar' 
2022-07-01 15:36:48.754 DEBUG [acme.Launcher@main] Found classpath entry '/C:/Users/raulm/.m2/repository/javax/servlet/jstl/1.2/jstl-1.2.jar' 
2022-07-01 15:36:48.754 DEBUG [acme.Launcher@main] Found classpath entry '/C:/Users/raulm/.m2/repository/org/springframework/boot/spring-boot-starter-test/2.4.2/spring-boot-starter-test-2.4.2.jar' 
2022-07-01 15:36:48.755 DEBUG [acme.Launcher@main] Found classpath entry '/C:/Users/raulm/.m2/repository/org/springframework/boot/spring-boot-starter/2.4.2/spring-boot-starter-2.4.2.jar' 
2022-07-01 15:36:48.755 DEBUG [acme.Launcher@main] Found classpath entry '/C:/Users/raulm/.m2/repository/org/springframework/boot/spring-boot/2.4.2/spring-boot-2.4.2.jar' 
2022-07-01 15:36:48.755 DEBUG [acme.Launcher@main] Found classpath entry '/C:/Users/raulm/.m2/repository/org/springframework/boot/spring-boot-autoconfigure/2.4.2/spring-boot-autoconfigure-2.4.2.jar' 
2022-07-01 15:36:48.755 DEBUG [acme.Launcher@main] Found classpath entry '/C:/Users/raulm/.m2/repository/org/springframework/boot/spring-boot-starter-logging/2.4.2/spring-boot-starter-logging-2.4.2.jar' 
2022-07-01 15:36:48.756 DEBUG [acme.Launcher@main] Found classpath entry '/C:/Users/raulm/.m2/repository/ch/qos/logback/logback-classic/1.2.3/logback-classic-1.2.3.jar' 
2022-07-01 15:36:48.756 DEBUG [acme.Launcher@main] Found classpath entry '/C:/Users/raulm/.m2/repository/ch/qos/logback/logback-core/1.2.3/logback-core-1.2.3.jar' 
2022-07-01 15:36:48.756 DEBUG [acme.Launcher@main] Found classpath entry '/C:/Users/raulm/.m2/repository/org/apache/logging/log4j/log4j-to-slf4j/2.13.3/log4j-to-slf4j-2.13.3.jar' 
2022-07-01 15:36:48.756 DEBUG [acme.Launcher@main] Found classpath entry '/C:/Users/raulm/.m2/repository/org/apache/logging/log4j/log4j-api/2.13.3/log4j-api-2.13.3.jar' 
2022-07-01 15:36:48.757 DEBUG [acme.Launcher@main] Found classpath entry '/C:/Users/raulm/.m2/repository/org/slf4j/jul-to-slf4j/1.7.30/jul-to-slf4j-1.7.30.jar' 
2022-07-01 15:36:48.757 DEBUG [acme.Launcher@main] Found classpath entry '/C:/Users/raulm/.m2/repository/org/yaml/snakeyaml/1.27/snakeyaml-1.27.jar' 
2022-07-01 15:36:48.757 DEBUG [acme.Launcher@main] Found classpath entry '/C:/Users/raulm/.m2/repository/org/springframework/boot/spring-boot-test/2.4.2/spring-boot-test-2.4.2.jar' 
2022-07-01 15:36:48.757 DEBUG [acme.Launcher@main] Found classpath entry '/C:/Users/raulm/.m2/repository/org/springframework/boot/spring-boot-test-autoconfigure/2.4.2/spring-boot-test-autoconfigure-2.4.2.jar' 
2022-07-01 15:36:48.758 DEBUG [acme.Launcher@main] Found classpath entry '/C:/Users/raulm/.m2/repository/com/jayway/jsonpath/json-path/2.4.0/json-path-2.4.0.jar' 
2022-07-01 15:36:48.758 DEBUG [acme.Launcher@main] Found classpath entry '/C:/Users/raulm/.m2/repository/net/minidev/json-smart/2.3/json-smart-2.3.jar' 
2022-07-01 15:36:48.758 DEBUG [acme.Launcher@main] Found classpath entry '/C:/Users/raulm/.m2/repository/net/minidev/accessors-smart/1.2/accessors-smart-1.2.jar' 
2022-07-01 15:36:48.758 DEBUG [acme.Launcher@main] Found classpath entry '/C:/Users/raulm/.m2/repository/org/ow2/asm/asm/5.0.4/asm-5.0.4.jar' 
2022-07-01 15:36:48.759 DEBUG [acme.Launcher@main] Found classpath entry '/C:/Users/raulm/.m2/repository/jakarta/xml/bind/jakarta.xml.bind-api/2.3.3/jakarta.xml.bind-api-2.3.3.jar' 
2022-07-01 15:36:48.759 DEBUG [acme.Launcher@main] Found classpath entry '/C:/Users/raulm/.m2/repository/jakarta/activation/jakarta.activation-api/1.2.2/jakarta.activation-api-1.2.2.jar' 
2022-07-01 15:36:48.760 DEBUG [acme.Launcher@main] Found classpath entry '/C:/Users/raulm/.m2/repository/org/assertj/assertj-core/3.18.1/assertj-core-3.18.1.jar' 
2022-07-01 15:36:48.760 DEBUG [acme.Launcher@main] Found classpath entry '/C:/Users/raulm/.m2/repository/org/hamcrest/hamcrest/2.2/hamcrest-2.2.jar' 
2022-07-01 15:36:48.760 DEBUG [acme.Launcher@main] Found classpath entry '/C:/Users/raulm/.m2/repository/org/junit/jupiter/junit-jupiter/5.7.0/junit-jupiter-5.7.0.jar' 
2022-07-01 15:36:48.761 DEBUG [acme.Launcher@main] Found classpath entry '/C:/Users/raulm/.m2/repository/org/mockito/mockito-core/3.6.28/mockito-core-3.6.28.jar' 
2022-07-01 15:36:48.761 DEBUG [acme.Launcher@main] Found classpath entry '/C:/Users/raulm/.m2/repository/net/bytebuddy/byte-buddy-agent/1.10.19/byte-buddy-agent-1.10.19.jar' 
2022-07-01 15:36:48.762 DEBUG [acme.Launcher@main] Found classpath entry '/C:/Users/raulm/.m2/repository/org/objenesis/objenesis/3.1/objenesis-3.1.jar' 
2022-07-01 15:36:48.762 DEBUG [acme.Launcher@main] Found classpath entry '/C:/Users/raulm/.m2/repository/org/mockito/mockito-junit-jupiter/3.6.28/mockito-junit-jupiter-3.6.28.jar' 
2022-07-01 15:36:48.762 DEBUG [acme.Launcher@main] Found classpath entry '/C:/Users/raulm/.m2/repository/org/skyscreamer/jsonassert/1.5.0/jsonassert-1.5.0.jar' 
2022-07-01 15:36:48.763 DEBUG [acme.Launcher@main] Found classpath entry '/C:/Users/raulm/.m2/repository/com/vaadin/external/google/android-json/0.0.20131108.vaadin1/android-json-0.0.20131108.vaadin1.jar' 
2022-07-01 15:36:48.763 DEBUG [acme.Launcher@main] Found classpath entry '/C:/Users/raulm/.m2/repository/org/springframework/spring-core/5.3.3/spring-core-5.3.3.jar' 
2022-07-01 15:36:48.764 DEBUG [acme.Launcher@main] Found classpath entry '/C:/Users/raulm/.m2/repository/org/springframework/spring-jcl/5.3.3/spring-jcl-5.3.3.jar' 
2022-07-01 15:36:48.764 DEBUG [acme.Launcher@main] Found classpath entry '/C:/Users/raulm/.m2/repository/org/springframework/spring-test/5.3.3/spring-test-5.3.3.jar' 
2022-07-01 15:36:48.765 DEBUG [acme.Launcher@main] Found classpath entry '/C:/Users/raulm/.m2/repository/org/xmlunit/xmlunit-core/2.7.0/xmlunit-core-2.7.0.jar' 
2022-07-01 15:36:48.765 DEBUG [acme.Launcher@main] Found classpath entry '/C:/Users/raulm/.m2/repository/org/springframework/boot/spring-boot-starter-security/2.4.2/spring-boot-starter-security-2.4.2.jar' 
2022-07-01 15:36:48.766 DEBUG [acme.Launcher@main] Found classpath entry '/C:/Users/raulm/.m2/repository/org/springframework/spring-aop/5.3.3/spring-aop-5.3.3.jar' 
2022-07-01 15:36:48.766 DEBUG [acme.Launcher@main] Found classpath entry '/C:/Users/raulm/.m2/repository/org/springframework/security/spring-security-web/5.4.2/spring-security-web-5.4.2.jar' 
2022-07-01 15:36:48.766 DEBUG [acme.Launcher@main] Found classpath entry '/C:/Users/raulm/.m2/repository/org/springframework/security/spring-security-core/5.4.2/spring-security-core-5.4.2.jar' 
2022-07-01 15:36:48.767 DEBUG [acme.Launcher@main] Found classpath entry '/C:/Users/raulm/.m2/repository/org/springframework/spring-beans/5.3.3/spring-beans-5.3.3.jar' 
2022-07-01 15:36:48.767 DEBUG [acme.Launcher@main] Found classpath entry '/C:/Users/raulm/.m2/repository/org/springframework/spring-context/5.3.3/spring-context-5.3.3.jar' 
2022-07-01 15:36:48.768 DEBUG [acme.Launcher@main] Found classpath entry '/C:/Users/raulm/.m2/repository/org/springframework/spring-expression/5.3.3/spring-expression-5.3.3.jar' 
2022-07-01 15:36:48.768 DEBUG [acme.Launcher@main] Found classpath entry '/C:/Users/raulm/.m2/repository/org/springframework/spring-web/5.3.3/spring-web-5.3.3.jar' 
2022-07-01 15:36:48.769 DEBUG [acme.Launcher@main] Found classpath entry '/C:/Users/raulm/.m2/repository/org/springframework/security/spring-security-config/5.4.2/spring-security-config-5.4.2.jar' 
2022-07-01 15:36:48.770 DEBUG [acme.Launcher@main] Found classpath entry '/C:/Users/raulm/.m2/repository/org/springframework/security/spring-security-taglibs/5.4.2/spring-security-taglibs-5.4.2.jar' 
2022-07-01 15:36:48.770 DEBUG [acme.Launcher@main] Found classpath entry '/C:/Users/raulm/.m2/repository/org/springframework/security/spring-security-acl/5.4.2/spring-security-acl-5.4.2.jar' 
2022-07-01 15:36:48.771 DEBUG [acme.Launcher@main] Found classpath entry '/C:/Users/raulm/.m2/repository/org/springframework/spring-jdbc/5.3.3/spring-jdbc-5.3.3.jar' 
2022-07-01 15:36:48.771 DEBUG [acme.Launcher@main] Found classpath entry '/C:/Users/raulm/.m2/repository/org/springframework/spring-tx/5.3.3/spring-tx-5.3.3.jar' 
2022-07-01 15:36:48.772 DEBUG [acme.Launcher@main] Found classpath entry '/C:/Users/raulm/.m2/repository/org/springframework/boot/spring-boot-starter-web/2.4.2/spring-boot-starter-web-2.4.2.jar' 
2022-07-01 15:36:48.772 DEBUG [acme.Launcher@main] Found classpath entry '/C:/Users/raulm/.m2/repository/org/springframework/boot/spring-boot-starter-json/2.4.2/spring-boot-starter-json-2.4.2.jar' 
2022-07-01 15:36:48.773 DEBUG [acme.Launcher@main] Found classpath entry '/C:/Users/raulm/.m2/repository/com/fasterxml/jackson/core/jackson-databind/2.11.4/jackson-databind-2.11.4.jar' 
2022-07-01 15:36:48.773 DEBUG [acme.Launcher@main] Found classpath entry '/C:/Users/raulm/.m2/repository/com/fasterxml/jackson/core/jackson-annotations/2.11.4/jackson-annotations-2.11.4.jar' 
2022-07-01 15:36:48.774 DEBUG [acme.Launcher@main] Found classpath entry '/C:/Users/raulm/.m2/repository/com/fasterxml/jackson/core/jackson-core/2.11.4/jackson-core-2.11.4.jar' 
2022-07-01 15:36:48.774 DEBUG [acme.Launcher@main] Found classpath entry '/C:/Users/raulm/.m2/repository/com/fasterxml/jackson/datatype/jackson-datatype-jdk8/2.11.4/jackson-datatype-jdk8-2.11.4.jar' 
2022-07-01 15:36:48.774 DEBUG [acme.Launcher@main] Found classpath entry '/C:/Users/raulm/.m2/repository/com/fasterxml/jackson/datatype/jackson-datatype-jsr310/2.11.4/jackson-datatype-jsr310-2.11.4.jar' 
2022-07-01 15:36:48.775 DEBUG [acme.Launcher@main] Found classpath entry '/C:/Users/raulm/.m2/repository/com/fasterxml/jackson/module/jackson-module-parameter-names/2.11.4/jackson-module-parameter-names-2.11.4.jar' 
2022-07-01 15:36:48.775 DEBUG [acme.Launcher@main] Found classpath entry '/C:/Users/raulm/.m2/repository/org/springframework/spring-webmvc/5.3.3/spring-webmvc-5.3.3.jar' 
2022-07-01 15:36:48.776 DEBUG [acme.Launcher@main] Found classpath entry '/C:/Users/raulm/.m2/repository/org/apache/tiles/tiles-jsp/3.0.8/tiles-jsp-3.0.8.jar' 
2022-07-01 15:36:48.776 DEBUG [acme.Launcher@main] Found classpath entry '/C:/Users/raulm/.m2/repository/org/apache/tiles/tiles-servlet/3.0.8/tiles-servlet-3.0.8.jar' 
2022-07-01 15:36:48.777 DEBUG [acme.Launcher@main] Found classpath entry '/C:/Users/raulm/.m2/repository/org/apache/tiles/tiles-core/3.0.8/tiles-core-3.0.8.jar' 
2022-07-01 15:36:48.777 DEBUG [acme.Launcher@main] Found classpath entry '/C:/Users/raulm/.m2/repository/commons-digester/commons-digester/2.0/commons-digester-2.0.jar' 
2022-07-01 15:36:48.778 DEBUG [acme.Launcher@main] Found classpath entry '/C:/Users/raulm/.m2/repository/org/slf4j/jcl-over-slf4j/1.7.30/jcl-over-slf4j-1.7.30.jar' 
2022-07-01 15:36:48.778 DEBUG [acme.Launcher@main] Found classpath entry '/C:/Users/raulm/.m2/repository/org/apache/tiles/tiles-request-servlet/1.0.7/tiles-request-servlet-1.0.7.jar' 
2022-07-01 15:36:48.778 DEBUG [acme.Launcher@main] Found classpath entry '/C:/Users/raulm/.m2/repository/org/apache/tiles/tiles-template/3.0.8/tiles-template-3.0.8.jar' 
2022-07-01 15:36:48.779 DEBUG [acme.Launcher@main] Found classpath entry '/C:/Users/raulm/.m2/repository/org/apache/tiles/tiles-api/3.0.8/tiles-api-3.0.8.jar' 
2022-07-01 15:36:48.779 DEBUG [acme.Launcher@main] Found classpath entry '/C:/Users/raulm/.m2/repository/org/apache/tiles/tiles-autotag-core-runtime/1.2/tiles-autotag-core-runtime-1.2.jar' 
2022-07-01 15:36:48.780 DEBUG [acme.Launcher@main] Found classpath entry '/C:/Users/raulm/.m2/repository/org/slf4j/slf4j-api/1.7.30/slf4j-api-1.7.30.jar' 
2022-07-01 15:36:48.780 DEBUG [acme.Launcher@main] Found classpath entry '/C:/Users/raulm/.m2/repository/org/apache/tiles/tiles-request-jsp/1.0.7/tiles-request-jsp-1.0.7.jar' 
2022-07-01 15:36:48.781 DEBUG [acme.Launcher@main] Found classpath entry '/C:/Users/raulm/.m2/repository/org/apache/tiles/tiles-request-api/1.0.7/tiles-request-api-1.0.7.jar' 
2022-07-01 15:36:48.781 DEBUG [acme.Launcher@main] Found classpath entry '/C:/Users/raulm/.m2/repository/org/springframework/boot/spring-boot-starter-data-jpa/2.4.2/spring-boot-starter-data-jpa-2.4.2.jar' 
2022-07-01 15:36:48.782 DEBUG [acme.Launcher@main] Found classpath entry '/C:/Users/raulm/.m2/repository/org/springframework/boot/spring-boot-starter-aop/2.4.2/spring-boot-starter-aop-2.4.2.jar' 
2022-07-01 15:36:48.782 DEBUG [acme.Launcher@main] Found classpath entry '/C:/Users/raulm/.m2/repository/org/aspectj/aspectjweaver/1.9.6/aspectjweaver-1.9.6.jar' 
2022-07-01 15:36:48.783 DEBUG [acme.Launcher@main] Found classpath entry '/C:/Users/raulm/.m2/repository/org/springframework/boot/spring-boot-starter-jdbc/2.4.2/spring-boot-starter-jdbc-2.4.2.jar' 
2022-07-01 15:36:48.783 DEBUG [acme.Launcher@main] Found classpath entry '/C:/Users/raulm/.m2/repository/jakarta/transaction/jakarta.transaction-api/1.3.3/jakarta.transaction-api-1.3.3.jar' 
2022-07-01 15:36:48.784 DEBUG [acme.Launcher@main] Found classpath entry '/C:/Users/raulm/.m2/repository/jakarta/persistence/jakarta.persistence-api/2.2.3/jakarta.persistence-api-2.2.3.jar' 
2022-07-01 15:36:48.784 DEBUG [acme.Launcher@main] Found classpath entry '/C:/Users/raulm/.m2/repository/org/hibernate/hibernate-core/5.4.27.Final/hibernate-core-5.4.27.Final.jar' 
2022-07-01 15:36:48.784 DEBUG [acme.Launcher@main] Found classpath entry '/C:/Users/raulm/.m2/repository/org/jboss/logging/jboss-logging/3.4.1.Final/jboss-logging-3.4.1.Final.jar' 
2022-07-01 15:36:48.785 DEBUG [acme.Launcher@main] Found classpath entry '/C:/Users/raulm/.m2/repository/org/javassist/javassist/3.27.0-GA/javassist-3.27.0-GA.jar' 
2022-07-01 15:36:48.786 DEBUG [acme.Launcher@main] Found classpath entry '/C:/Users/raulm/.m2/repository/antlr/antlr/2.7.7/antlr-2.7.7.jar' 
2022-07-01 15:36:48.786 DEBUG [acme.Launcher@main] Found classpath entry '/C:/Users/raulm/.m2/repository/org/jboss/jandex/2.1.3.Final/jandex-2.1.3.Final.jar' 
2022-07-01 15:36:48.787 DEBUG [acme.Launcher@main] Found classpath entry '/C:/Users/raulm/.m2/repository/com/fasterxml/classmate/1.5.1/classmate-1.5.1.jar' 
2022-07-01 15:36:48.787 DEBUG [acme.Launcher@main] Found classpath entry '/C:/Users/raulm/.m2/repository/org/dom4j/dom4j/2.1.3/dom4j-2.1.3.jar' 
2022-07-01 15:36:48.787 DEBUG [acme.Launcher@main] Found classpath entry '/C:/Users/raulm/.m2/repository/org/hibernate/common/hibernate-commons-annotations/5.1.2.Final/hibernate-commons-annotations-5.1.2.Final.jar' 
2022-07-01 15:36:48.788 DEBUG [acme.Launcher@main] Found classpath entry '/C:/Users/raulm/.m2/repository/org/glassfish/jaxb/jaxb-runtime/2.3.3/jaxb-runtime-2.3.3.jar' 
2022-07-01 15:36:48.788 DEBUG [acme.Launcher@main] Found classpath entry '/C:/Users/raulm/.m2/repository/org/glassfish/jaxb/txw2/2.3.3/txw2-2.3.3.jar' 
2022-07-01 15:36:48.788 DEBUG [acme.Launcher@main] Found classpath entry '/C:/Users/raulm/.m2/repository/com/sun/istack/istack-commons-runtime/3.0.11/istack-commons-runtime-3.0.11.jar' 
2022-07-01 15:36:48.789 DEBUG [acme.Launcher@main] Found classpath entry '/C:/Users/raulm/.m2/repository/com/sun/activation/jakarta.activation/1.2.2/jakarta.activation-1.2.2.jar' 
2022-07-01 15:36:48.789 DEBUG [acme.Launcher@main] Found classpath entry '/C:/Users/raulm/.m2/repository/org/springframework/data/spring-data-jpa/2.4.3/spring-data-jpa-2.4.3.jar' 
2022-07-01 15:36:48.789 DEBUG [acme.Launcher@main] Found classpath entry '/C:/Users/raulm/.m2/repository/org/springframework/data/spring-data-commons/2.4.3/spring-data-commons-2.4.3.jar' 
2022-07-01 15:36:48.790 DEBUG [acme.Launcher@main] Found classpath entry '/C:/Users/raulm/.m2/repository/org/springframework/spring-orm/5.3.3/spring-orm-5.3.3.jar' 
2022-07-01 15:36:48.790 DEBUG [acme.Launcher@main] Found classpath entry '/C:/Users/raulm/.m2/repository/org/springframework/spring-aspects/5.3.3/spring-aspects-5.3.3.jar' 
2022-07-01 15:36:48.790 DEBUG [acme.Launcher@main] Found classpath entry '/C:/Users/raulm/.m2/repository/org/springframework/boot/spring-boot-starter-validation/2.4.2/spring-boot-starter-validation-2.4.2.jar' 
2022-07-01 15:36:48.791 DEBUG [acme.Launcher@main] Found classpath entry '/C:/Users/raulm/.m2/repository/org/hibernate/validator/hibernate-validator/6.1.7.Final/hibernate-validator-6.1.7.Final.jar' 
2022-07-01 15:36:48.792 DEBUG [acme.Launcher@main] Found classpath entry '/C:/Users/raulm/.m2/repository/jakarta/validation/jakarta.validation-api/2.0.2/jakarta.validation-api-2.0.2.jar' 
2022-07-01 15:36:48.792 DEBUG [acme.Launcher@main] Found classpath entry '/C:/Users/raulm/.m2/repository/mysql/mysql-connector-java/8.0.22/mysql-connector-java-8.0.22.jar' 
2022-07-01 15:36:48.792 DEBUG [acme.Launcher@main] Found classpath entry '/C:/Users/raulm/.m2/repository/com/zaxxer/HikariCP/3.4.5/HikariCP-3.4.5.jar' 
2022-07-01 15:36:48.793 DEBUG [acme.Launcher@main] Found classpath entry '/C:/Users/raulm/.m2/repository/org/junit/jupiter/junit-jupiter-engine/5.7.0/junit-jupiter-engine-5.7.0.jar' 
2022-07-01 15:36:48.793 DEBUG [acme.Launcher@main] Found classpath entry '/C:/Users/raulm/.m2/repository/org/apiguardian/apiguardian-api/1.1.0/apiguardian-api-1.1.0.jar' 
2022-07-01 15:36:48.793 DEBUG [acme.Launcher@main] Found classpath entry '/C:/Users/raulm/.m2/repository/org/junit/platform/junit-platform-engine/1.7.0/junit-platform-engine-1.7.0.jar' 
2022-07-01 15:36:48.793 DEBUG [acme.Launcher@main] Found classpath entry '/C:/Users/raulm/.m2/repository/org/junit/jupiter/junit-jupiter-api/5.7.0/junit-jupiter-api-5.7.0.jar' 
2022-07-01 15:36:48.793 DEBUG [acme.Launcher@main] Found classpath entry '/C:/Users/raulm/.m2/repository/org/opentest4j/opentest4j/1.2.0/opentest4j-1.2.0.jar' 
2022-07-01 15:36:48.794 DEBUG [acme.Launcher@main] Found classpath entry '/C:/Users/raulm/.m2/repository/org/junit/platform/junit-platform-commons/1.7.0/junit-platform-commons-1.7.0.jar' 
2022-07-01 15:36:48.794 DEBUG [acme.Launcher@main] Found classpath entry '/C:/Users/raulm/.m2/repository/org/junit/jupiter/junit-jupiter-params/5.7.0/junit-jupiter-params-5.7.0.jar' 
2022-07-01 15:36:48.794 DEBUG [acme.Launcher@main] Found classpath entry '/C:/Users/raulm/.m2/repository/org/junit/platform/junit-platform-launcher/1.7.0/junit-platform-launcher-1.7.0.jar' 
2022-07-01 15:36:48.794 DEBUG [acme.Launcher@main] Found classpath entry '/C:/Users/raulm/.m2/repository/org/seleniumhq/selenium/selenium-java/3.141.59/selenium-java-3.141.59.jar' 
2022-07-01 15:36:48.794 DEBUG [acme.Launcher@main] Found classpath entry '/C:/Users/raulm/.m2/repository/org/seleniumhq/selenium/selenium-api/3.141.59/selenium-api-3.141.59.jar' 
2022-07-01 15:36:48.795 DEBUG [acme.Launcher@main] Found classpath entry '/C:/Users/raulm/.m2/repository/org/seleniumhq/selenium/selenium-chrome-driver/3.141.59/selenium-chrome-driver-3.141.59.jar' 
2022-07-01 15:36:48.795 DEBUG [acme.Launcher@main] Found classpath entry '/C:/Users/raulm/.m2/repository/org/seleniumhq/selenium/selenium-edge-driver/3.141.59/selenium-edge-driver-3.141.59.jar' 
2022-07-01 15:36:48.795 DEBUG [acme.Launcher@main] Found classpath entry '/C:/Users/raulm/.m2/repository/org/seleniumhq/selenium/selenium-firefox-driver/3.141.59/selenium-firefox-driver-3.141.59.jar' 
2022-07-01 15:36:48.795 DEBUG [acme.Launcher@main] Found classpath entry '/C:/Users/raulm/.m2/repository/org/seleniumhq/selenium/selenium-ie-driver/3.141.59/selenium-ie-driver-3.141.59.jar' 
2022-07-01 15:36:48.795 DEBUG [acme.Launcher@main] Found classpath entry '/C:/Users/raulm/.m2/repository/org/seleniumhq/selenium/selenium-opera-driver/3.141.59/selenium-opera-driver-3.141.59.jar' 
2022-07-01 15:36:48.795 DEBUG [acme.Launcher@main] Found classpath entry '/C:/Users/raulm/.m2/repository/org/seleniumhq/selenium/selenium-remote-driver/3.141.59/selenium-remote-driver-3.141.59.jar' 
2022-07-01 15:36:48.796 DEBUG [acme.Launcher@main] Found classpath entry '/C:/Users/raulm/.m2/repository/org/seleniumhq/selenium/selenium-safari-driver/3.141.59/selenium-safari-driver-3.141.59.jar' 
2022-07-01 15:36:48.796 DEBUG [acme.Launcher@main] Found classpath entry '/C:/Users/raulm/.m2/repository/org/seleniumhq/selenium/selenium-support/3.141.59/selenium-support-3.141.59.jar' 
2022-07-01 15:36:48.796 DEBUG [acme.Launcher@main] Found classpath entry '/C:/Users/raulm/.m2/repository/net/bytebuddy/byte-buddy/1.10.19/byte-buddy-1.10.19.jar' 
2022-07-01 15:36:48.796 DEBUG [acme.Launcher@main] Found classpath entry '/C:/Users/raulm/.m2/repository/org/apache/commons/commons-exec/1.3/commons-exec-1.3.jar' 
2022-07-01 15:36:48.796 DEBUG [acme.Launcher@main] Found classpath entry '/C:/Users/raulm/.m2/repository/com/google/guava/guava/25.0-jre/guava-25.0-jre.jar' 
2022-07-01 15:36:48.796 DEBUG [acme.Launcher@main] Found classpath entry '/C:/Users/raulm/.m2/repository/com/google/code/findbugs/jsr305/1.3.9/jsr305-1.3.9.jar' 
2022-07-01 15:36:48.797 DEBUG [acme.Launcher@main] Found classpath entry '/C:/Users/raulm/.m2/repository/org/checkerframework/checker-compat-qual/2.0.0/checker-compat-qual-2.0.0.jar' 
2022-07-01 15:36:48.797 DEBUG [acme.Launcher@main] Found classpath entry '/C:/Users/raulm/.m2/repository/com/google/errorprone/error_prone_annotations/2.1.3/error_prone_annotations-2.1.3.jar' 
2022-07-01 15:36:48.797 DEBUG [acme.Launcher@main] Found classpath entry '/C:/Users/raulm/.m2/repository/com/google/j2objc/j2objc-annotations/1.1/j2objc-annotations-1.1.jar' 
2022-07-01 15:36:48.797 DEBUG [acme.Launcher@main] Found classpath entry '/C:/Users/raulm/.m2/repository/org/codehaus/mojo/animal-sniffer-annotations/1.14/animal-sniffer-annotations-1.14.jar' 
2022-07-01 15:36:48.797 DEBUG [acme.Launcher@main] Found classpath entry '/C:/Users/raulm/.m2/repository/com/squareup/okhttp3/okhttp/3.14.9/okhttp-3.14.9.jar' 
2022-07-01 15:36:48.797 DEBUG [acme.Launcher@main] Found classpath entry '/C:/Users/raulm/.m2/repository/com/squareup/okio/okio/1.14.0/okio-1.14.0.jar' 
2022-07-01 15:36:48.798 DEBUG [acme.Launcher@main] Found classpath entry '/C:/Users/raulm/.m2/repository/org/apache/commons/commons-lang3/3.11/commons-lang3-3.11.jar' 
2022-07-01 15:36:48.798 DEBUG [acme.Launcher@main] Found classpath entry '/C:/Users/raulm/.m2/repository/org/apache/commons/commons-text/1.8/commons-text-1.8.jar' 
2022-07-01 15:36:48.798 DEBUG [acme.Launcher@main] Found classpath entry '/C:/Users/raulm/.m2/repository/commons-io/commons-io/2.6/commons-io-2.6.jar' 
2022-07-01 15:36:48.798 DEBUG [acme.Launcher@main] Found classpath entry '/C:/Users/raulm/.m2/repository/commons-cli/commons-cli/1.4/commons-cli-1.4.jar' 
2022-07-01 15:36:48.798 DEBUG [acme.Launcher@main] Found classpath entry '/C:/Users/raulm/.m2/repository/org/projectlombok/lombok/1.18.16/lombok-1.18.16.jar' 
2022-07-01 15:36:48.798 DEBUG [acme.Launcher@main] Found classpath entry '/C:/Users/raulm/.m2/repository/com/opencsv/opencsv/5.4/opencsv-5.4.jar' 
2022-07-01 15:36:48.799 DEBUG [acme.Launcher@main] Found classpath entry '/C:/Users/raulm/.m2/repository/commons-beanutils/commons-beanutils/1.9.4/commons-beanutils-1.9.4.jar' 
2022-07-01 15:36:48.799 DEBUG [acme.Launcher@main] Found classpath entry '/C:/Users/raulm/.m2/repository/commons-logging/commons-logging/1.2/commons-logging-1.2.jar' 
2022-07-01 15:36:48.799 DEBUG [acme.Launcher@main] Found classpath entry '/C:/Users/raulm/.m2/repository/commons-collections/commons-collections/3.2.2/commons-collections-3.2.2.jar' 
2022-07-01 15:36:48.799 DEBUG [acme.Launcher@main] Found classpath entry '/C:/Users/raulm/.m2/repository/org/apache/commons/commons-collections4/4.4/commons-collections4-4.4.jar' 
2022-07-01 15:36:48.799 DEBUG [acme.Launcher@main] Found classpath entry '/C:/Users/raulm/Desktop/Workspace-22.0/Frameworks/Acme-Framework-22.0/target/classes/' 
2022-07-01 15:36:48.799 DEBUG [acme.Launcher@main] Found classpath entry '/C:/Users/raulm/Desktop/Workspace-22.0/Frameworks/Acme-Framework-22.0/target/test-classes/' 
2022-07-01 15:36:48.800 DEBUG [acme.Launcher@main] Found classpath entry '/C:/Users/raulm/Desktop/Workspace-22.0/Tools/IDEs/eclipse-jee-2021-12-R/configuration/org.eclipse.osgi/418/0/.cp/lib/javaagent-shaded.jar' 
2022-07-01 15:36:48.881 DEBUG [acme.Launcher@main] Found entity class 'acme.roles.Consumer 
2022-07-01 15:36:48.881 DEBUG [acme.Launcher@main] Found entity class 'acme.roles.Provider 
2022-07-01 15:36:48.882 DEBUG [acme.Launcher@main] Found entity class 'acme.framework.entities.UserAccount 
2022-07-01 15:36:48.882 DEBUG [acme.Launcher@main] Found entity class 'acme.framework.roles.Administrator 
2022-07-01 15:36:48.882 DEBUG [acme.Launcher@main] Found entity class 'acme.framework.roles.Anonymous 
2022-07-01 15:36:48.882 DEBUG [acme.Launcher@main] Found entity class 'acme.framework.roles.Authenticated 
2022-07-01 15:36:48.890 INFO  [acme.Launcher@main] Running application (Standalone) 
2022-07-01 15:37:04.739 DEBUG [acme.framework.components.tiles.DynamicTilesView@http-nio-8080-exec-3] View name 'fragments/welcome', model {} 
2022-07-01 15:37:04.753 ERROR [org.apache.catalina.core.ContainerBase.[Tomcat].[localhost].[/hello-world-22.0].[dispatcherServlet]@http-nio-8080-exec-3] Servlet.service() for servlet [dispatcherServlet] in context with path [/hello-world-22.0] threw exception [Handler processing failed; nested exception is java.lang.AssertionError: Couldn't locate view '/master'] with root cause at acme.framework.components.tiles.DynamicTilesView.renderMergedOutputModel(DynamicTilesView.java:171): Couldn't locate view '/master'
2022-07-01 15:37:04.764 DEBUG [acme.framework.components.tiles.DynamicTilesView@http-nio-8080-exec-3] View name 'master/panic', model {} 
2022-07-01 15:37:04.766 ERROR [org.apache.catalina.core.ContainerBase.[Tomcat].[localhost].[/hello-world-22.0].[dispatcherServlet]@http-nio-8080-exec-3] Servlet.service() for servlet [dispatcherServlet] threw exception at acme.framework.components.tiles.DynamicTilesView.renderMergedOutputModel(DynamicTilesView.java:171): Couldn't locate view '/master'
2022-07-01 15:37:04.767 ERROR [org.apache.catalina.core.ContainerBase.[Tomcat].[localhost]@http-nio-8080-exec-3] Exception Processing ErrorPage[errorCode=0, location=/master/panic] at org.springframework.web.servlet.DispatcherServlet.doDispatch(DispatcherServlet.java:1083): Handler processing failed; nested exception is java.lang.AssertionError: Couldn't locate view '/master'\nat acme.framework.components.tiles.DynamicTilesView.renderMergedOutputModel(DynamicTilesView.java:171): Couldn't locate view '/master'
2022-07-01 15:37:06.930 DEBUG [acme.framework.components.tiles.DynamicTilesView@http-nio-8080-exec-2] View name 'fragments/welcome', model {} 
2022-07-01 15:37:06.937 ERROR [org.apache.catalina.core.ContainerBase.[Tomcat].[localhost].[/hello-world-22.0].[dispatcherServlet]@http-nio-8080-exec-2] Servlet.service() for servlet [dispatcherServlet] in context with path [/hello-world-22.0] threw exception [Handler processing failed; nested exception is java.lang.AssertionError: Couldn't locate view '/master'] with root cause at acme.framework.components.tiles.DynamicTilesView.renderMergedOutputModel(DynamicTilesView.java:171): Couldn't locate view '/master'
2022-07-01 15:37:06.938 DEBUG [acme.framework.components.tiles.DynamicTilesView@http-nio-8080-exec-2] View name 'master/panic', model {} 
2022-07-01 15:37:06.941 ERROR [org.apache.catalina.core.ContainerBase.[Tomcat].[localhost].[/hello-world-22.0].[dispatcherServlet]@http-nio-8080-exec-2] Servlet.service() for servlet [dispatcherServlet] threw exception at acme.framework.components.tiles.DynamicTilesView.renderMergedOutputModel(DynamicTilesView.java:171): Couldn't locate view '/master'
2022-07-01 15:37:06.942 ERROR [org.apache.catalina.core.ContainerBase.[Tomcat].[localhost]@http-nio-8080-exec-2] Exception Processing ErrorPage[errorCode=0, location=/master/panic] at org.springframework.web.servlet.DispatcherServlet.doDispatch(DispatcherServlet.java:1083): Handler processing failed; nested exception is java.lang.AssertionError: Couldn't locate view '/master'\nat acme.framework.components.tiles.DynamicTilesView.renderMergedOutputModel(DynamicTilesView.java:171): Couldn't locate view '/master'
2022-07-01 15:37:07.357 DEBUG [acme.framework.components.tiles.DynamicTilesView@http-nio-8080-exec-7] View name 'fragments/welcome', model {} 
2022-07-01 15:37:07.360 ERROR [org.apache.catalina.core.ContainerBase.[Tomcat].[localhost].[/hello-world-22.0].[dispatcherServlet]@http-nio-8080-exec-7] Servlet.service() for servlet [dispatcherServlet] in context with path [/hello-world-22.0] threw exception [Handler processing failed; nested exception is java.lang.AssertionError: Couldn't locate view '/master'] with root cause at acme.framework.components.tiles.DynamicTilesView.renderMergedOutputModel(DynamicTilesView.java:171): Couldn't locate view '/master'
2022-07-01 15:37:07.361 DEBUG [acme.framework.components.tiles.DynamicTilesView@http-nio-8080-exec-7] View name 'master/panic', model {} 
2022-07-01 15:37:07.363 ERROR [org.apache.catalina.core.ContainerBase.[Tomcat].[localhost].[/hello-world-22.0].[dispatcherServlet]@http-nio-8080-exec-7] Servlet.service() for servlet [dispatcherServlet] threw exception at acme.framework.components.tiles.DynamicTilesView.renderMergedOutputModel(DynamicTilesView.java:171): Couldn't locate view '/master'
2022-07-01 15:37:07.363 ERROR [org.apache.catalina.core.ContainerBase.[Tomcat].[localhost]@http-nio-8080-exec-7] Exception Processing ErrorPage[errorCode=0, location=/master/panic] at org.springframework.web.servlet.DispatcherServlet.doDispatch(DispatcherServlet.java:1083): Handler processing failed; nested exception is java.lang.AssertionError: Couldn't locate view '/master'\nat acme.framework.components.tiles.DynamicTilesView.renderMergedOutputModel(DynamicTilesView.java:171): Couldn't locate view '/master'
2022-07-01 15:37:07.791 DEBUG [acme.framework.components.tiles.DynamicTilesView@http-nio-8080-exec-8] View name 'fragments/welcome', model {} 
2022-07-01 15:37:07.798 ERROR [org.apache.catalina.core.ContainerBase.[Tomcat].[localhost].[/hello-world-22.0].[dispatcherServlet]@http-nio-8080-exec-8] Servlet.service() for servlet [dispatcherServlet] in context with path [/hello-world-22.0] threw exception [Handler processing failed; nested exception is java.lang.AssertionError: Couldn't locate view '/master'] with root cause at acme.framework.components.tiles.DynamicTilesView.renderMergedOutputModel(DynamicTilesView.java:171): Couldn't locate view '/master'
2022-07-01 15:37:07.801 DEBUG [acme.framework.components.tiles.DynamicTilesView@http-nio-8080-exec-8] View name 'master/panic', model {} 
2022-07-01 15:37:07.808 ERROR [org.apache.catalina.core.ContainerBase.[Tomcat].[localhost].[/hello-world-22.0].[dispatcherServlet]@http-nio-8080-exec-8] Servlet.service() for servlet [dispatcherServlet] threw exception at acme.framework.components.tiles.DynamicTilesView.renderMergedOutputModel(DynamicTilesView.java:171): Couldn't locate view '/master'
2022-07-01 15:37:07.810 ERROR [org.apache.catalina.core.ContainerBase.[Tomcat].[localhost]@http-nio-8080-exec-8] Exception Processing ErrorPage[errorCode=0, location=/master/panic] at org.springframework.web.servlet.DispatcherServlet.doDispatch(DispatcherServlet.java:1083): Handler processing failed; nested exception is java.lang.AssertionError: Couldn't locate view '/master'\nat acme.framework.components.tiles.DynamicTilesView.renderMergedOutputModel(DynamicTilesView.java:171): Couldn't locate view '/master'
2022-07-01 15:37:08.102 DEBUG [acme.framework.components.tiles.DynamicTilesView@http-nio-8080-exec-1] View name 'fragments/welcome', model {} 
2022-07-01 15:37:08.107 ERROR [org.apache.catalina.core.ContainerBase.[Tomcat].[localhost].[/hello-world-22.0].[dispatcherServlet]@http-nio-8080-exec-1] Servlet.service() for servlet [dispatcherServlet] in context with path [/hello-world-22.0] threw exception [Handler processing failed; nested exception is java.lang.AssertionError: Couldn't locate view '/master'] with root cause at acme.framework.components.tiles.DynamicTilesView.renderMergedOutputModel(DynamicTilesView.java:171): Couldn't locate view '/master'
2022-07-01 15:37:08.109 DEBUG [acme.framework.components.tiles.DynamicTilesView@http-nio-8080-exec-1] View name 'master/panic', model {} 
2022-07-01 15:37:08.111 ERROR [org.apache.catalina.core.ContainerBase.[Tomcat].[localhost].[/hello-world-22.0].[dispatcherServlet]@http-nio-8080-exec-1] Servlet.service() for servlet [dispatcherServlet] threw exception at acme.framework.components.tiles.DynamicTilesView.renderMergedOutputModel(DynamicTilesView.java:171): Couldn't locate view '/master'
2022-07-01 15:37:08.112 ERROR [org.apache.catalina.core.ContainerBase.[Tomcat].[localhost]@http-nio-8080-exec-1] Exception Processing ErrorPage[errorCode=0, location=/master/panic] at org.springframework.web.servlet.DispatcherServlet.doDispatch(DispatcherServlet.java:1083): Handler processing failed; nested exception is java.lang.AssertionError: Couldn't locate view '/master'\nat acme.framework.components.tiles.DynamicTilesView.renderMergedOutputModel(DynamicTilesView.java:171): Couldn't locate view '/master'
2022-07-01 15:37:08.297 DEBUG [acme.framework.components.tiles.DynamicTilesView@http-nio-8080-exec-3] View name 'fragments/welcome', model {} 
2022-07-01 15:37:08.300 ERROR [org.apache.catalina.core.ContainerBase.[Tomcat].[localhost].[/hello-world-22.0].[dispatcherServlet]@http-nio-8080-exec-3] Servlet.service() for servlet [dispatcherServlet] in context with path [/hello-world-22.0] threw exception [Handler processing failed; nested exception is java.lang.AssertionError: Couldn't locate view '/master'] with root cause at acme.framework.components.tiles.DynamicTilesView.renderMergedOutputModel(DynamicTilesView.java:171): Couldn't locate view '/master'
2022-07-01 15:37:08.301 DEBUG [acme.framework.components.tiles.DynamicTilesView@http-nio-8080-exec-3] View name 'master/panic', model {} 
2022-07-01 15:37:08.304 ERROR [org.apache.catalina.core.ContainerBase.[Tomcat].[localhost].[/hello-world-22.0].[dispatcherServlet]@http-nio-8080-exec-3] Servlet.service() for servlet [dispatcherServlet] threw exception at acme.framework.components.tiles.DynamicTilesView.renderMergedOutputModel(DynamicTilesView.java:171): Couldn't locate view '/master'
2022-07-01 15:37:08.306 ERROR [org.apache.catalina.core.ContainerBase.[Tomcat].[localhost]@http-nio-8080-exec-3] Exception Processing ErrorPage[errorCode=0, location=/master/panic] at org.springframework.web.servlet.DispatcherServlet.doDispatch(DispatcherServlet.java:1083): Handler processing failed; nested exception is java.lang.AssertionError: Couldn't locate view '/master'\nat acme.framework.components.tiles.DynamicTilesView.renderMergedOutputModel(DynamicTilesView.java:171): Couldn't locate view '/master'
2022-07-01 15:37:08.479 DEBUG [acme.framework.components.tiles.DynamicTilesView@http-nio-8080-exec-2] View name 'fragments/welcome', model {} 
2022-07-01 15:37:08.485 ERROR [org.apache.catalina.core.ContainerBase.[Tomcat].[localhost].[/hello-world-22.0].[dispatcherServlet]@http-nio-8080-exec-2] Servlet.service() for servlet [dispatcherServlet] in context with path [/hello-world-22.0] threw exception [Handler processing failed; nested exception is java.lang.AssertionError: Couldn't locate view '/master'] with root cause at acme.framework.components.tiles.DynamicTilesView.renderMergedOutputModel(DynamicTilesView.java:171): Couldn't locate view '/master'
2022-07-01 15:37:08.489 DEBUG [acme.framework.components.tiles.DynamicTilesView@http-nio-8080-exec-2] View name 'master/panic', model {} 
2022-07-01 15:37:08.494 ERROR [org.apache.catalina.core.ContainerBase.[Tomcat].[localhost].[/hello-world-22.0].[dispatcherServlet]@http-nio-8080-exec-2] Servlet.service() for servlet [dispatcherServlet] threw exception at acme.framework.components.tiles.DynamicTilesView.renderMergedOutputModel(DynamicTilesView.java:171): Couldn't locate view '/master'
2022-07-01 15:37:08.496 ERROR [org.apache.catalina.core.ContainerBase.[Tomcat].[localhost]@http-nio-8080-exec-2] Exception Processing ErrorPage[errorCode=0, location=/master/panic] at org.springframework.web.servlet.DispatcherServlet.doDispatch(DispatcherServlet.java:1083): Handler processing failed; nested exception is java.lang.AssertionError: Couldn't locate view '/master'\nat acme.framework.components.tiles.DynamicTilesView.renderMergedOutputModel(DynamicTilesView.java:171): Couldn't locate view '/master'
2022-07-01 15:37:08.618 DEBUG [acme.framework.components.tiles.DynamicTilesView@http-nio-8080-exec-7] View name 'fragments/welcome', model {} 
2022-07-01 15:37:08.620 ERROR [org.apache.catalina.core.ContainerBase.[Tomcat].[localhost].[/hello-world-22.0].[dispatcherServlet]@http-nio-8080-exec-7] Servlet.service() for servlet [dispatcherServlet] in context with path [/hello-world-22.0] threw exception [Handler processing failed; nested exception is java.lang.AssertionError: Couldn't locate view '/master'] with root cause at acme.framework.components.tiles.DynamicTilesView.renderMergedOutputModel(DynamicTilesView.java:171): Couldn't locate view '/master'
2022-07-01 15:37:08.622 DEBUG [acme.framework.components.tiles.DynamicTilesView@http-nio-8080-exec-7] View name 'master/panic', model {} 
2022-07-01 15:37:08.625 ERROR [org.apache.catalina.core.ContainerBase.[Tomcat].[localhost].[/hello-world-22.0].[dispatcherServlet]@http-nio-8080-exec-7] Servlet.service() for servlet [dispatcherServlet] threw exception at acme.framework.components.tiles.DynamicTilesView.renderMergedOutputModel(DynamicTilesView.java:171): Couldn't locate view '/master'
2022-07-01 15:37:08.625 ERROR [org.apache.catalina.core.ContainerBase.[Tomcat].[localhost]@http-nio-8080-exec-7] Exception Processing ErrorPage[errorCode=0, location=/master/panic] at org.springframework.web.servlet.DispatcherServlet.doDispatch(DispatcherServlet.java:1083): Handler processing failed; nested exception is java.lang.AssertionError: Couldn't locate view '/master'\nat acme.framework.components.tiles.DynamicTilesView.renderMergedOutputModel(DynamicTilesView.java:171): Couldn't locate view '/master'
2022-07-01 15:37:08.789 DEBUG [acme.framework.components.tiles.DynamicTilesView@http-nio-8080-exec-8] View name 'fragments/welcome', model {} 
2022-07-01 15:37:08.791 ERROR [org.apache.catalina.core.ContainerBase.[Tomcat].[localhost].[/hello-world-22.0].[dispatcherServlet]@http-nio-8080-exec-8] Servlet.service() for servlet [dispatcherServlet] in context with path [/hello-world-22.0] threw exception [Handler processing failed; nested exception is java.lang.AssertionError: Couldn't locate view '/master'] with root cause at acme.framework.components.tiles.DynamicTilesView.renderMergedOutputModel(DynamicTilesView.java:171): Couldn't locate view '/master'
2022-07-01 15:37:08.792 DEBUG [acme.framework.components.tiles.DynamicTilesView@http-nio-8080-exec-8] View name 'master/panic', model {} 
2022-07-01 15:37:08.793 ERROR [org.apache.catalina.core.ContainerBase.[Tomcat].[localhost].[/hello-world-22.0].[dispatcherServlet]@http-nio-8080-exec-8] Servlet.service() for servlet [dispatcherServlet] threw exception at acme.framework.components.tiles.DynamicTilesView.renderMergedOutputModel(DynamicTilesView.java:171): Couldn't locate view '/master'
2022-07-01 15:37:08.794 ERROR [org.apache.catalina.core.ContainerBase.[Tomcat].[localhost]@http-nio-8080-exec-8] Exception Processing ErrorPage[errorCode=0, location=/master/panic] at org.springframework.web.servlet.DispatcherServlet.doDispatch(DispatcherServlet.java:1083): Handler processing failed; nested exception is java.lang.AssertionError: Couldn't locate view '/master'\nat acme.framework.components.tiles.DynamicTilesView.renderMergedOutputModel(DynamicTilesView.java:171): Couldn't locate view '/master'
2022-07-01 15:37:08.949 DEBUG [acme.framework.components.tiles.DynamicTilesView@http-nio-8080-exec-1] View name 'fragments/welcome', model {} 
2022-07-01 15:37:08.951 ERROR [org.apache.catalina.core.ContainerBase.[Tomcat].[localhost].[/hello-world-22.0].[dispatcherServlet]@http-nio-8080-exec-1] Servlet.service() for servlet [dispatcherServlet] in context with path [/hello-world-22.0] threw exception [Handler processing failed; nested exception is java.lang.AssertionError: Couldn't locate view '/master'] with root cause at acme.framework.components.tiles.DynamicTilesView.renderMergedOutputModel(DynamicTilesView.java:171): Couldn't locate view '/master'
2022-07-01 15:37:08.951 DEBUG [acme.framework.components.tiles.DynamicTilesView@http-nio-8080-exec-1] View name 'master/panic', model {} 
2022-07-01 15:37:08.953 ERROR [org.apache.catalina.core.ContainerBase.[Tomcat].[localhost].[/hello-world-22.0].[dispatcherServlet]@http-nio-8080-exec-1] Servlet.service() for servlet [dispatcherServlet] threw exception at acme.framework.components.tiles.DynamicTilesView.renderMergedOutputModel(DynamicTilesView.java:171): Couldn't locate view '/master'
2022-07-01 15:37:08.954 ERROR [org.apache.catalina.core.ContainerBase.[Tomcat].[localhost]@http-nio-8080-exec-1] Exception Processing ErrorPage[errorCode=0, location=/master/panic] at org.springframework.web.servlet.DispatcherServlet.doDispatch(DispatcherServlet.java:1083): Handler processing failed; nested exception is java.lang.AssertionError: Couldn't locate view '/master'\nat acme.framework.components.tiles.DynamicTilesView.renderMergedOutputModel(DynamicTilesView.java:171): Couldn't locate view '/master'
2022-07-01 15:37:09.130 DEBUG [acme.framework.components.tiles.DynamicTilesView@http-nio-8080-exec-3] View name 'fragments/welcome', model {} 
2022-07-01 15:37:09.133 ERROR [org.apache.catalina.core.ContainerBase.[Tomcat].[localhost].[/hello-world-22.0].[dispatcherServlet]@http-nio-8080-exec-3] Servlet.service() for servlet [dispatcherServlet] in context with path [/hello-world-22.0] threw exception [Handler processing failed; nested exception is java.lang.AssertionError: Couldn't locate view '/master'] with root cause at acme.framework.components.tiles.DynamicTilesView.renderMergedOutputModel(DynamicTilesView.java:171): Couldn't locate view '/master'
2022-07-01 15:37:09.133 DEBUG [acme.framework.components.tiles.DynamicTilesView@http-nio-8080-exec-3] View name 'master/panic', model {} 
2022-07-01 15:37:09.136 ERROR [org.apache.catalina.core.ContainerBase.[Tomcat].[localhost].[/hello-world-22.0].[dispatcherServlet]@http-nio-8080-exec-3] Servlet.service() for servlet [dispatcherServlet] threw exception at acme.framework.components.tiles.DynamicTilesView.renderMergedOutputModel(DynamicTilesView.java:171): Couldn't locate view '/master'
2022-07-01 15:37:09.137 ERROR [org.apache.catalina.core.ContainerBase.[Tomcat].[localhost]@http-nio-8080-exec-3] Exception Processing ErrorPage[errorCode=0, location=/master/panic] at org.springframework.web.servlet.DispatcherServlet.doDispatch(DispatcherServlet.java:1083): Handler processing failed; nested exception is java.lang.AssertionError: Couldn't locate view '/master'\nat acme.framework.components.tiles.DynamicTilesView.renderMergedOutputModel(DynamicTilesView.java:171): Couldn't locate view '/master'
2022-07-01 15:37:09.280 DEBUG [acme.framework.components.tiles.DynamicTilesView@http-nio-8080-exec-2] View name 'fragments/welcome', model {} 
2022-07-01 15:37:09.283 ERROR [org.apache.catalina.core.ContainerBase.[Tomcat].[localhost].[/hello-world-22.0].[dispatcherServlet]@http-nio-8080-exec-2] Servlet.service() for servlet [dispatcherServlet] in context with path [/hello-world-22.0] threw exception [Handler processing failed; nested exception is java.lang.AssertionError: Couldn't locate view '/master'] with root cause at acme.framework.components.tiles.DynamicTilesView.renderMergedOutputModel(DynamicTilesView.java:171): Couldn't locate view '/master'
2022-07-01 15:37:09.285 DEBUG [acme.framework.components.tiles.DynamicTilesView@http-nio-8080-exec-2] View name 'master/panic', model {} 
2022-07-01 15:37:09.291 ERROR [org.apache.catalina.core.ContainerBase.[Tomcat].[localhost].[/hello-world-22.0].[dispatcherServlet]@http-nio-8080-exec-2] Servlet.service() for servlet [dispatcherServlet] threw exception at acme.framework.components.tiles.DynamicTilesView.renderMergedOutputModel(DynamicTilesView.java:171): Couldn't locate view '/master'
2022-07-01 15:37:09.293 ERROR [org.apache.catalina.core.ContainerBase.[Tomcat].[localhost]@http-nio-8080-exec-2] Exception Processing ErrorPage[errorCode=0, location=/master/panic] at org.springframework.web.servlet.DispatcherServlet.doDispatch(DispatcherServlet.java:1083): Handler processing failed; nested exception is java.lang.AssertionError: Couldn't locate view '/master'\nat acme.framework.components.tiles.DynamicTilesView.renderMergedOutputModel(DynamicTilesView.java:171): Couldn't locate view '/master'
2022-07-01 15:37:09.451 DEBUG [acme.framework.components.tiles.DynamicTilesView@http-nio-8080-exec-7] View name 'fragments/welcome', model {} 
2022-07-01 15:37:09.457 ERROR [org.apache.catalina.core.ContainerBase.[Tomcat].[localhost].[/hello-world-22.0].[dispatcherServlet]@http-nio-8080-exec-7] Servlet.service() for servlet [dispatcherServlet] in context with path [/hello-world-22.0] threw exception [Handler processing failed; nested exception is java.lang.AssertionError: Couldn't locate view '/master'] with root cause at acme.framework.components.tiles.DynamicTilesView.renderMergedOutputModel(DynamicTilesView.java:171): Couldn't locate view '/master'
2022-07-01 15:37:09.458 DEBUG [acme.framework.components.tiles.DynamicTilesView@http-nio-8080-exec-7] View name 'master/panic', model {} 
2022-07-01 15:37:09.462 ERROR [org.apache.catalina.core.ContainerBase.[Tomcat].[localhost].[/hello-world-22.0].[dispatcherServlet]@http-nio-8080-exec-7] Servlet.service() for servlet [dispatcherServlet] threw exception at acme.framework.components.tiles.DynamicTilesView.renderMergedOutputModel(DynamicTilesView.java:171): Couldn't locate view '/master'
2022-07-01 15:37:09.462 ERROR [org.apache.catalina.core.ContainerBase.[Tomcat].[localhost]@http-nio-8080-exec-7] Exception Processing ErrorPage[errorCode=0, location=/master/panic] at org.springframework.web.servlet.DispatcherServlet.doDispatch(DispatcherServlet.java:1083): Handler processing failed; nested exception is java.lang.AssertionError: Couldn't locate view '/master'\nat acme.framework.components.tiles.DynamicTilesView.renderMergedOutputModel(DynamicTilesView.java:171): Couldn't locate view '/master'
2022-07-01 15:37:09.654 DEBUG [acme.framework.components.tiles.DynamicTilesView@http-nio-8080-exec-8] View name 'fragments/welcome', model {} 
2022-07-01 15:37:09.661 ERROR [org.apache.catalina.core.ContainerBase.[Tomcat].[localhost].[/hello-world-22.0].[dispatcherServlet]@http-nio-8080-exec-8] Servlet.service() for servlet [dispatcherServlet] in context with path [/hello-world-22.0] threw exception [Handler processing failed; nested exception is java.lang.AssertionError: Couldn't locate view '/master'] with root cause at acme.framework.components.tiles.DynamicTilesView.renderMergedOutputModel(DynamicTilesView.java:171): Couldn't locate view '/master'
2022-07-01 15:37:09.663 DEBUG [acme.framework.components.tiles.DynamicTilesView@http-nio-8080-exec-8] View name 'master/panic', model {} 
2022-07-01 15:37:09.667 ERROR [org.apache.catalina.core.ContainerBase.[Tomcat].[localhost].[/hello-world-22.0].[dispatcherServlet]@http-nio-8080-exec-8] Servlet.service() for servlet [dispatcherServlet] threw exception at acme.framework.components.tiles.DynamicTilesView.renderMergedOutputModel(DynamicTilesView.java:171): Couldn't locate view '/master'
2022-07-01 15:37:09.668 ERROR [org.apache.catalina.core.ContainerBase.[Tomcat].[localhost]@http-nio-8080-exec-8] Exception Processing ErrorPage[errorCode=0, location=/master/panic] at org.springframework.web.servlet.DispatcherServlet.doDispatch(DispatcherServlet.java:1083): Handler processing failed; nested exception is java.lang.AssertionError: Couldn't locate view '/master'\nat acme.framework.components.tiles.DynamicTilesView.renderMergedOutputModel(DynamicTilesView.java:171): Couldn't locate view '/master'
2022-07-01 15:37:10.215 DEBUG [acme.framework.components.tiles.DynamicTilesView@http-nio-8080-exec-1] View name 'fragments/welcome', model {} 
2022-07-01 15:37:10.222 ERROR [org.apache.catalina.core.ContainerBase.[Tomcat].[localhost].[/hello-world-22.0].[dispatcherServlet]@http-nio-8080-exec-1] Servlet.service() for servlet [dispatcherServlet] in context with path [/hello-world-22.0] threw exception [Handler processing failed; nested exception is java.lang.AssertionError: Couldn't locate view '/master'] with root cause at acme.framework.components.tiles.DynamicTilesView.renderMergedOutputModel(DynamicTilesView.java:171): Couldn't locate view '/master'
2022-07-01 15:37:10.225 DEBUG [acme.framework.components.tiles.DynamicTilesView@http-nio-8080-exec-1] View name 'master/panic', model {} 
2022-07-01 15:37:10.231 ERROR [org.apache.catalina.core.ContainerBase.[Tomcat].[localhost].[/hello-world-22.0].[dispatcherServlet]@http-nio-8080-exec-1] Servlet.service() for servlet [dispatcherServlet] threw exception at acme.framework.components.tiles.DynamicTilesView.renderMergedOutputModel(DynamicTilesView.java:171): Couldn't locate view '/master'
2022-07-01 15:37:10.233 ERROR [org.apache.catalina.core.ContainerBase.[Tomcat].[localhost]@http-nio-8080-exec-1] Exception Processing ErrorPage[errorCode=0, location=/master/panic] at org.springframework.web.servlet.DispatcherServlet.doDispatch(DispatcherServlet.java:1083): Handler processing failed; nested exception is java.lang.AssertionError: Couldn't locate view '/master'\nat acme.framework.components.tiles.DynamicTilesView.renderMergedOutputModel(DynamicTilesView.java:171): Couldn't locate view '/master'
2022-07-01 15:37:10.594 DEBUG [acme.framework.components.tiles.DynamicTilesView@http-nio-8080-exec-3] View name 'fragments/welcome', model {} 
2022-07-01 15:37:10.598 ERROR [org.apache.catalina.core.ContainerBase.[Tomcat].[localhost].[/hello-world-22.0].[dispatcherServlet]@http-nio-8080-exec-3] Servlet.service() for servlet [dispatcherServlet] in context with path [/hello-world-22.0] threw exception [Handler processing failed; nested exception is java.lang.AssertionError: Couldn't locate view '/master'] with root cause at acme.framework.components.tiles.DynamicTilesView.renderMergedOutputModel(DynamicTilesView.java:171): Couldn't locate view '/master'
2022-07-01 15:37:10.601 DEBUG [acme.framework.components.tiles.DynamicTilesView@http-nio-8080-exec-3] View name 'master/panic', model {} 
2022-07-01 15:37:10.604 ERROR [org.apache.catalina.core.ContainerBase.[Tomcat].[localhost].[/hello-world-22.0].[dispatcherServlet]@http-nio-8080-exec-3] Servlet.service() for servlet [dispatcherServlet] threw exception at acme.framework.components.tiles.DynamicTilesView.renderMergedOutputModel(DynamicTilesView.java:171): Couldn't locate view '/master'
2022-07-01 15:37:10.605 ERROR [org.apache.catalina.core.ContainerBase.[Tomcat].[localhost]@http-nio-8080-exec-3] Exception Processing ErrorPage[errorCode=0, location=/master/panic] at org.springframework.web.servlet.DispatcherServlet.doDispatch(DispatcherServlet.java:1083): Handler processing failed; nested exception is java.lang.AssertionError: Couldn't locate view '/master'\nat acme.framework.components.tiles.DynamicTilesView.renderMergedOutputModel(DynamicTilesView.java:171): Couldn't locate view '/master'
2022-07-01 15:37:40.190 DEBUG [acme.framework.components.tiles.DynamicTilesView@http-nio-8080-exec-7] View name 'fragments/welcome', model {} 
2022-07-01 15:37:40.192 ERROR [org.apache.catalina.core.ContainerBase.[Tomcat].[localhost].[/hello-world-22.0].[dispatcherServlet]@http-nio-8080-exec-7] Servlet.service() for servlet [dispatcherServlet] in context with path [/hello-world-22.0] threw exception [Handler processing failed; nested exception is java.lang.AssertionError: Couldn't locate view '/master'] with root cause at acme.framework.components.tiles.DynamicTilesView.renderMergedOutputModel(DynamicTilesView.java:171): Couldn't locate view '/master'
2022-07-01 15:37:40.193 DEBUG [acme.framework.components.tiles.DynamicTilesView@http-nio-8080-exec-7] View name 'master/panic', model {} 
2022-07-01 15:37:40.195 ERROR [org.apache.catalina.core.ContainerBase.[Tomcat].[localhost].[/hello-world-22.0].[dispatcherServlet]@http-nio-8080-exec-7] Servlet.service() for servlet [dispatcherServlet] threw exception at acme.framework.components.tiles.DynamicTilesView.renderMergedOutputModel(DynamicTilesView.java:171): Couldn't locate view '/master'
2022-07-01 15:37:40.195 ERROR [org.apache.catalina.core.ContainerBase.[Tomcat].[localhost]@http-nio-8080-exec-7] Exception Processing ErrorPage[errorCode=0, location=/master/panic] at org.springframework.web.servlet.DispatcherServlet.doDispatch(DispatcherServlet.java:1083): Handler processing failed; nested exception is java.lang.AssertionError: Couldn't locate view '/master'\nat acme.framework.components.tiles.DynamicTilesView.renderMergedOutputModel(DynamicTilesView.java:171): Couldn't locate view '/master'
2022-07-01 15:37:43.136 DEBUG [acme.framework.components.tiles.DynamicTilesView@http-nio-8080-exec-9] View name 'fragments/welcome', model {} 
2022-07-01 15:37:43.138 ERROR [org.apache.catalina.core.ContainerBase.[Tomcat].[localhost].[/hello-world-22.0].[dispatcherServlet]@http-nio-8080-exec-9] Servlet.service() for servlet [dispatcherServlet] in context with path [/hello-world-22.0] threw exception [Handler processing failed; nested exception is java.lang.AssertionError: Couldn't locate view '/master'] with root cause at acme.framework.components.tiles.DynamicTilesView.renderMergedOutputModel(DynamicTilesView.java:171): Couldn't locate view '/master'
2022-07-01 15:37:43.139 DEBUG [acme.framework.components.tiles.DynamicTilesView@http-nio-8080-exec-9] View name 'master/panic', model {} 
2022-07-01 15:37:43.141 ERROR [org.apache.catalina.core.ContainerBase.[Tomcat].[localhost].[/hello-world-22.0].[dispatcherServlet]@http-nio-8080-exec-9] Servlet.service() for servlet [dispatcherServlet] threw exception at acme.framework.components.tiles.DynamicTilesView.renderMergedOutputModel(DynamicTilesView.java:171): Couldn't locate view '/master'
2022-07-01 15:37:43.142 ERROR [org.apache.catalina.core.ContainerBase.[Tomcat].[localhost]@http-nio-8080-exec-9] Exception Processing ErrorPage[errorCode=0, location=/master/panic] at org.springframework.web.servlet.DispatcherServlet.doDispatch(DispatcherServlet.java:1083): Handler processing failed; nested exception is java.lang.AssertionError: Couldn't locate view '/master'\nat acme.framework.components.tiles.DynamicTilesView.renderMergedOutputModel(DynamicTilesView.java:171): Couldn't locate view '/master'
2022-07-01 15:37:46.111 DEBUG [acme.framework.components.tiles.DynamicTilesView@http-nio-8080-exec-1] View name 'fragments/welcome', model {} 
2022-07-01 15:37:46.113 ERROR [org.apache.catalina.core.ContainerBase.[Tomcat].[localhost].[/hello-world-22.0].[dispatcherServlet]@http-nio-8080-exec-1] Servlet.service() for servlet [dispatcherServlet] in context with path [/hello-world-22.0] threw exception [Handler processing failed; nested exception is java.lang.AssertionError: Couldn't locate view '/master'] with root cause at acme.framework.components.tiles.DynamicTilesView.renderMergedOutputModel(DynamicTilesView.java:171): Couldn't locate view '/master'
2022-07-01 15:37:46.114 DEBUG [acme.framework.components.tiles.DynamicTilesView@http-nio-8080-exec-1] View name 'master/panic', model {} 
2022-07-01 15:37:46.115 ERROR [org.apache.catalina.core.ContainerBase.[Tomcat].[localhost].[/hello-world-22.0].[dispatcherServlet]@http-nio-8080-exec-1] Servlet.service() for servlet [dispatcherServlet] threw exception at acme.framework.components.tiles.DynamicTilesView.renderMergedOutputModel(DynamicTilesView.java:171): Couldn't locate view '/master'
2022-07-01 15:37:46.116 ERROR [org.apache.catalina.core.ContainerBase.[Tomcat].[localhost]@http-nio-8080-exec-1] Exception Processing ErrorPage[errorCode=0, location=/master/panic] at org.springframework.web.servlet.DispatcherServlet.doDispatch(DispatcherServlet.java:1083): Handler processing failed; nested exception is java.lang.AssertionError: Couldn't locate view '/master'\nat acme.framework.components.tiles.DynamicTilesView.renderMergedOutputModel(DynamicTilesView.java:171): Couldn't locate view '/master'
2022-07-01 15:37:49.035 DEBUG [acme.framework.components.tiles.DynamicTilesView@http-nio-8080-exec-4] View name 'fragments/welcome', model {} 
2022-07-01 15:37:49.037 ERROR [org.apache.catalina.core.ContainerBase.[Tomcat].[localhost].[/hello-world-22.0].[dispatcherServlet]@http-nio-8080-exec-4] Servlet.service() for servlet [dispatcherServlet] in context with path [/hello-world-22.0] threw exception [Handler processing failed; nested exception is java.lang.AssertionError: Couldn't locate view '/master'] with root cause at acme.framework.components.tiles.DynamicTilesView.renderMergedOutputModel(DynamicTilesView.java:171): Couldn't locate view '/master'
2022-07-01 15:37:49.038 DEBUG [acme.framework.components.tiles.DynamicTilesView@http-nio-8080-exec-4] View name 'master/panic', model {} 
2022-07-01 15:37:49.040 ERROR [org.apache.catalina.core.ContainerBase.[Tomcat].[localhost].[/hello-world-22.0].[dispatcherServlet]@http-nio-8080-exec-4] Servlet.service() for servlet [dispatcherServlet] threw exception at acme.framework.components.tiles.DynamicTilesView.renderMergedOutputModel(DynamicTilesView.java:171): Couldn't locate view '/master'
2022-07-01 15:37:49.040 ERROR [org.apache.catalina.core.ContainerBase.[Tomcat].[localhost]@http-nio-8080-exec-4] Exception Processing ErrorPage[errorCode=0, location=/master/panic] at org.springframework.web.servlet.DispatcherServlet.doDispatch(DispatcherServlet.java:1083): Handler processing failed; nested exception is java.lang.AssertionError: Couldn't locate view '/master'\nat acme.framework.components.tiles.DynamicTilesView.renderMergedOutputModel(DynamicTilesView.java:171): Couldn't locate view '/master'
