2022-07-03 19:58:45.369 INFO  [acme.Launcher@main] Starting Launcher using Java 1.8.0_281 on Duketo with PID 9540 (C:\Users\raulm\Desktop\Workspace-22.0\Frameworks\Acme-Framework-22.1\target\classes started by raulm in C:\Users\raulm\Desktop\Workspace-22.0\Projects\Acme-Recipes) 
2022-07-03 19:58:45.370 DEBUG [acme.Launcher@main] Running with Spring Boot v2.4.2, Spring v5.3.3 
2022-07-03 19:58:45.372 INFO  [acme.Launcher@main] The following profiles are active: development,default 
2022-07-03 19:58:48.718 DEBUG [org.apache.jasper.servlet.JasperInitializer@main] Initializing Jasper for context [application] 
2022-07-03 19:58:55.008 DEBUG [org.apache.jasper.servlet.JspServlet@main] Scratch dir for the JSP engine is: [C:\Users\raulm\AppData\Local\Temp\tomcat.8080.1654388154810444316\work\Tomcat\localhost\acme-recipes-22.8] 
2022-07-03 19:58:55.010 DEBUG [org.apache.jasper.servlet.JspServlet@main] IMPORTANT: Do not modify the generated servlets 
2022-07-03 19:58:55.032 INFO  [acme.Launcher@main] Started Launcher in 10.592 seconds (JVM running for 11.671) 
2022-07-03 19:58:55.044 DEBUG [acme.Launcher@main] Found classpath entry '/C:/Users/raulm/Desktop/Workspace-22.0/Projects/Acme-Recipes/target/classes/' 
2022-07-03 19:58:55.044 DEBUG [acme.Launcher@main] Found classpath entry '/C:/Users/raulm/Desktop/Workspace-22.0/Projects/Acme-Recipes/target/test-classes/' 
2022-07-03 19:58:55.045 DEBUG [acme.Launcher@main] Found classpath entry '/C:/Users/raulm/.m2/repository/org/springframework/boot/spring-boot-starter-tomcat/2.4.2/spring-boot-starter-tomcat-2.4.2.jar' 
2022-07-03 19:58:55.046 DEBUG [acme.Launcher@main] Found classpath entry '/C:/Users/raulm/.m2/repository/jakarta/annotation/jakarta.annotation-api/1.3.5/jakarta.annotation-api-1.3.5.jar' 
2022-07-03 19:58:55.047 DEBUG [acme.Launcher@main] Found classpath entry '/C:/Users/raulm/.m2/repository/org/apache/tomcat/embed/tomcat-embed-core/9.0.41/tomcat-embed-core-9.0.41.jar' 
2022-07-03 19:58:55.047 DEBUG [acme.Launcher@main] Found classpath entry '/C:/Users/raulm/.m2/repository/org/glassfish/jakarta.el/3.0.3/jakarta.el-3.0.3.jar' 
2022-07-03 19:58:55.048 DEBUG [acme.Launcher@main] Found classpath entry '/C:/Users/raulm/.m2/repository/org/apache/tomcat/embed/tomcat-embed-websocket/9.0.41/tomcat-embed-websocket-9.0.41.jar' 
2022-07-03 19:58:55.049 DEBUG [acme.Launcher@main] Found classpath entry '/C:/Users/raulm/.m2/repository/org/apache/tomcat/embed/tomcat-embed-jasper/9.0.41/tomcat-embed-jasper-9.0.41.jar' 
2022-07-03 19:58:55.050 DEBUG [acme.Launcher@main] Found classpath entry '/C:/Users/raulm/.m2/repository/org/apache/tomcat/embed/tomcat-embed-el/9.0.41/tomcat-embed-el-9.0.41.jar' 
2022-07-03 19:58:55.050 DEBUG [acme.Launcher@main] Found classpath entry '/C:/Users/raulm/.m2/repository/org/eclipse/jdt/ecj/3.18.0/ecj-3.18.0.jar' 
2022-07-03 19:58:55.051 DEBUG [acme.Launcher@main] Found classpath entry '/C:/Users/raulm/.m2/repository/javax/servlet/jstl/1.2/jstl-1.2.jar' 
2022-07-03 19:58:55.051 DEBUG [acme.Launcher@main] Found classpath entry '/C:/Users/raulm/.m2/repository/org/springframework/boot/spring-boot-starter-test/2.4.2/spring-boot-starter-test-2.4.2.jar' 
2022-07-03 19:58:55.052 DEBUG [acme.Launcher@main] Found classpath entry '/C:/Users/raulm/.m2/repository/org/springframework/boot/spring-boot-starter/2.4.2/spring-boot-starter-2.4.2.jar' 
2022-07-03 19:58:55.052 DEBUG [acme.Launcher@main] Found classpath entry '/C:/Users/raulm/.m2/repository/org/springframework/boot/spring-boot/2.4.2/spring-boot-2.4.2.jar' 
2022-07-03 19:58:55.053 DEBUG [acme.Launcher@main] Found classpath entry '/C:/Users/raulm/.m2/repository/org/springframework/boot/spring-boot-autoconfigure/2.4.2/spring-boot-autoconfigure-2.4.2.jar' 
2022-07-03 19:58:55.053 DEBUG [acme.Launcher@main] Found classpath entry '/C:/Users/raulm/.m2/repository/org/springframework/boot/spring-boot-starter-logging/2.4.2/spring-boot-starter-logging-2.4.2.jar' 
2022-07-03 19:58:55.054 DEBUG [acme.Launcher@main] Found classpath entry '/C:/Users/raulm/.m2/repository/ch/qos/logback/logback-classic/1.2.3/logback-classic-1.2.3.jar' 
2022-07-03 19:58:55.054 DEBUG [acme.Launcher@main] Found classpath entry '/C:/Users/raulm/.m2/repository/ch/qos/logback/logback-core/1.2.3/logback-core-1.2.3.jar' 
2022-07-03 19:58:55.055 DEBUG [acme.Launcher@main] Found classpath entry '/C:/Users/raulm/.m2/repository/org/apache/logging/log4j/log4j-to-slf4j/2.13.3/log4j-to-slf4j-2.13.3.jar' 
2022-07-03 19:58:55.055 DEBUG [acme.Launcher@main] Found classpath entry '/C:/Users/raulm/.m2/repository/org/apache/logging/log4j/log4j-api/2.13.3/log4j-api-2.13.3.jar' 
2022-07-03 19:58:55.056 DEBUG [acme.Launcher@main] Found classpath entry '/C:/Users/raulm/.m2/repository/org/slf4j/jul-to-slf4j/1.7.30/jul-to-slf4j-1.7.30.jar' 
2022-07-03 19:58:55.056 DEBUG [acme.Launcher@main] Found classpath entry '/C:/Users/raulm/.m2/repository/org/yaml/snakeyaml/1.27/snakeyaml-1.27.jar' 
2022-07-03 19:58:55.056 DEBUG [acme.Launcher@main] Found classpath entry '/C:/Users/raulm/.m2/repository/org/springframework/boot/spring-boot-test/2.4.2/spring-boot-test-2.4.2.jar' 
2022-07-03 19:58:55.057 DEBUG [acme.Launcher@main] Found classpath entry '/C:/Users/raulm/.m2/repository/org/springframework/boot/spring-boot-test-autoconfigure/2.4.2/spring-boot-test-autoconfigure-2.4.2.jar' 
2022-07-03 19:58:55.057 DEBUG [acme.Launcher@main] Found classpath entry '/C:/Users/raulm/.m2/repository/com/jayway/jsonpath/json-path/2.4.0/json-path-2.4.0.jar' 
2022-07-03 19:58:55.057 DEBUG [acme.Launcher@main] Found classpath entry '/C:/Users/raulm/.m2/repository/net/minidev/json-smart/2.3/json-smart-2.3.jar' 
2022-07-03 19:58:55.058 DEBUG [acme.Launcher@main] Found classpath entry '/C:/Users/raulm/.m2/repository/net/minidev/accessors-smart/1.2/accessors-smart-1.2.jar' 
2022-07-03 19:58:55.058 DEBUG [acme.Launcher@main] Found classpath entry '/C:/Users/raulm/.m2/repository/org/ow2/asm/asm/5.0.4/asm-5.0.4.jar' 
2022-07-03 19:58:55.058 DEBUG [acme.Launcher@main] Found classpath entry '/C:/Users/raulm/.m2/repository/jakarta/xml/bind/jakarta.xml.bind-api/2.3.3/jakarta.xml.bind-api-2.3.3.jar' 
2022-07-03 19:58:55.059 DEBUG [acme.Launcher@main] Found classpath entry '/C:/Users/raulm/.m2/repository/jakarta/activation/jakarta.activation-api/1.2.2/jakarta.activation-api-1.2.2.jar' 
2022-07-03 19:58:55.059 DEBUG [acme.Launcher@main] Found classpath entry '/C:/Users/raulm/.m2/repository/org/assertj/assertj-core/3.18.1/assertj-core-3.18.1.jar' 
2022-07-03 19:58:55.059 DEBUG [acme.Launcher@main] Found classpath entry '/C:/Users/raulm/.m2/repository/org/hamcrest/hamcrest/2.2/hamcrest-2.2.jar' 
2022-07-03 19:58:55.060 DEBUG [acme.Launcher@main] Found classpath entry '/C:/Users/raulm/.m2/repository/org/junit/jupiter/junit-jupiter/5.7.0/junit-jupiter-5.7.0.jar' 
2022-07-03 19:58:55.060 DEBUG [acme.Launcher@main] Found classpath entry '/C:/Users/raulm/.m2/repository/org/mockito/mockito-core/3.6.28/mockito-core-3.6.28.jar' 
2022-07-03 19:58:55.060 DEBUG [acme.Launcher@main] Found classpath entry '/C:/Users/raulm/.m2/repository/net/bytebuddy/byte-buddy-agent/1.10.19/byte-buddy-agent-1.10.19.jar' 
2022-07-03 19:58:55.060 DEBUG [acme.Launcher@main] Found classpath entry '/C:/Users/raulm/.m2/repository/org/objenesis/objenesis/3.1/objenesis-3.1.jar' 
2022-07-03 19:58:55.061 DEBUG [acme.Launcher@main] Found classpath entry '/C:/Users/raulm/.m2/repository/org/mockito/mockito-junit-jupiter/3.6.28/mockito-junit-jupiter-3.6.28.jar' 
2022-07-03 19:58:55.061 DEBUG [acme.Launcher@main] Found classpath entry '/C:/Users/raulm/.m2/repository/org/skyscreamer/jsonassert/1.5.0/jsonassert-1.5.0.jar' 
2022-07-03 19:58:55.061 DEBUG [acme.Launcher@main] Found classpath entry '/C:/Users/raulm/.m2/repository/com/vaadin/external/google/android-json/0.0.20131108.vaadin1/android-json-0.0.20131108.vaadin1.jar' 
2022-07-03 19:58:55.062 DEBUG [acme.Launcher@main] Found classpath entry '/C:/Users/raulm/.m2/repository/org/springframework/spring-core/5.3.3/spring-core-5.3.3.jar' 
2022-07-03 19:58:55.062 DEBUG [acme.Launcher@main] Found classpath entry '/C:/Users/raulm/.m2/repository/org/springframework/spring-jcl/5.3.3/spring-jcl-5.3.3.jar' 
2022-07-03 19:58:55.062 DEBUG [acme.Launcher@main] Found classpath entry '/C:/Users/raulm/.m2/repository/org/springframework/spring-test/5.3.3/spring-test-5.3.3.jar' 
2022-07-03 19:58:55.063 DEBUG [acme.Launcher@main] Found classpath entry '/C:/Users/raulm/.m2/repository/org/xmlunit/xmlunit-core/2.7.0/xmlunit-core-2.7.0.jar' 
2022-07-03 19:58:55.064 DEBUG [acme.Launcher@main] Found classpath entry '/C:/Users/raulm/.m2/repository/org/springframework/boot/spring-boot-starter-security/2.4.2/spring-boot-starter-security-2.4.2.jar' 
2022-07-03 19:58:55.064 DEBUG [acme.Launcher@main] Found classpath entry '/C:/Users/raulm/.m2/repository/org/springframework/spring-aop/5.3.3/spring-aop-5.3.3.jar' 
2022-07-03 19:58:55.064 DEBUG [acme.Launcher@main] Found classpath entry '/C:/Users/raulm/.m2/repository/org/springframework/security/spring-security-web/5.4.2/spring-security-web-5.4.2.jar' 
2022-07-03 19:58:55.065 DEBUG [acme.Launcher@main] Found classpath entry '/C:/Users/raulm/.m2/repository/org/springframework/security/spring-security-core/5.4.2/spring-security-core-5.4.2.jar' 
2022-07-03 19:58:55.065 DEBUG [acme.Launcher@main] Found classpath entry '/C:/Users/raulm/.m2/repository/org/springframework/spring-beans/5.3.3/spring-beans-5.3.3.jar' 
2022-07-03 19:58:55.065 DEBUG [acme.Launcher@main] Found classpath entry '/C:/Users/raulm/.m2/repository/org/springframework/spring-context/5.3.3/spring-context-5.3.3.jar' 
2022-07-03 19:58:55.065 DEBUG [acme.Launcher@main] Found classpath entry '/C:/Users/raulm/.m2/repository/org/springframework/spring-expression/5.3.3/spring-expression-5.3.3.jar' 
2022-07-03 19:58:55.066 DEBUG [acme.Launcher@main] Found classpath entry '/C:/Users/raulm/.m2/repository/org/springframework/spring-web/5.3.3/spring-web-5.3.3.jar' 
2022-07-03 19:58:55.066 DEBUG [acme.Launcher@main] Found classpath entry '/C:/Users/raulm/.m2/repository/org/springframework/security/spring-security-config/5.4.2/spring-security-config-5.4.2.jar' 
2022-07-03 19:58:55.068 DEBUG [acme.Launcher@main] Found classpath entry '/C:/Users/raulm/.m2/repository/org/springframework/security/spring-security-taglibs/5.4.2/spring-security-taglibs-5.4.2.jar' 
2022-07-03 19:58:55.068 DEBUG [acme.Launcher@main] Found classpath entry '/C:/Users/raulm/.m2/repository/org/springframework/security/spring-security-acl/5.4.2/spring-security-acl-5.4.2.jar' 
2022-07-03 19:58:55.068 DEBUG [acme.Launcher@main] Found classpath entry '/C:/Users/raulm/.m2/repository/org/springframework/spring-jdbc/5.3.3/spring-jdbc-5.3.3.jar' 
2022-07-03 19:58:55.068 DEBUG [acme.Launcher@main] Found classpath entry '/C:/Users/raulm/.m2/repository/org/springframework/spring-tx/5.3.3/spring-tx-5.3.3.jar' 
2022-07-03 19:58:55.069 DEBUG [acme.Launcher@main] Found classpath entry '/C:/Users/raulm/.m2/repository/org/springframework/boot/spring-boot-starter-web/2.4.2/spring-boot-starter-web-2.4.2.jar' 
2022-07-03 19:58:55.071 DEBUG [acme.Launcher@main] Found classpath entry '/C:/Users/raulm/.m2/repository/org/springframework/boot/spring-boot-starter-json/2.4.2/spring-boot-starter-json-2.4.2.jar' 
2022-07-03 19:58:55.072 DEBUG [acme.Launcher@main] Found classpath entry '/C:/Users/raulm/.m2/repository/com/fasterxml/jackson/core/jackson-databind/2.11.4/jackson-databind-2.11.4.jar' 
2022-07-03 19:58:55.072 DEBUG [acme.Launcher@main] Found classpath entry '/C:/Users/raulm/.m2/repository/com/fasterxml/jackson/core/jackson-annotations/2.11.4/jackson-annotations-2.11.4.jar' 
2022-07-03 19:58:55.072 DEBUG [acme.Launcher@main] Found classpath entry '/C:/Users/raulm/.m2/repository/com/fasterxml/jackson/core/jackson-core/2.11.4/jackson-core-2.11.4.jar' 
2022-07-03 19:58:55.072 DEBUG [acme.Launcher@main] Found classpath entry '/C:/Users/raulm/.m2/repository/com/fasterxml/jackson/datatype/jackson-datatype-jdk8/2.11.4/jackson-datatype-jdk8-2.11.4.jar' 
2022-07-03 19:58:55.073 DEBUG [acme.Launcher@main] Found classpath entry '/C:/Users/raulm/.m2/repository/com/fasterxml/jackson/datatype/jackson-datatype-jsr310/2.11.4/jackson-datatype-jsr310-2.11.4.jar' 
2022-07-03 19:58:55.073 DEBUG [acme.Launcher@main] Found classpath entry '/C:/Users/raulm/.m2/repository/com/fasterxml/jackson/module/jackson-module-parameter-names/2.11.4/jackson-module-parameter-names-2.11.4.jar' 
2022-07-03 19:58:55.073 DEBUG [acme.Launcher@main] Found classpath entry '/C:/Users/raulm/.m2/repository/org/springframework/spring-webmvc/5.3.3/spring-webmvc-5.3.3.jar' 
2022-07-03 19:58:55.073 DEBUG [acme.Launcher@main] Found classpath entry '/C:/Users/raulm/.m2/repository/org/apache/tiles/tiles-jsp/3.0.8/tiles-jsp-3.0.8.jar' 
2022-07-03 19:58:55.075 DEBUG [acme.Launcher@main] Found classpath entry '/C:/Users/raulm/.m2/repository/org/apache/tiles/tiles-servlet/3.0.8/tiles-servlet-3.0.8.jar' 
2022-07-03 19:58:55.075 DEBUG [acme.Launcher@main] Found classpath entry '/C:/Users/raulm/.m2/repository/org/apache/tiles/tiles-core/3.0.8/tiles-core-3.0.8.jar' 
2022-07-03 19:58:55.075 DEBUG [acme.Launcher@main] Found classpath entry '/C:/Users/raulm/.m2/repository/commons-digester/commons-digester/2.0/commons-digester-2.0.jar' 
2022-07-03 19:58:55.075 DEBUG [acme.Launcher@main] Found classpath entry '/C:/Users/raulm/.m2/repository/org/slf4j/jcl-over-slf4j/1.7.30/jcl-over-slf4j-1.7.30.jar' 
2022-07-03 19:58:55.075 DEBUG [acme.Launcher@main] Found classpath entry '/C:/Users/raulm/.m2/repository/org/apache/tiles/tiles-request-servlet/1.0.7/tiles-request-servlet-1.0.7.jar' 
2022-07-03 19:58:55.075 DEBUG [acme.Launcher@main] Found classpath entry '/C:/Users/raulm/.m2/repository/org/apache/tiles/tiles-template/3.0.8/tiles-template-3.0.8.jar' 
2022-07-03 19:58:55.076 DEBUG [acme.Launcher@main] Found classpath entry '/C:/Users/raulm/.m2/repository/org/apache/tiles/tiles-api/3.0.8/tiles-api-3.0.8.jar' 
2022-07-03 19:58:55.077 DEBUG [acme.Launcher@main] Found classpath entry '/C:/Users/raulm/.m2/repository/org/apache/tiles/tiles-autotag-core-runtime/1.2/tiles-autotag-core-runtime-1.2.jar' 
2022-07-03 19:58:55.077 DEBUG [acme.Launcher@main] Found classpath entry '/C:/Users/raulm/.m2/repository/org/slf4j/slf4j-api/1.7.30/slf4j-api-1.7.30.jar' 
2022-07-03 19:58:55.077 DEBUG [acme.Launcher@main] Found classpath entry '/C:/Users/raulm/.m2/repository/org/apache/tiles/tiles-request-jsp/1.0.7/tiles-request-jsp-1.0.7.jar' 
2022-07-03 19:58:55.077 DEBUG [acme.Launcher@main] Found classpath entry '/C:/Users/raulm/.m2/repository/org/apache/tiles/tiles-request-api/1.0.7/tiles-request-api-1.0.7.jar' 
2022-07-03 19:58:55.078 DEBUG [acme.Launcher@main] Found classpath entry '/C:/Users/raulm/.m2/repository/org/springframework/boot/spring-boot-starter-data-jpa/2.4.2/spring-boot-starter-data-jpa-2.4.2.jar' 
2022-07-03 19:58:55.078 DEBUG [acme.Launcher@main] Found classpath entry '/C:/Users/raulm/.m2/repository/org/springframework/boot/spring-boot-starter-aop/2.4.2/spring-boot-starter-aop-2.4.2.jar' 
2022-07-03 19:58:55.078 DEBUG [acme.Launcher@main] Found classpath entry '/C:/Users/raulm/.m2/repository/org/aspectj/aspectjweaver/1.9.6/aspectjweaver-1.9.6.jar' 
2022-07-03 19:58:55.079 DEBUG [acme.Launcher@main] Found classpath entry '/C:/Users/raulm/.m2/repository/org/springframework/boot/spring-boot-starter-jdbc/2.4.2/spring-boot-starter-jdbc-2.4.2.jar' 
2022-07-03 19:58:55.079 DEBUG [acme.Launcher@main] Found classpath entry '/C:/Users/raulm/.m2/repository/jakarta/transaction/jakarta.transaction-api/1.3.3/jakarta.transaction-api-1.3.3.jar' 
2022-07-03 19:58:55.080 DEBUG [acme.Launcher@main] Found classpath entry '/C:/Users/raulm/.m2/repository/jakarta/persistence/jakarta.persistence-api/2.2.3/jakarta.persistence-api-2.2.3.jar' 
2022-07-03 19:58:55.080 DEBUG [acme.Launcher@main] Found classpath entry '/C:/Users/raulm/.m2/repository/org/hibernate/hibernate-core/5.4.27.Final/hibernate-core-5.4.27.Final.jar' 
2022-07-03 19:58:55.080 DEBUG [acme.Launcher@main] Found classpath entry '/C:/Users/raulm/.m2/repository/org/jboss/logging/jboss-logging/3.4.1.Final/jboss-logging-3.4.1.Final.jar' 
2022-07-03 19:58:55.081 DEBUG [acme.Launcher@main] Found classpath entry '/C:/Users/raulm/.m2/repository/org/javassist/javassist/3.27.0-GA/javassist-3.27.0-GA.jar' 
2022-07-03 19:58:55.081 DEBUG [acme.Launcher@main] Found classpath entry '/C:/Users/raulm/.m2/repository/antlr/antlr/2.7.7/antlr-2.7.7.jar' 
2022-07-03 19:58:55.082 DEBUG [acme.Launcher@main] Found classpath entry '/C:/Users/raulm/.m2/repository/org/jboss/jandex/2.1.3.Final/jandex-2.1.3.Final.jar' 
2022-07-03 19:58:55.082 DEBUG [acme.Launcher@main] Found classpath entry '/C:/Users/raulm/.m2/repository/com/fasterxml/classmate/1.5.1/classmate-1.5.1.jar' 
2022-07-03 19:58:55.082 DEBUG [acme.Launcher@main] Found classpath entry '/C:/Users/raulm/.m2/repository/org/dom4j/dom4j/2.1.3/dom4j-2.1.3.jar' 
2022-07-03 19:58:55.082 DEBUG [acme.Launcher@main] Found classpath entry '/C:/Users/raulm/.m2/repository/org/hibernate/common/hibernate-commons-annotations/5.1.2.Final/hibernate-commons-annotations-5.1.2.Final.jar' 
2022-07-03 19:58:55.083 DEBUG [acme.Launcher@main] Found classpath entry '/C:/Users/raulm/.m2/repository/org/glassfish/jaxb/jaxb-runtime/2.3.3/jaxb-runtime-2.3.3.jar' 
2022-07-03 19:58:55.084 DEBUG [acme.Launcher@main] Found classpath entry '/C:/Users/raulm/.m2/repository/org/glassfish/jaxb/txw2/2.3.3/txw2-2.3.3.jar' 
2022-07-03 19:58:55.084 DEBUG [acme.Launcher@main] Found classpath entry '/C:/Users/raulm/.m2/repository/com/sun/istack/istack-commons-runtime/3.0.11/istack-commons-runtime-3.0.11.jar' 
2022-07-03 19:58:55.085 DEBUG [acme.Launcher@main] Found classpath entry '/C:/Users/raulm/.m2/repository/com/sun/activation/jakarta.activation/1.2.2/jakarta.activation-1.2.2.jar' 
2022-07-03 19:58:55.085 DEBUG [acme.Launcher@main] Found classpath entry '/C:/Users/raulm/.m2/repository/org/springframework/data/spring-data-jpa/2.4.3/spring-data-jpa-2.4.3.jar' 
2022-07-03 19:58:55.085 DEBUG [acme.Launcher@main] Found classpath entry '/C:/Users/raulm/.m2/repository/org/springframework/data/spring-data-commons/2.4.3/spring-data-commons-2.4.3.jar' 
2022-07-03 19:58:55.086 DEBUG [acme.Launcher@main] Found classpath entry '/C:/Users/raulm/.m2/repository/org/springframework/spring-orm/5.3.3/spring-orm-5.3.3.jar' 
2022-07-03 19:58:55.087 DEBUG [acme.Launcher@main] Found classpath entry '/C:/Users/raulm/.m2/repository/org/springframework/spring-aspects/5.3.3/spring-aspects-5.3.3.jar' 
2022-07-03 19:58:55.087 DEBUG [acme.Launcher@main] Found classpath entry '/C:/Users/raulm/.m2/repository/org/springframework/boot/spring-boot-starter-validation/2.4.2/spring-boot-starter-validation-2.4.2.jar' 
2022-07-03 19:58:55.087 DEBUG [acme.Launcher@main] Found classpath entry '/C:/Users/raulm/.m2/repository/org/hibernate/validator/hibernate-validator/6.1.7.Final/hibernate-validator-6.1.7.Final.jar' 
2022-07-03 19:58:55.088 DEBUG [acme.Launcher@main] Found classpath entry '/C:/Users/raulm/.m2/repository/jakarta/validation/jakarta.validation-api/2.0.2/jakarta.validation-api-2.0.2.jar' 
2022-07-03 19:58:55.088 DEBUG [acme.Launcher@main] Found classpath entry '/C:/Users/raulm/.m2/repository/mysql/mysql-connector-java/8.0.22/mysql-connector-java-8.0.22.jar' 
2022-07-03 19:58:55.089 DEBUG [acme.Launcher@main] Found classpath entry '/C:/Users/raulm/.m2/repository/com/zaxxer/HikariCP/3.4.5/HikariCP-3.4.5.jar' 
2022-07-03 19:58:55.089 DEBUG [acme.Launcher@main] Found classpath entry '/C:/Users/raulm/.m2/repository/org/junit/jupiter/junit-jupiter-engine/5.7.0/junit-jupiter-engine-5.7.0.jar' 
2022-07-03 19:58:55.089 DEBUG [acme.Launcher@main] Found classpath entry '/C:/Users/raulm/.m2/repository/org/apiguardian/apiguardian-api/1.1.0/apiguardian-api-1.1.0.jar' 
2022-07-03 19:58:55.090 DEBUG [acme.Launcher@main] Found classpath entry '/C:/Users/raulm/.m2/repository/org/junit/platform/junit-platform-engine/1.7.0/junit-platform-engine-1.7.0.jar' 
2022-07-03 19:58:55.090 DEBUG [acme.Launcher@main] Found classpath entry '/C:/Users/raulm/.m2/repository/org/junit/jupiter/junit-jupiter-api/5.7.0/junit-jupiter-api-5.7.0.jar' 
2022-07-03 19:58:55.090 DEBUG [acme.Launcher@main] Found classpath entry '/C:/Users/raulm/.m2/repository/org/opentest4j/opentest4j/1.2.0/opentest4j-1.2.0.jar' 
2022-07-03 19:58:55.091 DEBUG [acme.Launcher@main] Found classpath entry '/C:/Users/raulm/.m2/repository/org/junit/platform/junit-platform-commons/1.7.0/junit-platform-commons-1.7.0.jar' 
2022-07-03 19:58:55.091 DEBUG [acme.Launcher@main] Found classpath entry '/C:/Users/raulm/.m2/repository/org/junit/jupiter/junit-jupiter-params/5.7.0/junit-jupiter-params-5.7.0.jar' 
2022-07-03 19:58:55.092 DEBUG [acme.Launcher@main] Found classpath entry '/C:/Users/raulm/.m2/repository/org/junit/platform/junit-platform-launcher/1.7.0/junit-platform-launcher-1.7.0.jar' 
2022-07-03 19:58:55.092 DEBUG [acme.Launcher@main] Found classpath entry '/C:/Users/raulm/.m2/repository/org/seleniumhq/selenium/selenium-java/3.141.59/selenium-java-3.141.59.jar' 
2022-07-03 19:58:55.092 DEBUG [acme.Launcher@main] Found classpath entry '/C:/Users/raulm/.m2/repository/org/seleniumhq/selenium/selenium-api/3.141.59/selenium-api-3.141.59.jar' 
2022-07-03 19:58:55.092 DEBUG [acme.Launcher@main] Found classpath entry '/C:/Users/raulm/.m2/repository/org/seleniumhq/selenium/selenium-chrome-driver/3.141.59/selenium-chrome-driver-3.141.59.jar' 
2022-07-03 19:58:55.092 DEBUG [acme.Launcher@main] Found classpath entry '/C:/Users/raulm/.m2/repository/org/seleniumhq/selenium/selenium-edge-driver/3.141.59/selenium-edge-driver-3.141.59.jar' 
2022-07-03 19:58:55.093 DEBUG [acme.Launcher@main] Found classpath entry '/C:/Users/raulm/.m2/repository/org/seleniumhq/selenium/selenium-firefox-driver/3.141.59/selenium-firefox-driver-3.141.59.jar' 
2022-07-03 19:58:55.093 DEBUG [acme.Launcher@main] Found classpath entry '/C:/Users/raulm/.m2/repository/org/seleniumhq/selenium/selenium-ie-driver/3.141.59/selenium-ie-driver-3.141.59.jar' 
2022-07-03 19:58:55.093 DEBUG [acme.Launcher@main] Found classpath entry '/C:/Users/raulm/.m2/repository/org/seleniumhq/selenium/selenium-opera-driver/3.141.59/selenium-opera-driver-3.141.59.jar' 
2022-07-03 19:58:55.093 DEBUG [acme.Launcher@main] Found classpath entry '/C:/Users/raulm/.m2/repository/org/seleniumhq/selenium/selenium-remote-driver/3.141.59/selenium-remote-driver-3.141.59.jar' 
2022-07-03 19:58:55.094 DEBUG [acme.Launcher@main] Found classpath entry '/C:/Users/raulm/.m2/repository/org/seleniumhq/selenium/selenium-safari-driver/3.141.59/selenium-safari-driver-3.141.59.jar' 
2022-07-03 19:58:55.094 DEBUG [acme.Launcher@main] Found classpath entry '/C:/Users/raulm/.m2/repository/org/seleniumhq/selenium/selenium-support/3.141.59/selenium-support-3.141.59.jar' 
2022-07-03 19:58:55.094 DEBUG [acme.Launcher@main] Found classpath entry '/C:/Users/raulm/.m2/repository/net/bytebuddy/byte-buddy/1.10.19/byte-buddy-1.10.19.jar' 
2022-07-03 19:58:55.095 DEBUG [acme.Launcher@main] Found classpath entry '/C:/Users/raulm/.m2/repository/org/apache/commons/commons-exec/1.3/commons-exec-1.3.jar' 
2022-07-03 19:58:55.095 DEBUG [acme.Launcher@main] Found classpath entry '/C:/Users/raulm/.m2/repository/com/google/guava/guava/25.0-jre/guava-25.0-jre.jar' 
2022-07-03 19:58:55.095 DEBUG [acme.Launcher@main] Found classpath entry '/C:/Users/raulm/.m2/repository/com/google/code/findbugs/jsr305/1.3.9/jsr305-1.3.9.jar' 
2022-07-03 19:58:55.095 DEBUG [acme.Launcher@main] Found classpath entry '/C:/Users/raulm/.m2/repository/org/checkerframework/checker-compat-qual/2.0.0/checker-compat-qual-2.0.0.jar' 
2022-07-03 19:58:55.095 DEBUG [acme.Launcher@main] Found classpath entry '/C:/Users/raulm/.m2/repository/com/google/errorprone/error_prone_annotations/2.1.3/error_prone_annotations-2.1.3.jar' 
2022-07-03 19:58:55.096 DEBUG [acme.Launcher@main] Found classpath entry '/C:/Users/raulm/.m2/repository/com/google/j2objc/j2objc-annotations/1.1/j2objc-annotations-1.1.jar' 
2022-07-03 19:58:55.096 DEBUG [acme.Launcher@main] Found classpath entry '/C:/Users/raulm/.m2/repository/org/codehaus/mojo/animal-sniffer-annotations/1.14/animal-sniffer-annotations-1.14.jar' 
2022-07-03 19:58:55.096 DEBUG [acme.Launcher@main] Found classpath entry '/C:/Users/raulm/.m2/repository/com/squareup/okhttp3/okhttp/3.14.9/okhttp-3.14.9.jar' 
2022-07-03 19:58:55.097 DEBUG [acme.Launcher@main] Found classpath entry '/C:/Users/raulm/.m2/repository/com/squareup/okio/okio/1.14.0/okio-1.14.0.jar' 
2022-07-03 19:58:55.097 DEBUG [acme.Launcher@main] Found classpath entry '/C:/Users/raulm/.m2/repository/org/apache/commons/commons-lang3/3.11/commons-lang3-3.11.jar' 
2022-07-03 19:58:55.097 DEBUG [acme.Launcher@main] Found classpath entry '/C:/Users/raulm/.m2/repository/org/apache/commons/commons-text/1.8/commons-text-1.8.jar' 
2022-07-03 19:58:55.097 DEBUG [acme.Launcher@main] Found classpath entry '/C:/Users/raulm/.m2/repository/commons-io/commons-io/2.6/commons-io-2.6.jar' 
2022-07-03 19:58:55.098 DEBUG [acme.Launcher@main] Found classpath entry '/C:/Users/raulm/.m2/repository/commons-cli/commons-cli/1.4/commons-cli-1.4.jar' 
2022-07-03 19:58:55.099 DEBUG [acme.Launcher@main] Found classpath entry '/C:/Users/raulm/.m2/repository/org/projectlombok/lombok/1.18.16/lombok-1.18.16.jar' 
2022-07-03 19:58:55.099 DEBUG [acme.Launcher@main] Found classpath entry '/C:/Users/raulm/.m2/repository/com/opencsv/opencsv/5.4/opencsv-5.4.jar' 
2022-07-03 19:58:55.099 DEBUG [acme.Launcher@main] Found classpath entry '/C:/Users/raulm/.m2/repository/commons-beanutils/commons-beanutils/1.9.4/commons-beanutils-1.9.4.jar' 
2022-07-03 19:58:55.099 DEBUG [acme.Launcher@main] Found classpath entry '/C:/Users/raulm/.m2/repository/commons-logging/commons-logging/1.2/commons-logging-1.2.jar' 
2022-07-03 19:58:55.099 DEBUG [acme.Launcher@main] Found classpath entry '/C:/Users/raulm/.m2/repository/commons-collections/commons-collections/3.2.2/commons-collections-3.2.2.jar' 
2022-07-03 19:58:55.099 DEBUG [acme.Launcher@main] Found classpath entry '/C:/Users/raulm/.m2/repository/org/apache/commons/commons-collections4/4.4/commons-collections4-4.4.jar' 
2022-07-03 19:58:55.099 DEBUG [acme.Launcher@main] Found classpath entry '/C:/Users/raulm/Desktop/Workspace-22.0/Frameworks/Acme-Framework-22.1/target/classes/' 
2022-07-03 19:58:55.099 DEBUG [acme.Launcher@main] Found classpath entry '/C:/Users/raulm/Desktop/Workspace-22.0/Frameworks/Acme-Framework-22.1/target/test-classes/' 
2022-07-03 19:58:55.100 DEBUG [acme.Launcher@main] Found classpath entry '/C:/Users/raulm/Desktop/Workspace-22.0/Tools/IDEs/eclipse-jee-2021-12-R/configuration/org.eclipse.osgi/418/0/.cp/lib/javaagent-shaded.jar' 
2022-07-03 19:58:55.189 DEBUG [acme.Launcher@main] Found entity class 'acme.roles.Consumer 
2022-07-03 19:58:55.189 DEBUG [acme.Launcher@main] Found entity class 'acme.roles.Provider 
2022-07-03 19:58:55.189 DEBUG [acme.Launcher@main] Found entity class 'acme.framework.entities.UserAccount 
2022-07-03 19:58:55.190 DEBUG [acme.Launcher@main] Found entity class 'acme.framework.roles.Administrator 
2022-07-03 19:58:55.190 DEBUG [acme.Launcher@main] Found entity class 'acme.framework.roles.Anonymous 
2022-07-03 19:58:55.190 DEBUG [acme.Launcher@main] Found entity class 'acme.framework.roles.Authenticated 
2022-07-03 19:58:55.196 INFO  [acme.Launcher@main] Running application (Standalone) 
2022-07-03 19:59:04.282 DEBUG [acme.framework.components.tiles.DynamicTilesView@http-nio-8080-exec-5] View name 'fragments/welcome', model {} 
2022-07-03 19:59:04.304 DEBUG [org.apache.tiles.definition.dao.BaseLocaleUrlDefinitionDAO@http-nio-8080-exec-5] File Resource file:/C:/Users/raulm/Desktop/Workspace-22.0/Projects/Acme-Recipes/target/classes/WEB-INF/views/master/tiles_en.xml at file:/C:/Users/raulm/Desktop/Workspace-22.0/Projects/Acme-Recipes/target/classes/WEB-INF/views/master/tiles_en.xml not found, continue 
2022-07-03 19:59:04.314 DEBUG [org.apache.jasper.servlet.JspServlet@http-nio-8080-exec-5] JspEngine --> /WEB-INF/views/master/page.jsp 
2022-07-03 19:59:04.314 DEBUG [org.apache.jasper.servlet.JspServlet@http-nio-8080-exec-5] ServletPath: /WEB-INF/views/master/page.jsp 
2022-07-03 19:59:04.316 DEBUG [org.apache.jasper.servlet.JspServlet@http-nio-8080-exec-5] PathInfo: null 
2022-07-03 19:59:04.317 DEBUG [org.apache.jasper.servlet.JspServlet@http-nio-8080-exec-5] RealPath: C:\Users\raulm\Desktop\Workspace-22.0\Projects\Acme-Recipes\target\classes\WEB-INF\views\master\page.jsp 
2022-07-03 19:59:04.317 DEBUG [org.apache.jasper.servlet.JspServlet@http-nio-8080-exec-5] RequestURI: /acme-recipes-22.8/WEB-INF/views/master/page.jsp 
2022-07-03 19:59:04.318 DEBUG [org.apache.jasper.servlet.JspServlet@http-nio-8080-exec-5] QueryString: null 
2022-07-03 19:59:09.681 DEBUG [acme.framework.configuration.ExtendedMessageSource@http-nio-8080-exec-5] Loading properties [C:\Users\raulm\Desktop\Workspace-22.0\Projects\Acme-Recipes\target\classes\WEB-INF\views\administrator\user-account\messages-en.i18n] with encoding 'utf-8' 
2022-07-03 19:59:09.684 DEBUG [acme.framework.configuration.ExtendedMessageSource@http-nio-8080-exec-5] Loading properties [C:\Users\raulm\Desktop\Workspace-22.0\Projects\Acme-Recipes\target\classes\WEB-INF\views\anonymous\user-account\messages-en.i18n] with encoding 'utf-8' 
2022-07-03 19:59:09.686 DEBUG [acme.framework.configuration.ExtendedMessageSource@http-nio-8080-exec-5] Loading properties [C:\Users\raulm\Desktop\Workspace-22.0\Projects\Acme-Recipes\target\classes\WEB-INF\views\authenticated\consumer\messsages-en.i18n] with encoding 'utf-8' 
2022-07-03 19:59:09.686 DEBUG [acme.framework.configuration.ExtendedMessageSource@http-nio-8080-exec-5] Loading properties [C:\Users\raulm\Desktop\Workspace-22.0\Projects\Acme-Recipes\target\classes\WEB-INF\views\authenticated\provider\messsages-en.i18n] with encoding 'utf-8' 
2022-07-03 19:59:09.686 DEBUG [acme.framework.configuration.ExtendedMessageSource@http-nio-8080-exec-5] Loading properties [C:\Users\raulm\Desktop\Workspace-22.0\Projects\Acme-Recipes\target\classes\WEB-INF\views\authenticated\user-account\messages-en.i18n] with encoding 'utf-8' 
2022-07-03 19:59:09.686 DEBUG [acme.framework.configuration.ExtendedMessageSource@http-nio-8080-exec-5] Loading properties [C:\Users\raulm\Desktop\Workspace-22.0\Projects\Acme-Recipes\target\classes\WEB-INF\views\fragments\banner-en.i18n] with encoding 'utf-8' 
2022-07-03 19:59:09.692 DEBUG [acme.framework.configuration.ExtendedMessageSource@http-nio-8080-exec-5] Loading properties [C:\Users\raulm\Desktop\Workspace-22.0\Projects\Acme-Recipes\target\classes\WEB-INF\views\fragments\company-en.i18n] with encoding 'utf-8' 
2022-07-03 19:59:09.693 DEBUG [acme.framework.configuration.ExtendedMessageSource@http-nio-8080-exec-5] Loading properties [C:\Users\raulm\Desktop\Workspace-22.0\Projects\Acme-Recipes\target\classes\WEB-INF\views\fragments\footer-en.i18n] with encoding 'utf-8' 
2022-07-03 19:59:09.694 DEBUG [acme.framework.configuration.ExtendedMessageSource@http-nio-8080-exec-5] Loading properties [C:\Users\raulm\Desktop\Workspace-22.0\Projects\Acme-Recipes\target\classes\WEB-INF\views\fragments\license-en.i18n] with encoding 'utf-8' 
2022-07-03 19:59:09.694 DEBUG [acme.framework.configuration.ExtendedMessageSource@http-nio-8080-exec-5] Loading properties [C:\Users\raulm\Desktop\Workspace-22.0\Projects\Acme-Recipes\target\classes\WEB-INF\views\fragments\menu-en.i18n] with encoding 'utf-8' 
2022-07-03 19:59:09.698 DEBUG [acme.framework.configuration.ExtendedMessageSource@http-nio-8080-exec-5] Loading properties [C:\Users\raulm\Desktop\Workspace-22.0\Projects\Acme-Recipes\target\classes\WEB-INF\views\fragments\messsages-en.i18n] with encoding 'utf-8' 
2022-07-03 19:59:09.699 DEBUG [acme.framework.configuration.ExtendedMessageSource@http-nio-8080-exec-5] Loading properties [C:\Users\raulm\Desktop\Workspace-22.0\Projects\Acme-Recipes\target\classes\WEB-INF\views\fragments\title-en.i18n] with encoding 'utf-8' 
2022-07-03 19:59:09.701 DEBUG [acme.framework.configuration.ExtendedMessageSource@http-nio-8080-exec-5] Loading properties [C:\Users\raulm\Desktop\Workspace-22.0\Projects\Acme-Recipes\target\classes\WEB-INF\views\fragments\welcome-en.i18n] with encoding 'utf-8' 
2022-07-03 19:59:09.703 DEBUG [acme.framework.configuration.ExtendedMessageSource@http-nio-8080-exec-5] Loading properties [C:\Users\raulm\Desktop\Workspace-22.0\Projects\Acme-Recipes\target\classes\WEB-INF\views\master\defaults-en.i18n] with encoding 'utf-8' 
2022-07-03 19:59:09.706 DEBUG [acme.framework.configuration.ExtendedMessageSource@http-nio-8080-exec-5] Loading properties [C:\Users\raulm\Desktop\Workspace-22.0\Projects\Acme-Recipes\target\classes\WEB-INF\views\master\master-en.i18n] with encoding 'utf-8' 
2022-07-03 19:59:09.707 DEBUG [acme.framework.configuration.ExtendedMessageSource@http-nio-8080-exec-5] Loading properties [C:\Users\raulm\Desktop\Workspace-22.0\Projects\Acme-Recipes\target\classes\WEB-INF\views\master\throwables-en.i18n] with encoding 'utf-8' 
2022-07-03 19:59:09.708 DEBUG [acme.framework.configuration.ExtendedMessageSource@http-nio-8080-exec-5] Loading properties [C:\Users\raulm\Desktop\Workspace-22.0\Projects\Acme-Recipes\target\classes\WEB-INF\views\master\validation-en.i18n] with encoding 'utf-8' 
2022-07-03 19:59:09.986 DEBUG [org.apache.jasper.servlet.JspServlet@http-nio-8080-exec-5] JspEngine --> /WEB-INF/views/fragments/welcome.jsp 
2022-07-03 19:59:09.992 DEBUG [org.apache.jasper.servlet.JspServlet@http-nio-8080-exec-5] ServletPath: /WEB-INF/views/master/page.jsp 
2022-07-03 19:59:09.993 DEBUG [org.apache.jasper.servlet.JspServlet@http-nio-8080-exec-5] PathInfo: null 
2022-07-03 19:59:09.996 DEBUG [org.apache.jasper.servlet.JspServlet@http-nio-8080-exec-5] RealPath: C:\Users\raulm\Desktop\Workspace-22.0\Projects\Acme-Recipes\target\classes\WEB-INF\views\fragments\welcome.jsp 
2022-07-03 19:59:09.997 DEBUG [org.apache.jasper.servlet.JspServlet@http-nio-8080-exec-5] RequestURI: /acme-recipes-22.8/WEB-INF/views/master/page.jsp 
2022-07-03 19:59:09.998 DEBUG [org.apache.jasper.servlet.JspServlet@http-nio-8080-exec-5] QueryString: null 
2022-07-03 19:59:10.666 DEBUG [org.hibernate.SQL@http-nio-8080-exec-5] select useraccoun0_.id as id1_0_, useraccoun0_.version as version2_0_, useraccoun0_.enabled as enabled1_6_, useraccoun0_.identity as identity2_6_, useraccoun0_.password as password3_6_, useraccoun0_.username as username4_6_ from user_account useraccoun0_ where useraccoun0_.username=? 
2022-07-03 19:59:10.718 TRACE [org.hibernate.type.descriptor.sql.BasicBinder@http-nio-8080-exec-5] binding parameter [1] as [VARCHAR] - [anonymous] 
2022-07-03 19:59:10.858 DEBUG [org.hibernate.SQL@http-nio-8080-exec-5] select roles0_.user_account_id as user_acc1_7_0_, roles0_.id as id1_7_0_, roles0_.id as id1_0_1_, roles0_.version as version2_0_1_, roles0_.user_account_id as user_acc1_7_1_, roles0_.company as company1_4_1_, roles0_.sector as sector2_4_1_, roles0_.company as company1_5_1_, roles0_.sector as sector2_5_1_, roles0_.clazz_ as clazz_1_ from ( select id, version, user_account_id, company, sector, 2 as clazz_ from consumer union all select id, version, user_account_id, company, sector, 3 as clazz_ from provider union all select id, version, user_account_id, null as company, null as sector, 5 as clazz_ from administrator union all select id, version, user_account_id, null as company, null as sector, 6 as clazz_ from anonymous union all select id, version, user_account_id, null as company, null as sector, 7 as clazz_ from authenticated ) roles0_ where roles0_.user_account_id=? 
2022-07-03 19:59:10.860 TRACE [org.hibernate.type.descriptor.sql.BasicBinder@http-nio-8080-exec-5] binding parameter [1] as [INTEGER] - [1] 
2022-07-03 19:59:11.360 DEBUG [acme.framework.components.tiles.DynamicTilesView@http-nio-8080-exec-2] View name 'master/panic', model {} 
2022-07-03 19:59:11.364 DEBUG [org.apache.jasper.servlet.JspServlet@http-nio-8080-exec-2] JspEngine --> /WEB-INF/views/master/page.jsp 
2022-07-03 19:59:11.364 DEBUG [org.apache.jasper.servlet.JspServlet@http-nio-8080-exec-2] ServletPath: /WEB-INF/views/master/page.jsp 
2022-07-03 19:59:11.364 DEBUG [org.apache.jasper.servlet.JspServlet@http-nio-8080-exec-2] PathInfo: null 
2022-07-03 19:59:11.364 DEBUG [org.apache.jasper.servlet.JspServlet@http-nio-8080-exec-2] RealPath: C:\Users\raulm\Desktop\Workspace-22.0\Projects\Acme-Recipes\target\classes\WEB-INF\views\master\page.jsp 
2022-07-03 19:59:11.364 DEBUG [org.apache.jasper.servlet.JspServlet@http-nio-8080-exec-2] RequestURI: /acme-recipes-22.8/WEB-INF/views/master/page.jsp 
2022-07-03 19:59:11.364 DEBUG [org.apache.jasper.servlet.JspServlet@http-nio-8080-exec-2] QueryString: null 
2022-07-03 19:59:11.593 DEBUG [org.apache.jasper.servlet.JspServlet@http-nio-8080-exec-2] JspEngine --> /WEB-INF/views/master/panic.jsp 
2022-07-03 19:59:11.594 DEBUG [org.apache.jasper.servlet.JspServlet@http-nio-8080-exec-2] ServletPath: /WEB-INF/views/master/page.jsp 
2022-07-03 19:59:11.595 DEBUG [org.apache.jasper.servlet.JspServlet@http-nio-8080-exec-2] PathInfo: null 
2022-07-03 19:59:11.597 DEBUG [org.apache.jasper.servlet.JspServlet@http-nio-8080-exec-2] RealPath: C:\Users\raulm\Desktop\Workspace-22.0\Projects\Acme-Recipes\target\classes\WEB-INF\views\master\panic.jsp 
2022-07-03 19:59:11.597 DEBUG [org.apache.jasper.servlet.JspServlet@http-nio-8080-exec-2] RequestURI: /acme-recipes-22.8/WEB-INF/views/master/page.jsp 
2022-07-03 19:59:11.597 DEBUG [org.apache.jasper.servlet.JspServlet@http-nio-8080-exec-2] QueryString: null 
2022-07-03 19:59:11.967 ERROR [org.apache.jsp.WEB_002dINF.views.master.panic_jsp@http-nio-8080-exec-2] HTTP GET /acme-recipes-22.8/WEB-INF/views/master/page.jsp HTTP/1.1 
2022-07-03 19:59:11.967 ERROR [org.apache.jsp.WEB_002dINF.views.master.panic_jsp@http-nio-8080-exec-2] Status: 404 
2022-07-03 19:59:12.197 DEBUG [org.hibernate.SQL@http-nio-8080-exec-2] select useraccoun0_.id as id1_0_, useraccoun0_.version as version2_0_, useraccoun0_.enabled as enabled1_6_, useraccoun0_.identity as identity2_6_, useraccoun0_.password as password3_6_, useraccoun0_.username as username4_6_ from user_account useraccoun0_ where useraccoun0_.username=? 
2022-07-03 19:59:12.208 TRACE [org.hibernate.type.descriptor.sql.BasicBinder@http-nio-8080-exec-2] binding parameter [1] as [VARCHAR] - [anonymous] 
2022-07-03 19:59:12.209 DEBUG [org.hibernate.SQL@http-nio-8080-exec-2] select roles0_.user_account_id as user_acc1_7_0_, roles0_.id as id1_7_0_, roles0_.id as id1_0_1_, roles0_.version as version2_0_1_, roles0_.user_account_id as user_acc1_7_1_, roles0_.company as company1_4_1_, roles0_.sector as sector2_4_1_, roles0_.company as company1_5_1_, roles0_.sector as sector2_5_1_, roles0_.clazz_ as clazz_1_ from ( select id, version, user_account_id, company, sector, 2 as clazz_ from consumer union all select id, version, user_account_id, company, sector, 3 as clazz_ from provider union all select id, version, user_account_id, null as company, null as sector, 5 as clazz_ from administrator union all select id, version, user_account_id, null as company, null as sector, 6 as clazz_ from anonymous union all select id, version, user_account_id, null as company, null as sector, 7 as clazz_ from authenticated ) roles0_ where roles0_.user_account_id=? 
2022-07-03 19:59:12.209 TRACE [org.hibernate.type.descriptor.sql.BasicBinder@http-nio-8080-exec-2] binding parameter [1] as [INTEGER] - [1] 
2022-07-03 19:59:51.541 DEBUG [acme.framework.components.tiles.DynamicTilesView@http-nio-8080-exec-10] View name 'fragments/welcome', model {} 
2022-07-03 19:59:51.561 DEBUG [org.apache.tiles.definition.dao.BaseLocaleUrlDefinitionDAO@http-nio-8080-exec-10] File Resource file:/C:/Users/raulm/Desktop/Workspace-22.0/Projects/Acme-Recipes/target/classes/WEB-INF/views/master/tiles_es.xml at file:/C:/Users/raulm/Desktop/Workspace-22.0/Projects/Acme-Recipes/target/classes/WEB-INF/views/master/tiles_es.xml not found, continue 
2022-07-03 19:59:51.561 DEBUG [org.apache.jasper.servlet.JspServlet@http-nio-8080-exec-10] JspEngine --> /WEB-INF/views/master/page.jsp 
2022-07-03 19:59:51.561 DEBUG [org.apache.jasper.servlet.JspServlet@http-nio-8080-exec-10] ServletPath: /WEB-INF/views/master/page.jsp 
2022-07-03 19:59:51.565 DEBUG [org.apache.jasper.servlet.JspServlet@http-nio-8080-exec-10] PathInfo: null 
2022-07-03 19:59:51.571 DEBUG [org.apache.jasper.servlet.JspServlet@http-nio-8080-exec-10] RealPath: C:\Users\raulm\Desktop\Workspace-22.0\Projects\Acme-Recipes\target\classes\WEB-INF\views\master\page.jsp 
2022-07-03 19:59:51.572 DEBUG [org.apache.jasper.servlet.JspServlet@http-nio-8080-exec-10] RequestURI: /acme-recipes-22.8/WEB-INF/views/master/page.jsp 
2022-07-03 19:59:51.574 DEBUG [org.apache.jasper.servlet.JspServlet@http-nio-8080-exec-10] QueryString: null 
2022-07-03 19:59:51.641 DEBUG [acme.framework.configuration.ExtendedMessageSource@http-nio-8080-exec-10] Loading properties [C:\Users\raulm\Desktop\Workspace-22.0\Projects\Acme-Recipes\target\classes\WEB-INF\views\administrator\user-account\messages-en.i18n] with encoding 'utf-8' 
2022-07-03 19:59:51.641 DEBUG [acme.framework.configuration.ExtendedMessageSource@http-nio-8080-exec-10] Loading properties [C:\Users\raulm\Desktop\Workspace-22.0\Projects\Acme-Recipes\target\classes\WEB-INF\views\anonymous\user-account\messages-en.i18n] with encoding 'utf-8' 
2022-07-03 19:59:51.641 DEBUG [acme.framework.configuration.ExtendedMessageSource@http-nio-8080-exec-10] Loading properties [C:\Users\raulm\Desktop\Workspace-22.0\Projects\Acme-Recipes\target\classes\WEB-INF\views\authenticated\consumer\messsages-en.i18n] with encoding 'utf-8' 
2022-07-03 19:59:51.641 DEBUG [acme.framework.configuration.ExtendedMessageSource@http-nio-8080-exec-10] Loading properties [C:\Users\raulm\Desktop\Workspace-22.0\Projects\Acme-Recipes\target\classes\WEB-INF\views\authenticated\provider\messsages-en.i18n] with encoding 'utf-8' 
2022-07-03 19:59:51.649 DEBUG [acme.framework.configuration.ExtendedMessageSource@http-nio-8080-exec-10] Loading properties [C:\Users\raulm\Desktop\Workspace-22.0\Projects\Acme-Recipes\target\classes\WEB-INF\views\authenticated\user-account\messages-en.i18n] with encoding 'utf-8' 
2022-07-03 19:59:51.649 DEBUG [acme.framework.configuration.ExtendedMessageSource@http-nio-8080-exec-10] Loading properties [C:\Users\raulm\Desktop\Workspace-22.0\Projects\Acme-Recipes\target\classes\WEB-INF\views\fragments\banner-en.i18n] with encoding 'utf-8' 
2022-07-03 19:59:51.649 DEBUG [acme.framework.configuration.ExtendedMessageSource@http-nio-8080-exec-10] Loading properties [C:\Users\raulm\Desktop\Workspace-22.0\Projects\Acme-Recipes\target\classes\WEB-INF\views\fragments\company-en.i18n] with encoding 'utf-8' 
2022-07-03 19:59:51.649 DEBUG [acme.framework.configuration.ExtendedMessageSource@http-nio-8080-exec-10] Loading properties [C:\Users\raulm\Desktop\Workspace-22.0\Projects\Acme-Recipes\target\classes\WEB-INF\views\fragments\footer-en.i18n] with encoding 'utf-8' 
2022-07-03 19:59:51.653 DEBUG [acme.framework.configuration.ExtendedMessageSource@http-nio-8080-exec-10] Loading properties [C:\Users\raulm\Desktop\Workspace-22.0\Projects\Acme-Recipes\target\classes\WEB-INF\views\fragments\license-en.i18n] with encoding 'utf-8' 
2022-07-03 19:59:51.654 DEBUG [acme.framework.configuration.ExtendedMessageSource@http-nio-8080-exec-10] Loading properties [C:\Users\raulm\Desktop\Workspace-22.0\Projects\Acme-Recipes\target\classes\WEB-INF\views\fragments\menu-en.i18n] with encoding 'utf-8' 
2022-07-03 19:59:51.655 DEBUG [acme.framework.configuration.ExtendedMessageSource@http-nio-8080-exec-10] Loading properties [C:\Users\raulm\Desktop\Workspace-22.0\Projects\Acme-Recipes\target\classes\WEB-INF\views\fragments\messsages-en.i18n] with encoding 'utf-8' 
2022-07-03 19:59:51.655 DEBUG [acme.framework.configuration.ExtendedMessageSource@http-nio-8080-exec-10] Loading properties [C:\Users\raulm\Desktop\Workspace-22.0\Projects\Acme-Recipes\target\classes\WEB-INF\views\fragments\title-en.i18n] with encoding 'utf-8' 
2022-07-03 19:59:51.655 DEBUG [acme.framework.configuration.ExtendedMessageSource@http-nio-8080-exec-10] Loading properties [C:\Users\raulm\Desktop\Workspace-22.0\Projects\Acme-Recipes\target\classes\WEB-INF\views\fragments\welcome-en.i18n] with encoding 'utf-8' 
2022-07-03 19:59:51.655 DEBUG [acme.framework.configuration.ExtendedMessageSource@http-nio-8080-exec-10] Loading properties [C:\Users\raulm\Desktop\Workspace-22.0\Projects\Acme-Recipes\target\classes\WEB-INF\views\master\defaults-en.i18n] with encoding 'utf-8' 
2022-07-03 19:59:51.662 DEBUG [acme.framework.configuration.ExtendedMessageSource@http-nio-8080-exec-10] Loading properties [C:\Users\raulm\Desktop\Workspace-22.0\Projects\Acme-Recipes\target\classes\WEB-INF\views\master\master-en.i18n] with encoding 'utf-8' 
2022-07-03 19:59:51.662 DEBUG [acme.framework.configuration.ExtendedMessageSource@http-nio-8080-exec-10] Loading properties [C:\Users\raulm\Desktop\Workspace-22.0\Projects\Acme-Recipes\target\classes\WEB-INF\views\master\throwables-en.i18n] with encoding 'utf-8' 
2022-07-03 19:59:51.662 DEBUG [acme.framework.configuration.ExtendedMessageSource@http-nio-8080-exec-10] Loading properties [C:\Users\raulm\Desktop\Workspace-22.0\Projects\Acme-Recipes\target\classes\WEB-INF\views\master\validation-en.i18n] with encoding 'utf-8' 
2022-07-03 19:59:51.677 DEBUG [acme.framework.configuration.ExtendedMessageSource@http-nio-8080-exec-10] Loading properties [C:\Users\raulm\Desktop\Workspace-22.0\Projects\Acme-Recipes\target\classes\WEB-INF\views\administrator\user-account\messages-es.i18n] with encoding 'utf-8' 
2022-07-03 19:59:51.683 DEBUG [acme.framework.configuration.ExtendedMessageSource@http-nio-8080-exec-10] Loading properties [C:\Users\raulm\Desktop\Workspace-22.0\Projects\Acme-Recipes\target\classes\WEB-INF\views\anonymous\user-account\messages-es.i18n] with encoding 'utf-8' 
2022-07-03 19:59:51.683 DEBUG [acme.framework.configuration.ExtendedMessageSource@http-nio-8080-exec-10] Loading properties [C:\Users\raulm\Desktop\Workspace-22.0\Projects\Acme-Recipes\target\classes\WEB-INF\views\authenticated\consumer\messsages-es.i18n] with encoding 'utf-8' 
2022-07-03 19:59:51.687 DEBUG [acme.framework.configuration.ExtendedMessageSource@http-nio-8080-exec-10] Loading properties [C:\Users\raulm\Desktop\Workspace-22.0\Projects\Acme-Recipes\target\classes\WEB-INF\views\authenticated\provider\messsages-es.i18n] with encoding 'utf-8' 
2022-07-03 19:59:51.689 DEBUG [acme.framework.configuration.ExtendedMessageSource@http-nio-8080-exec-10] Loading properties [C:\Users\raulm\Desktop\Workspace-22.0\Projects\Acme-Recipes\target\classes\WEB-INF\views\authenticated\user-account\messages-es.i18n] with encoding 'utf-8' 
2022-07-03 19:59:51.690 DEBUG [acme.framework.configuration.ExtendedMessageSource@http-nio-8080-exec-10] Loading properties [C:\Users\raulm\Desktop\Workspace-22.0\Projects\Acme-Recipes\target\classes\WEB-INF\views\fragments\banner-es.i18n] with encoding 'utf-8' 
2022-07-03 19:59:51.692 DEBUG [acme.framework.configuration.ExtendedMessageSource@http-nio-8080-exec-10] Loading properties [C:\Users\raulm\Desktop\Workspace-22.0\Projects\Acme-Recipes\target\classes\WEB-INF\views\fragments\company-es.i18n] with encoding 'utf-8' 
2022-07-03 19:59:51.695 DEBUG [acme.framework.configuration.ExtendedMessageSource@http-nio-8080-exec-10] Loading properties [C:\Users\raulm\Desktop\Workspace-22.0\Projects\Acme-Recipes\target\classes\WEB-INF\views\fragments\footer-es.i18n] with encoding 'utf-8' 
2022-07-03 19:59:51.696 DEBUG [acme.framework.configuration.ExtendedMessageSource@http-nio-8080-exec-10] Loading properties [C:\Users\raulm\Desktop\Workspace-22.0\Projects\Acme-Recipes\target\classes\WEB-INF\views\fragments\license-es.i18n] with encoding 'utf-8' 
2022-07-03 19:59:51.698 DEBUG [acme.framework.configuration.ExtendedMessageSource@http-nio-8080-exec-10] Loading properties [C:\Users\raulm\Desktop\Workspace-22.0\Projects\Acme-Recipes\target\classes\WEB-INF\views\fragments\menu-es.i18n] with encoding 'utf-8' 
2022-07-03 19:59:51.698 DEBUG [acme.framework.configuration.ExtendedMessageSource@http-nio-8080-exec-10] Loading properties [C:\Users\raulm\Desktop\Workspace-22.0\Projects\Acme-Recipes\target\classes\WEB-INF\views\fragments\messsages-es.i18n] with encoding 'utf-8' 
2022-07-03 19:59:51.702 DEBUG [acme.framework.configuration.ExtendedMessageSource@http-nio-8080-exec-10] Loading properties [C:\Users\raulm\Desktop\Workspace-22.0\Projects\Acme-Recipes\target\classes\WEB-INF\views\fragments\title-es.i18n] with encoding 'utf-8' 
2022-07-03 19:59:51.703 DEBUG [acme.framework.configuration.ExtendedMessageSource@http-nio-8080-exec-10] Loading properties [C:\Users\raulm\Desktop\Workspace-22.0\Projects\Acme-Recipes\target\classes\WEB-INF\views\fragments\welcome-es.i18n] with encoding 'utf-8' 
2022-07-03 19:59:51.705 DEBUG [acme.framework.configuration.ExtendedMessageSource@http-nio-8080-exec-10] Loading properties [C:\Users\raulm\Desktop\Workspace-22.0\Projects\Acme-Recipes\target\classes\WEB-INF\views\master\defaults-es.i18n] with encoding 'utf-8' 
2022-07-03 19:59:51.705 DEBUG [acme.framework.configuration.ExtendedMessageSource@http-nio-8080-exec-10] Loading properties [C:\Users\raulm\Desktop\Workspace-22.0\Projects\Acme-Recipes\target\classes\WEB-INF\views\master\master-es.i18n] with encoding 'utf-8' 
2022-07-03 19:59:51.709 DEBUG [acme.framework.configuration.ExtendedMessageSource@http-nio-8080-exec-10] Loading properties [C:\Users\raulm\Desktop\Workspace-22.0\Projects\Acme-Recipes\target\classes\WEB-INF\views\master\throwables-es.i18n] with encoding 'utf-8' 
2022-07-03 19:59:51.710 DEBUG [acme.framework.configuration.ExtendedMessageSource@http-nio-8080-exec-10] Loading properties [C:\Users\raulm\Desktop\Workspace-22.0\Projects\Acme-Recipes\target\classes\WEB-INF\views\master\validation-es.i18n] with encoding 'utf-8' 
2022-07-03 19:59:51.897 DEBUG [org.apache.jasper.servlet.JspServlet@http-nio-8080-exec-10] JspEngine --> /WEB-INF/views/fragments/welcome.jsp 
2022-07-03 19:59:51.897 DEBUG [org.apache.jasper.servlet.JspServlet@http-nio-8080-exec-10] ServletPath: /WEB-INF/views/master/page.jsp 
2022-07-03 19:59:51.897 DEBUG [org.apache.jasper.servlet.JspServlet@http-nio-8080-exec-10] PathInfo: null 
2022-07-03 19:59:51.899 DEBUG [org.apache.jasper.servlet.JspServlet@http-nio-8080-exec-10] RealPath: C:\Users\raulm\Desktop\Workspace-22.0\Projects\Acme-Recipes\target\classes\WEB-INF\views\fragments\welcome.jsp 
2022-07-03 19:59:51.899 DEBUG [org.apache.jasper.servlet.JspServlet@http-nio-8080-exec-10] RequestURI: /acme-recipes-22.8/WEB-INF/views/master/page.jsp 
2022-07-03 19:59:51.901 DEBUG [org.apache.jasper.servlet.JspServlet@http-nio-8080-exec-10] QueryString: null 
2022-07-03 19:59:52.073 DEBUG [org.hibernate.SQL@http-nio-8080-exec-10] select useraccoun0_.id as id1_0_, useraccoun0_.version as version2_0_, useraccoun0_.enabled as enabled1_6_, useraccoun0_.identity as identity2_6_, useraccoun0_.password as password3_6_, useraccoun0_.username as username4_6_ from user_account useraccoun0_ where useraccoun0_.username=? 
2022-07-03 19:59:52.074 TRACE [org.hibernate.type.descriptor.sql.BasicBinder@http-nio-8080-exec-10] binding parameter [1] as [VARCHAR] - [anonymous] 
2022-07-03 19:59:52.075 DEBUG [org.hibernate.SQL@http-nio-8080-exec-10] select roles0_.user_account_id as user_acc1_7_0_, roles0_.id as id1_7_0_, roles0_.id as id1_0_1_, roles0_.version as version2_0_1_, roles0_.user_account_id as user_acc1_7_1_, roles0_.company as company1_4_1_, roles0_.sector as sector2_4_1_, roles0_.company as company1_5_1_, roles0_.sector as sector2_5_1_, roles0_.clazz_ as clazz_1_ from ( select id, version, user_account_id, company, sector, 2 as clazz_ from consumer union all select id, version, user_account_id, company, sector, 3 as clazz_ from provider union all select id, version, user_account_id, null as company, null as sector, 5 as clazz_ from administrator union all select id, version, user_account_id, null as company, null as sector, 6 as clazz_ from anonymous union all select id, version, user_account_id, null as company, null as sector, 7 as clazz_ from authenticated ) roles0_ where roles0_.user_account_id=? 
2022-07-03 19:59:52.075 TRACE [org.hibernate.type.descriptor.sql.BasicBinder@http-nio-8080-exec-10] binding parameter [1] as [INTEGER] - [1] 
2022-07-03 20:00:00.290 DEBUG [acme.framework.components.tiles.DynamicTilesView@http-nio-8080-exec-9] View name 'fragments/welcome', model {} 
2022-07-03 20:00:00.292 DEBUG [org.apache.jasper.servlet.JspServlet@http-nio-8080-exec-9] JspEngine --> /WEB-INF/views/master/page.jsp 
2022-07-03 20:00:00.293 DEBUG [org.apache.jasper.servlet.JspServlet@http-nio-8080-exec-9] ServletPath: /WEB-INF/views/master/page.jsp 
2022-07-03 20:00:00.293 DEBUG [org.apache.jasper.servlet.JspServlet@http-nio-8080-exec-9] PathInfo: null 
2022-07-03 20:00:00.293 DEBUG [org.apache.jasper.servlet.JspServlet@http-nio-8080-exec-9] RealPath: C:\Users\raulm\Desktop\Workspace-22.0\Projects\Acme-Recipes\target\classes\WEB-INF\views\master\page.jsp 
2022-07-03 20:00:00.297 DEBUG [org.apache.jasper.servlet.JspServlet@http-nio-8080-exec-9] RequestURI: /acme-recipes-22.8/WEB-INF/views/master/page.jsp 
2022-07-03 20:00:00.298 DEBUG [org.apache.jasper.servlet.JspServlet@http-nio-8080-exec-9] QueryString: null 
2022-07-03 20:00:00.415 DEBUG [org.apache.jasper.servlet.JspServlet@http-nio-8080-exec-9] JspEngine --> /WEB-INF/views/fragments/welcome.jsp 
2022-07-03 20:00:00.416 DEBUG [org.apache.jasper.servlet.JspServlet@http-nio-8080-exec-9] ServletPath: /WEB-INF/views/master/page.jsp 
2022-07-03 20:00:00.417 DEBUG [org.apache.jasper.servlet.JspServlet@http-nio-8080-exec-9] PathInfo: null 
2022-07-03 20:00:00.418 DEBUG [org.apache.jasper.servlet.JspServlet@http-nio-8080-exec-9] RealPath: C:\Users\raulm\Desktop\Workspace-22.0\Projects\Acme-Recipes\target\classes\WEB-INF\views\fragments\welcome.jsp 
2022-07-03 20:00:00.419 DEBUG [org.apache.jasper.servlet.JspServlet@http-nio-8080-exec-9] RequestURI: /acme-recipes-22.8/WEB-INF/views/master/page.jsp 
2022-07-03 20:00:00.419 DEBUG [org.apache.jasper.servlet.JspServlet@http-nio-8080-exec-9] QueryString: null 
2022-07-03 20:00:00.560 DEBUG [org.hibernate.SQL@http-nio-8080-exec-9] select useraccoun0_.id as id1_0_, useraccoun0_.version as version2_0_, useraccoun0_.enabled as enabled1_6_, useraccoun0_.identity as identity2_6_, useraccoun0_.password as password3_6_, useraccoun0_.username as username4_6_ from user_account useraccoun0_ where useraccoun0_.username=? 
2022-07-03 20:00:00.561 TRACE [org.hibernate.type.descriptor.sql.BasicBinder@http-nio-8080-exec-9] binding parameter [1] as [VARCHAR] - [anonymous] 
2022-07-03 20:00:00.565 DEBUG [org.hibernate.SQL@http-nio-8080-exec-9] select roles0_.user_account_id as user_acc1_7_0_, roles0_.id as id1_7_0_, roles0_.id as id1_0_1_, roles0_.version as version2_0_1_, roles0_.user_account_id as user_acc1_7_1_, roles0_.company as company1_4_1_, roles0_.sector as sector2_4_1_, roles0_.company as company1_5_1_, roles0_.sector as sector2_5_1_, roles0_.clazz_ as clazz_1_ from ( select id, version, user_account_id, company, sector, 2 as clazz_ from consumer union all select id, version, user_account_id, company, sector, 3 as clazz_ from provider union all select id, version, user_account_id, null as company, null as sector, 5 as clazz_ from administrator union all select id, version, user_account_id, null as company, null as sector, 6 as clazz_ from anonymous union all select id, version, user_account_id, null as company, null as sector, 7 as clazz_ from authenticated ) roles0_ where roles0_.user_account_id=? 
2022-07-03 20:00:00.566 TRACE [org.hibernate.type.descriptor.sql.BasicBinder@http-nio-8080-exec-9] binding parameter [1] as [INTEGER] - [1] 
2022-07-03 20:01:37.632 DEBUG [acme.framework.components.tiles.DynamicTilesView@http-nio-8080-exec-6] View name 'fragments/welcome', model {} 
2022-07-03 20:01:37.637 DEBUG [org.apache.jasper.servlet.JspServlet@http-nio-8080-exec-6] JspEngine --> /WEB-INF/views/master/page.jsp 
2022-07-03 20:01:37.639 DEBUG [org.apache.jasper.servlet.JspServlet@http-nio-8080-exec-6] ServletPath: /WEB-INF/views/master/page.jsp 
2022-07-03 20:01:37.641 DEBUG [org.apache.jasper.servlet.JspServlet@http-nio-8080-exec-6] PathInfo: null 
2022-07-03 20:01:37.647 DEBUG [org.apache.jasper.servlet.JspServlet@http-nio-8080-exec-6] RealPath: C:\Users\raulm\Desktop\Workspace-22.0\Projects\Acme-Recipes\target\classes\WEB-INF\views\master\page.jsp 
2022-07-03 20:01:37.649 DEBUG [org.apache.jasper.servlet.JspServlet@http-nio-8080-exec-6] RequestURI: /acme-recipes-22.8/WEB-INF/views/master/page.jsp 
2022-07-03 20:01:37.649 DEBUG [org.apache.jasper.servlet.JspServlet@http-nio-8080-exec-6] QueryString: null 
2022-07-03 20:01:37.774 DEBUG [org.apache.jasper.servlet.JspServlet@http-nio-8080-exec-6] JspEngine --> /WEB-INF/views/fragments/welcome.jsp 
2022-07-03 20:01:37.774 DEBUG [org.apache.jasper.servlet.JspServlet@http-nio-8080-exec-6] ServletPath: /WEB-INF/views/master/page.jsp 
2022-07-03 20:01:37.774 DEBUG [org.apache.jasper.servlet.JspServlet@http-nio-8080-exec-6] PathInfo: null 
2022-07-03 20:01:37.776 DEBUG [org.apache.jasper.servlet.JspServlet@http-nio-8080-exec-6] RealPath: C:\Users\raulm\Desktop\Workspace-22.0\Projects\Acme-Recipes\target\classes\WEB-INF\views\fragments\welcome.jsp 
2022-07-03 20:01:37.776 DEBUG [org.apache.jasper.servlet.JspServlet@http-nio-8080-exec-6] RequestURI: /acme-recipes-22.8/WEB-INF/views/master/page.jsp 
2022-07-03 20:01:37.776 DEBUG [org.apache.jasper.servlet.JspServlet@http-nio-8080-exec-6] QueryString: null 
2022-07-03 20:01:37.837 DEBUG [org.hibernate.SQL@http-nio-8080-exec-6] select useraccoun0_.id as id1_0_, useraccoun0_.version as version2_0_, useraccoun0_.enabled as enabled1_6_, useraccoun0_.identity as identity2_6_, useraccoun0_.password as password3_6_, useraccoun0_.username as username4_6_ from user_account useraccoun0_ where useraccoun0_.username=? 
2022-07-03 20:01:37.838 TRACE [org.hibernate.type.descriptor.sql.BasicBinder@http-nio-8080-exec-6] binding parameter [1] as [VARCHAR] - [anonymous] 
2022-07-03 20:01:37.841 DEBUG [org.hibernate.SQL@http-nio-8080-exec-6] select roles0_.user_account_id as user_acc1_7_0_, roles0_.id as id1_7_0_, roles0_.id as id1_0_1_, roles0_.version as version2_0_1_, roles0_.user_account_id as user_acc1_7_1_, roles0_.company as company1_4_1_, roles0_.sector as sector2_4_1_, roles0_.company as company1_5_1_, roles0_.sector as sector2_5_1_, roles0_.clazz_ as clazz_1_ from ( select id, version, user_account_id, company, sector, 2 as clazz_ from consumer union all select id, version, user_account_id, company, sector, 3 as clazz_ from provider union all select id, version, user_account_id, null as company, null as sector, 5 as clazz_ from administrator union all select id, version, user_account_id, null as company, null as sector, 6 as clazz_ from anonymous union all select id, version, user_account_id, null as company, null as sector, 7 as clazz_ from authenticated ) roles0_ where roles0_.user_account_id=? 
2022-07-03 20:01:37.841 TRACE [org.hibernate.type.descriptor.sql.BasicBinder@http-nio-8080-exec-6] binding parameter [1] as [INTEGER] - [1] 
2022-07-03 20:01:38.009 DEBUG [acme.framework.components.tiles.DynamicTilesView@http-nio-8080-exec-7] View name 'master/panic', model {} 
2022-07-03 20:01:38.011 DEBUG [org.apache.jasper.servlet.JspServlet@http-nio-8080-exec-7] JspEngine --> /WEB-INF/views/master/page.jsp 
2022-07-03 20:01:38.013 DEBUG [org.apache.jasper.servlet.JspServlet@http-nio-8080-exec-7] ServletPath: /WEB-INF/views/master/page.jsp 
2022-07-03 20:01:38.014 DEBUG [org.apache.jasper.servlet.JspServlet@http-nio-8080-exec-7] PathInfo: null 
2022-07-03 20:01:38.015 DEBUG [org.apache.jasper.servlet.JspServlet@http-nio-8080-exec-7] RealPath: C:\Users\raulm\Desktop\Workspace-22.0\Projects\Acme-Recipes\target\classes\WEB-INF\views\master\page.jsp 
2022-07-03 20:01:38.015 DEBUG [org.apache.jasper.servlet.JspServlet@http-nio-8080-exec-7] RequestURI: /acme-recipes-22.8/WEB-INF/views/master/page.jsp 
2022-07-03 20:01:38.017 DEBUG [org.apache.jasper.servlet.JspServlet@http-nio-8080-exec-7] QueryString: null 
2022-07-03 20:01:38.120 DEBUG [org.apache.jasper.servlet.JspServlet@http-nio-8080-exec-7] JspEngine --> /WEB-INF/views/master/panic.jsp 
2022-07-03 20:01:38.120 DEBUG [org.apache.jasper.servlet.JspServlet@http-nio-8080-exec-7] ServletPath: /WEB-INF/views/master/page.jsp 
2022-07-03 20:01:38.121 DEBUG [org.apache.jasper.servlet.JspServlet@http-nio-8080-exec-7] PathInfo: null 
2022-07-03 20:01:38.122 DEBUG [org.apache.jasper.servlet.JspServlet@http-nio-8080-exec-7] RealPath: C:\Users\raulm\Desktop\Workspace-22.0\Projects\Acme-Recipes\target\classes\WEB-INF\views\master\panic.jsp 
2022-07-03 20:01:38.122 DEBUG [org.apache.jasper.servlet.JspServlet@http-nio-8080-exec-7] RequestURI: /acme-recipes-22.8/WEB-INF/views/master/page.jsp 
2022-07-03 20:01:38.122 DEBUG [org.apache.jasper.servlet.JspServlet@http-nio-8080-exec-7] QueryString: null 
2022-07-03 20:01:38.123 ERROR [org.apache.jsp.WEB_002dINF.views.master.panic_jsp@http-nio-8080-exec-7] HTTP GET /acme-recipes-22.8/WEB-INF/views/master/page.jsp HTTP/1.1 
2022-07-03 20:01:38.123 ERROR [org.apache.jsp.WEB_002dINF.views.master.panic_jsp@http-nio-8080-exec-7] Status: 404 
2022-07-03 20:01:38.234 DEBUG [org.hibernate.SQL@http-nio-8080-exec-7] select useraccoun0_.id as id1_0_, useraccoun0_.version as version2_0_, useraccoun0_.enabled as enabled1_6_, useraccoun0_.identity as identity2_6_, useraccoun0_.password as password3_6_, useraccoun0_.username as username4_6_ from user_account useraccoun0_ where useraccoun0_.username=? 
2022-07-03 20:01:38.234 TRACE [org.hibernate.type.descriptor.sql.BasicBinder@http-nio-8080-exec-7] binding parameter [1] as [VARCHAR] - [anonymous] 
2022-07-03 20:01:38.237 DEBUG [org.hibernate.SQL@http-nio-8080-exec-7] select roles0_.user_account_id as user_acc1_7_0_, roles0_.id as id1_7_0_, roles0_.id as id1_0_1_, roles0_.version as version2_0_1_, roles0_.user_account_id as user_acc1_7_1_, roles0_.company as company1_4_1_, roles0_.sector as sector2_4_1_, roles0_.company as company1_5_1_, roles0_.sector as sector2_5_1_, roles0_.clazz_ as clazz_1_ from ( select id, version, user_account_id, company, sector, 2 as clazz_ from consumer union all select id, version, user_account_id, company, sector, 3 as clazz_ from provider union all select id, version, user_account_id, null as company, null as sector, 5 as clazz_ from administrator union all select id, version, user_account_id, null as company, null as sector, 6 as clazz_ from anonymous union all select id, version, user_account_id, null as company, null as sector, 7 as clazz_ from authenticated ) roles0_ where roles0_.user_account_id=? 
2022-07-03 20:01:38.237 TRACE [org.hibernate.type.descriptor.sql.BasicBinder@http-nio-8080-exec-7] binding parameter [1] as [INTEGER] - [1] 
2022-07-03 20:01:38.478 DEBUG [acme.framework.components.tiles.DynamicTilesView@http-nio-8080-exec-1] View name 'fragments/welcome', model {} 
2022-07-03 20:01:38.479 DEBUG [org.apache.jasper.servlet.JspServlet@http-nio-8080-exec-1] JspEngine --> /WEB-INF/views/master/page.jsp 
2022-07-03 20:01:38.480 DEBUG [org.apache.jasper.servlet.JspServlet@http-nio-8080-exec-1] ServletPath: /WEB-INF/views/master/page.jsp 
2022-07-03 20:01:38.480 DEBUG [org.apache.jasper.servlet.JspServlet@http-nio-8080-exec-1] PathInfo: null 
2022-07-03 20:01:38.480 DEBUG [org.apache.jasper.servlet.JspServlet@http-nio-8080-exec-1] RealPath: C:\Users\raulm\Desktop\Workspace-22.0\Projects\Acme-Recipes\target\classes\WEB-INF\views\master\page.jsp 
2022-07-03 20:01:38.481 DEBUG [org.apache.jasper.servlet.JspServlet@http-nio-8080-exec-1] RequestURI: /acme-recipes-22.8/WEB-INF/views/master/page.jsp 
2022-07-03 20:01:38.481 DEBUG [org.apache.jasper.servlet.JspServlet@http-nio-8080-exec-1] QueryString: null 
2022-07-03 20:01:38.554 DEBUG [org.apache.jasper.servlet.JspServlet@http-nio-8080-exec-1] JspEngine --> /WEB-INF/views/fragments/welcome.jsp 
2022-07-03 20:01:38.554 DEBUG [org.apache.jasper.servlet.JspServlet@http-nio-8080-exec-1] ServletPath: /WEB-INF/views/master/page.jsp 
2022-07-03 20:01:38.555 DEBUG [org.apache.jasper.servlet.JspServlet@http-nio-8080-exec-1] PathInfo: null 
2022-07-03 20:01:38.555 DEBUG [org.apache.jasper.servlet.JspServlet@http-nio-8080-exec-1] RealPath: C:\Users\raulm\Desktop\Workspace-22.0\Projects\Acme-Recipes\target\classes\WEB-INF\views\fragments\welcome.jsp 
2022-07-03 20:01:38.555 DEBUG [org.apache.jasper.servlet.JspServlet@http-nio-8080-exec-1] RequestURI: /acme-recipes-22.8/WEB-INF/views/master/page.jsp 
2022-07-03 20:01:38.555 DEBUG [org.apache.jasper.servlet.JspServlet@http-nio-8080-exec-1] QueryString: null 
2022-07-03 20:01:38.606 DEBUG [org.hibernate.SQL@http-nio-8080-exec-1] select useraccoun0_.id as id1_0_, useraccoun0_.version as version2_0_, useraccoun0_.enabled as enabled1_6_, useraccoun0_.identity as identity2_6_, useraccoun0_.password as password3_6_, useraccoun0_.username as username4_6_ from user_account useraccoun0_ where useraccoun0_.username=? 
2022-07-03 20:01:38.607 TRACE [org.hibernate.type.descriptor.sql.BasicBinder@http-nio-8080-exec-1] binding parameter [1] as [VARCHAR] - [anonymous] 
2022-07-03 20:01:38.609 DEBUG [org.hibernate.SQL@http-nio-8080-exec-1] select roles0_.user_account_id as user_acc1_7_0_, roles0_.id as id1_7_0_, roles0_.id as id1_0_1_, roles0_.version as version2_0_1_, roles0_.user_account_id as user_acc1_7_1_, roles0_.company as company1_4_1_, roles0_.sector as sector2_4_1_, roles0_.company as company1_5_1_, roles0_.sector as sector2_5_1_, roles0_.clazz_ as clazz_1_ from ( select id, version, user_account_id, company, sector, 2 as clazz_ from consumer union all select id, version, user_account_id, company, sector, 3 as clazz_ from provider union all select id, version, user_account_id, null as company, null as sector, 5 as clazz_ from administrator union all select id, version, user_account_id, null as company, null as sector, 6 as clazz_ from anonymous union all select id, version, user_account_id, null as company, null as sector, 7 as clazz_ from authenticated ) roles0_ where roles0_.user_account_id=? 
2022-07-03 20:01:38.609 TRACE [org.hibernate.type.descriptor.sql.BasicBinder@http-nio-8080-exec-1] binding parameter [1] as [INTEGER] - [1] 
2022-07-03 20:01:38.754 DEBUG [acme.framework.components.tiles.DynamicTilesView@http-nio-8080-exec-4] View name 'master/panic', model {} 
2022-07-03 20:01:38.755 DEBUG [org.apache.jasper.servlet.JspServlet@http-nio-8080-exec-4] JspEngine --> /WEB-INF/views/master/page.jsp 
2022-07-03 20:01:38.755 DEBUG [org.apache.jasper.servlet.JspServlet@http-nio-8080-exec-4] ServletPath: /WEB-INF/views/master/page.jsp 
2022-07-03 20:01:38.755 DEBUG [org.apache.jasper.servlet.JspServlet@http-nio-8080-exec-4] PathInfo: null 
2022-07-03 20:01:38.755 DEBUG [org.apache.jasper.servlet.JspServlet@http-nio-8080-exec-4] RealPath: C:\Users\raulm\Desktop\Workspace-22.0\Projects\Acme-Recipes\target\classes\WEB-INF\views\master\page.jsp 
2022-07-03 20:01:38.756 DEBUG [org.apache.jasper.servlet.JspServlet@http-nio-8080-exec-4] RequestURI: /acme-recipes-22.8/WEB-INF/views/master/page.jsp 
2022-07-03 20:01:38.756 DEBUG [org.apache.jasper.servlet.JspServlet@http-nio-8080-exec-4] QueryString: null 
2022-07-03 20:01:38.828 DEBUG [org.apache.jasper.servlet.JspServlet@http-nio-8080-exec-4] JspEngine --> /WEB-INF/views/master/panic.jsp 
2022-07-03 20:01:38.829 DEBUG [org.apache.jasper.servlet.JspServlet@http-nio-8080-exec-4] ServletPath: /WEB-INF/views/master/page.jsp 
2022-07-03 20:01:38.829 DEBUG [org.apache.jasper.servlet.JspServlet@http-nio-8080-exec-4] PathInfo: null 
2022-07-03 20:01:38.830 DEBUG [org.apache.jasper.servlet.JspServlet@http-nio-8080-exec-4] RealPath: C:\Users\raulm\Desktop\Workspace-22.0\Projects\Acme-Recipes\target\classes\WEB-INF\views\master\panic.jsp 
2022-07-03 20:01:38.830 DEBUG [org.apache.jasper.servlet.JspServlet@http-nio-8080-exec-4] RequestURI: /acme-recipes-22.8/WEB-INF/views/master/page.jsp 
2022-07-03 20:01:38.830 DEBUG [org.apache.jasper.servlet.JspServlet@http-nio-8080-exec-4] QueryString: null 
2022-07-03 20:01:38.831 ERROR [org.apache.jsp.WEB_002dINF.views.master.panic_jsp@http-nio-8080-exec-4] HTTP GET /acme-recipes-22.8/WEB-INF/views/master/page.jsp HTTP/1.1 
2022-07-03 20:01:38.831 ERROR [org.apache.jsp.WEB_002dINF.views.master.panic_jsp@http-nio-8080-exec-4] Status: 404 
2022-07-03 20:01:38.924 DEBUG [org.hibernate.SQL@http-nio-8080-exec-4] select useraccoun0_.id as id1_0_, useraccoun0_.version as version2_0_, useraccoun0_.enabled as enabled1_6_, useraccoun0_.identity as identity2_6_, useraccoun0_.password as password3_6_, useraccoun0_.username as username4_6_ from user_account useraccoun0_ where useraccoun0_.username=? 
2022-07-03 20:01:38.924 TRACE [org.hibernate.type.descriptor.sql.BasicBinder@http-nio-8080-exec-4] binding parameter [1] as [VARCHAR] - [anonymous] 
2022-07-03 20:01:38.926 DEBUG [org.hibernate.SQL@http-nio-8080-exec-4] select roles0_.user_account_id as user_acc1_7_0_, roles0_.id as id1_7_0_, roles0_.id as id1_0_1_, roles0_.version as version2_0_1_, roles0_.user_account_id as user_acc1_7_1_, roles0_.company as company1_4_1_, roles0_.sector as sector2_4_1_, roles0_.company as company1_5_1_, roles0_.sector as sector2_5_1_, roles0_.clazz_ as clazz_1_ from ( select id, version, user_account_id, company, sector, 2 as clazz_ from consumer union all select id, version, user_account_id, company, sector, 3 as clazz_ from provider union all select id, version, user_account_id, null as company, null as sector, 5 as clazz_ from administrator union all select id, version, user_account_id, null as company, null as sector, 6 as clazz_ from anonymous union all select id, version, user_account_id, null as company, null as sector, 7 as clazz_ from authenticated ) roles0_ where roles0_.user_account_id=? 
2022-07-03 20:01:38.927 TRACE [org.hibernate.type.descriptor.sql.BasicBinder@http-nio-8080-exec-4] binding parameter [1] as [INTEGER] - [1] 
2022-07-03 20:01:40.378 DEBUG [acme.framework.components.tiles.DynamicTilesView@http-nio-8080-exec-3] View name 'fragments/welcome', model {} 
2022-07-03 20:01:40.383 DEBUG [org.apache.jasper.servlet.JspServlet@http-nio-8080-exec-3] JspEngine --> /WEB-INF/views/master/page.jsp 
2022-07-03 20:01:40.385 DEBUG [org.apache.jasper.servlet.JspServlet@http-nio-8080-exec-3] ServletPath: /WEB-INF/views/master/page.jsp 
2022-07-03 20:01:40.386 DEBUG [org.apache.jasper.servlet.JspServlet@http-nio-8080-exec-3] PathInfo: null 
2022-07-03 20:01:40.387 DEBUG [org.apache.jasper.servlet.JspServlet@http-nio-8080-exec-3] RealPath: C:\Users\raulm\Desktop\Workspace-22.0\Projects\Acme-Recipes\target\classes\WEB-INF\views\master\page.jsp 
2022-07-03 20:01:40.387 DEBUG [org.apache.jasper.servlet.JspServlet@http-nio-8080-exec-3] RequestURI: /acme-recipes-22.8/WEB-INF/views/master/page.jsp 
2022-07-03 20:01:40.388 DEBUG [org.apache.jasper.servlet.JspServlet@http-nio-8080-exec-3] QueryString: null 
2022-07-03 20:01:40.543 DEBUG [org.apache.jasper.servlet.JspServlet@http-nio-8080-exec-3] JspEngine --> /WEB-INF/views/fragments/welcome.jsp 
2022-07-03 20:01:40.544 DEBUG [org.apache.jasper.servlet.JspServlet@http-nio-8080-exec-3] ServletPath: /WEB-INF/views/master/page.jsp 
2022-07-03 20:01:40.544 DEBUG [org.apache.jasper.servlet.JspServlet@http-nio-8080-exec-3] PathInfo: null 
2022-07-03 20:01:40.544 DEBUG [org.apache.jasper.servlet.JspServlet@http-nio-8080-exec-3] RealPath: C:\Users\raulm\Desktop\Workspace-22.0\Projects\Acme-Recipes\target\classes\WEB-INF\views\fragments\welcome.jsp 
2022-07-03 20:01:40.546 DEBUG [org.apache.jasper.servlet.JspServlet@http-nio-8080-exec-3] RequestURI: /acme-recipes-22.8/WEB-INF/views/master/page.jsp 
2022-07-03 20:01:40.547 DEBUG [org.apache.jasper.servlet.JspServlet@http-nio-8080-exec-3] QueryString: null 
2022-07-03 20:01:40.674 DEBUG [org.hibernate.SQL@http-nio-8080-exec-3] select useraccoun0_.id as id1_0_, useraccoun0_.version as version2_0_, useraccoun0_.enabled as enabled1_6_, useraccoun0_.identity as identity2_6_, useraccoun0_.password as password3_6_, useraccoun0_.username as username4_6_ from user_account useraccoun0_ where useraccoun0_.username=? 
2022-07-03 20:01:40.675 TRACE [org.hibernate.type.descriptor.sql.BasicBinder@http-nio-8080-exec-3] binding parameter [1] as [VARCHAR] - [anonymous] 
2022-07-03 20:01:40.678 DEBUG [org.hibernate.SQL@http-nio-8080-exec-3] select roles0_.user_account_id as user_acc1_7_0_, roles0_.id as id1_7_0_, roles0_.id as id1_0_1_, roles0_.version as version2_0_1_, roles0_.user_account_id as user_acc1_7_1_, roles0_.company as company1_4_1_, roles0_.sector as sector2_4_1_, roles0_.company as company1_5_1_, roles0_.sector as sector2_5_1_, roles0_.clazz_ as clazz_1_ from ( select id, version, user_account_id, company, sector, 2 as clazz_ from consumer union all select id, version, user_account_id, company, sector, 3 as clazz_ from provider union all select id, version, user_account_id, null as company, null as sector, 5 as clazz_ from administrator union all select id, version, user_account_id, null as company, null as sector, 6 as clazz_ from anonymous union all select id, version, user_account_id, null as company, null as sector, 7 as clazz_ from authenticated ) roles0_ where roles0_.user_account_id=? 
2022-07-03 20:01:40.680 TRACE [org.hibernate.type.descriptor.sql.BasicBinder@http-nio-8080-exec-3] binding parameter [1] as [INTEGER] - [1] 
2022-07-03 20:01:40.822 DEBUG [acme.framework.components.tiles.DynamicTilesView@http-nio-8080-exec-5] View name 'master/panic', model {} 
2022-07-03 20:01:40.823 DEBUG [org.apache.jasper.servlet.JspServlet@http-nio-8080-exec-5] JspEngine --> /WEB-INF/views/master/page.jsp 
2022-07-03 20:01:40.823 DEBUG [org.apache.jasper.servlet.JspServlet@http-nio-8080-exec-5] ServletPath: /WEB-INF/views/master/page.jsp 
2022-07-03 20:01:40.823 DEBUG [org.apache.jasper.servlet.JspServlet@http-nio-8080-exec-5] PathInfo: null 
2022-07-03 20:01:40.824 DEBUG [org.apache.jasper.servlet.JspServlet@http-nio-8080-exec-5] RealPath: C:\Users\raulm\Desktop\Workspace-22.0\Projects\Acme-Recipes\target\classes\WEB-INF\views\master\page.jsp 
2022-07-03 20:01:40.825 DEBUG [org.apache.jasper.servlet.JspServlet@http-nio-8080-exec-5] RequestURI: /acme-recipes-22.8/WEB-INF/views/master/page.jsp 
2022-07-03 20:01:40.825 DEBUG [org.apache.jasper.servlet.JspServlet@http-nio-8080-exec-5] QueryString: null 
2022-07-03 20:01:40.948 DEBUG [org.apache.jasper.servlet.JspServlet@http-nio-8080-exec-5] JspEngine --> /WEB-INF/views/master/panic.jsp 
2022-07-03 20:01:40.949 DEBUG [org.apache.jasper.servlet.JspServlet@http-nio-8080-exec-5] ServletPath: /WEB-INF/views/master/page.jsp 
2022-07-03 20:01:40.950 DEBUG [org.apache.jasper.servlet.JspServlet@http-nio-8080-exec-5] PathInfo: null 
2022-07-03 20:01:40.950 DEBUG [org.apache.jasper.servlet.JspServlet@http-nio-8080-exec-5] RealPath: C:\Users\raulm\Desktop\Workspace-22.0\Projects\Acme-Recipes\target\classes\WEB-INF\views\master\panic.jsp 
2022-07-03 20:01:40.951 DEBUG [org.apache.jasper.servlet.JspServlet@http-nio-8080-exec-5] RequestURI: /acme-recipes-22.8/WEB-INF/views/master/page.jsp 
2022-07-03 20:01:40.952 DEBUG [org.apache.jasper.servlet.JspServlet@http-nio-8080-exec-5] QueryString: null 
2022-07-03 20:01:40.952 ERROR [org.apache.jsp.WEB_002dINF.views.master.panic_jsp@http-nio-8080-exec-5] HTTP GET /acme-recipes-22.8/WEB-INF/views/master/page.jsp HTTP/1.1 
2022-07-03 20:01:40.952 ERROR [org.apache.jsp.WEB_002dINF.views.master.panic_jsp@http-nio-8080-exec-5] Status: 404 
2022-07-03 20:01:41.139 DEBUG [org.hibernate.SQL@http-nio-8080-exec-5] select useraccoun0_.id as id1_0_, useraccoun0_.version as version2_0_, useraccoun0_.enabled as enabled1_6_, useraccoun0_.identity as identity2_6_, useraccoun0_.password as password3_6_, useraccoun0_.username as username4_6_ from user_account useraccoun0_ where useraccoun0_.username=? 
2022-07-03 20:01:41.141 TRACE [org.hibernate.type.descriptor.sql.BasicBinder@http-nio-8080-exec-5] binding parameter [1] as [VARCHAR] - [anonymous] 
2022-07-03 20:01:41.149 DEBUG [org.hibernate.SQL@http-nio-8080-exec-5] select roles0_.user_account_id as user_acc1_7_0_, roles0_.id as id1_7_0_, roles0_.id as id1_0_1_, roles0_.version as version2_0_1_, roles0_.user_account_id as user_acc1_7_1_, roles0_.company as company1_4_1_, roles0_.sector as sector2_4_1_, roles0_.company as company1_5_1_, roles0_.sector as sector2_5_1_, roles0_.clazz_ as clazz_1_ from ( select id, version, user_account_id, company, sector, 2 as clazz_ from consumer union all select id, version, user_account_id, company, sector, 3 as clazz_ from provider union all select id, version, user_account_id, null as company, null as sector, 5 as clazz_ from administrator union all select id, version, user_account_id, null as company, null as sector, 6 as clazz_ from anonymous union all select id, version, user_account_id, null as company, null as sector, 7 as clazz_ from authenticated ) roles0_ where roles0_.user_account_id=? 
2022-07-03 20:01:41.150 TRACE [org.hibernate.type.descriptor.sql.BasicBinder@http-nio-8080-exec-5] binding parameter [1] as [INTEGER] - [1] 
2022-07-03 20:01:47.350 INFO  [acme.Launcher@main] Starting Launcher using Java 1.8.0_281 on Duketo with PID 14464 (C:\Users\raulm\Desktop\Workspace-22.0\Frameworks\Acme-Framework-22.1\target\classes started by raulm in C:\Users\raulm\Desktop\Workspace-22.0\Projects\Acme-Recipes) 
2022-07-03 20:01:47.351 DEBUG [acme.Launcher@main] Running with Spring Boot v2.4.2, Spring v5.3.3 
2022-07-03 20:01:47.354 INFO  [acme.Launcher@main] The following profiles are active: development,default 
2022-07-03 20:01:50.908 DEBUG [org.apache.jasper.servlet.JasperInitializer@main] Initializing Jasper for context [application] 
2022-07-03 20:01:56.241 WARN  [org.springframework.boot.web.servlet.context.AnnotationConfigServletWebServerApplicationContext@main] Exception encountered during context initialization - cancelling refresh attempt: org.springframework.context.ApplicationContextException: Failed to start bean 'webServerStartStop'; nested exception is org.springframework.boot.web.server.PortInUseException: Port 8080 is already in use 
2022-07-03 20:01:56.245 INFO  [acme.framework.configuration.ShutdownConfiguration@main] The system is shutting down... 
2022-07-03 20:01:56.362 ERROR [org.springframework.boot.diagnostics.LoggingFailureAnalysisReporter@main] ***************************\nAPPLICATION FAILED TO START\n***************************\nDescription:\nWeb server failed to start. Port 8080 was already in use.\nAction:\nIdentify and stop the process that's listening on port 8080 or configure this application to listen on another port. 
2022-07-03 20:01:56.367 ERROR [acme.Launcher@main] org.springframework.context.support.DefaultLifecycleProcessor.doStart(DefaultLifecycleProcessor.java:181): Failed to start bean 'webServerStartStop'; nested exception is org.springframework.boot.web.server.PortInUseException: Port 8080 is already in use\norg.springframework.boot.web.server.PortInUseException.lambda$throwIfPortBindingException$0(PortInUseException.java:70): Port 8080 is already in use\norg.apache.catalina.core.StandardService.addConnector(StandardService.java:244): standardService.connector.startFailed\norg.apache.catalina.connector.Connector.startInternal(Connector.java:1067): Protocol handler start failed\nsun.nio.ch.Net.bind0(Native Method): Address already in use: bind 
2022-07-03 20:01:56.368 INFO  [acme.Launcher@main] The application log provides additional debugging messages! 
2022-07-03 20:01:57.375 DEBUG [acme.Launcher@main] Exit code = 1 
