2022-07-03 20:03:13.762 INFO  [acme.Launcher@main] Starting Launcher using Java 1.8.0_281 on Duketo with PID 9308 (C:\Users\raulm\Desktop\Workspace-22.0\Frameworks\Acme-Framework-22.1\target\classes started by raulm in C:\Users\raulm\Desktop\Workspace-22.0\Projects\Acme-Recipes) 
2022-07-03 20:03:13.764 DEBUG [acme.Launcher@main] Running with Spring Boot v2.4.2, Spring v5.3.3 
2022-07-03 20:03:13.765 INFO  [acme.Launcher@main] The following profiles are active: development,default 
2022-07-03 20:03:17.177 DEBUG [org.apache.jasper.servlet.JasperInitializer@main] Initializing Jasper for context [application] 
2022-07-03 20:03:22.598 DEBUG [org.apache.jasper.servlet.JspServlet@main] Scratch dir for the JSP engine is: [C:\Users\raulm\AppData\Local\Temp\tomcat.8080.1587645560380177664\work\Tomcat\localhost\acme-recipes-22.8] 
2022-07-03 20:03:22.598 DEBUG [org.apache.jasper.servlet.JspServlet@main] IMPORTANT: Do not modify the generated servlets 
2022-07-03 20:03:22.625 INFO  [acme.Launcher@main] Started Launcher in 9.704 seconds (JVM running for 10.742) 
2022-07-03 20:03:22.638 DEBUG [acme.Launcher@main] Found classpath entry '/C:/Users/raulm/Desktop/Workspace-22.0/Projects/Acme-Recipes/target/classes/' 
2022-07-03 20:03:22.639 DEBUG [acme.Launcher@main] Found classpath entry '/C:/Users/raulm/Desktop/Workspace-22.0/Projects/Acme-Recipes/target/test-classes/' 
2022-07-03 20:03:22.639 DEBUG [acme.Launcher@main] Found classpath entry '/C:/Users/raulm/.m2/repository/org/springframework/boot/spring-boot-starter-tomcat/2.4.2/spring-boot-starter-tomcat-2.4.2.jar' 
2022-07-03 20:03:22.639 DEBUG [acme.Launcher@main] Found classpath entry '/C:/Users/raulm/.m2/repository/jakarta/annotation/jakarta.annotation-api/1.3.5/jakarta.annotation-api-1.3.5.jar' 
2022-07-03 20:03:22.640 DEBUG [acme.Launcher@main] Found classpath entry '/C:/Users/raulm/.m2/repository/org/apache/tomcat/embed/tomcat-embed-core/9.0.41/tomcat-embed-core-9.0.41.jar' 
2022-07-03 20:03:22.640 DEBUG [acme.Launcher@main] Found classpath entry '/C:/Users/raulm/.m2/repository/org/glassfish/jakarta.el/3.0.3/jakarta.el-3.0.3.jar' 
2022-07-03 20:03:22.641 DEBUG [acme.Launcher@main] Found classpath entry '/C:/Users/raulm/.m2/repository/org/apache/tomcat/embed/tomcat-embed-websocket/9.0.41/tomcat-embed-websocket-9.0.41.jar' 
2022-07-03 20:03:22.641 DEBUG [acme.Launcher@main] Found classpath entry '/C:/Users/raulm/.m2/repository/org/apache/tomcat/embed/tomcat-embed-jasper/9.0.41/tomcat-embed-jasper-9.0.41.jar' 
2022-07-03 20:03:22.642 DEBUG [acme.Launcher@main] Found classpath entry '/C:/Users/raulm/.m2/repository/org/apache/tomcat/embed/tomcat-embed-el/9.0.41/tomcat-embed-el-9.0.41.jar' 
2022-07-03 20:03:22.642 DEBUG [acme.Launcher@main] Found classpath entry '/C:/Users/raulm/.m2/repository/org/eclipse/jdt/ecj/3.18.0/ecj-3.18.0.jar' 
2022-07-03 20:03:22.642 DEBUG [acme.Launcher@main] Found classpath entry '/C:/Users/raulm/.m2/repository/javax/servlet/jstl/1.2/jstl-1.2.jar' 
2022-07-03 20:03:22.642 DEBUG [acme.Launcher@main] Found classpath entry '/C:/Users/raulm/.m2/repository/org/springframework/boot/spring-boot-starter-test/2.4.2/spring-boot-starter-test-2.4.2.jar' 
2022-07-03 20:03:22.643 DEBUG [acme.Launcher@main] Found classpath entry '/C:/Users/raulm/.m2/repository/org/springframework/boot/spring-boot-starter/2.4.2/spring-boot-starter-2.4.2.jar' 
2022-07-03 20:03:22.643 DEBUG [acme.Launcher@main] Found classpath entry '/C:/Users/raulm/.m2/repository/org/springframework/boot/spring-boot/2.4.2/spring-boot-2.4.2.jar' 
2022-07-03 20:03:22.643 DEBUG [acme.Launcher@main] Found classpath entry '/C:/Users/raulm/.m2/repository/org/springframework/boot/spring-boot-autoconfigure/2.4.2/spring-boot-autoconfigure-2.4.2.jar' 
2022-07-03 20:03:22.643 DEBUG [acme.Launcher@main] Found classpath entry '/C:/Users/raulm/.m2/repository/org/springframework/boot/spring-boot-starter-logging/2.4.2/spring-boot-starter-logging-2.4.2.jar' 
2022-07-03 20:03:22.644 DEBUG [acme.Launcher@main] Found classpath entry '/C:/Users/raulm/.m2/repository/ch/qos/logback/logback-classic/1.2.3/logback-classic-1.2.3.jar' 
2022-07-03 20:03:22.644 DEBUG [acme.Launcher@main] Found classpath entry '/C:/Users/raulm/.m2/repository/ch/qos/logback/logback-core/1.2.3/logback-core-1.2.3.jar' 
2022-07-03 20:03:22.644 DEBUG [acme.Launcher@main] Found classpath entry '/C:/Users/raulm/.m2/repository/org/apache/logging/log4j/log4j-to-slf4j/2.13.3/log4j-to-slf4j-2.13.3.jar' 
2022-07-03 20:03:22.645 DEBUG [acme.Launcher@main] Found classpath entry '/C:/Users/raulm/.m2/repository/org/apache/logging/log4j/log4j-api/2.13.3/log4j-api-2.13.3.jar' 
2022-07-03 20:03:22.645 DEBUG [acme.Launcher@main] Found classpath entry '/C:/Users/raulm/.m2/repository/org/slf4j/jul-to-slf4j/1.7.30/jul-to-slf4j-1.7.30.jar' 
2022-07-03 20:03:22.645 DEBUG [acme.Launcher@main] Found classpath entry '/C:/Users/raulm/.m2/repository/org/yaml/snakeyaml/1.27/snakeyaml-1.27.jar' 
2022-07-03 20:03:22.645 DEBUG [acme.Launcher@main] Found classpath entry '/C:/Users/raulm/.m2/repository/org/springframework/boot/spring-boot-test/2.4.2/spring-boot-test-2.4.2.jar' 
2022-07-03 20:03:22.646 DEBUG [acme.Launcher@main] Found classpath entry '/C:/Users/raulm/.m2/repository/org/springframework/boot/spring-boot-test-autoconfigure/2.4.2/spring-boot-test-autoconfigure-2.4.2.jar' 
2022-07-03 20:03:22.646 DEBUG [acme.Launcher@main] Found classpath entry '/C:/Users/raulm/.m2/repository/com/jayway/jsonpath/json-path/2.4.0/json-path-2.4.0.jar' 
2022-07-03 20:03:22.646 DEBUG [acme.Launcher@main] Found classpath entry '/C:/Users/raulm/.m2/repository/net/minidev/json-smart/2.3/json-smart-2.3.jar' 
2022-07-03 20:03:22.646 DEBUG [acme.Launcher@main] Found classpath entry '/C:/Users/raulm/.m2/repository/net/minidev/accessors-smart/1.2/accessors-smart-1.2.jar' 
2022-07-03 20:03:22.647 DEBUG [acme.Launcher@main] Found classpath entry '/C:/Users/raulm/.m2/repository/org/ow2/asm/asm/5.0.4/asm-5.0.4.jar' 
2022-07-03 20:03:22.647 DEBUG [acme.Launcher@main] Found classpath entry '/C:/Users/raulm/.m2/repository/jakarta/xml/bind/jakarta.xml.bind-api/2.3.3/jakarta.xml.bind-api-2.3.3.jar' 
2022-07-03 20:03:22.647 DEBUG [acme.Launcher@main] Found classpath entry '/C:/Users/raulm/.m2/repository/jakarta/activation/jakarta.activation-api/1.2.2/jakarta.activation-api-1.2.2.jar' 
2022-07-03 20:03:22.647 DEBUG [acme.Launcher@main] Found classpath entry '/C:/Users/raulm/.m2/repository/org/assertj/assertj-core/3.18.1/assertj-core-3.18.1.jar' 
2022-07-03 20:03:22.648 DEBUG [acme.Launcher@main] Found classpath entry '/C:/Users/raulm/.m2/repository/org/hamcrest/hamcrest/2.2/hamcrest-2.2.jar' 
2022-07-03 20:03:22.648 DEBUG [acme.Launcher@main] Found classpath entry '/C:/Users/raulm/.m2/repository/org/junit/jupiter/junit-jupiter/5.7.0/junit-jupiter-5.7.0.jar' 
2022-07-03 20:03:22.648 DEBUG [acme.Launcher@main] Found classpath entry '/C:/Users/raulm/.m2/repository/org/mockito/mockito-core/3.6.28/mockito-core-3.6.28.jar' 
2022-07-03 20:03:22.648 DEBUG [acme.Launcher@main] Found classpath entry '/C:/Users/raulm/.m2/repository/net/bytebuddy/byte-buddy-agent/1.10.19/byte-buddy-agent-1.10.19.jar' 
2022-07-03 20:03:22.649 DEBUG [acme.Launcher@main] Found classpath entry '/C:/Users/raulm/.m2/repository/org/objenesis/objenesis/3.1/objenesis-3.1.jar' 
2022-07-03 20:03:22.650 DEBUG [acme.Launcher@main] Found classpath entry '/C:/Users/raulm/.m2/repository/org/mockito/mockito-junit-jupiter/3.6.28/mockito-junit-jupiter-3.6.28.jar' 
2022-07-03 20:03:22.650 DEBUG [acme.Launcher@main] Found classpath entry '/C:/Users/raulm/.m2/repository/org/skyscreamer/jsonassert/1.5.0/jsonassert-1.5.0.jar' 
2022-07-03 20:03:22.650 DEBUG [acme.Launcher@main] Found classpath entry '/C:/Users/raulm/.m2/repository/com/vaadin/external/google/android-json/0.0.20131108.vaadin1/android-json-0.0.20131108.vaadin1.jar' 
2022-07-03 20:03:22.650 DEBUG [acme.Launcher@main] Found classpath entry '/C:/Users/raulm/.m2/repository/org/springframework/spring-core/5.3.3/spring-core-5.3.3.jar' 
2022-07-03 20:03:22.650 DEBUG [acme.Launcher@main] Found classpath entry '/C:/Users/raulm/.m2/repository/org/springframework/spring-jcl/5.3.3/spring-jcl-5.3.3.jar' 
2022-07-03 20:03:22.651 DEBUG [acme.Launcher@main] Found classpath entry '/C:/Users/raulm/.m2/repository/org/springframework/spring-test/5.3.3/spring-test-5.3.3.jar' 
2022-07-03 20:03:22.651 DEBUG [acme.Launcher@main] Found classpath entry '/C:/Users/raulm/.m2/repository/org/xmlunit/xmlunit-core/2.7.0/xmlunit-core-2.7.0.jar' 
2022-07-03 20:03:22.651 DEBUG [acme.Launcher@main] Found classpath entry '/C:/Users/raulm/.m2/repository/org/springframework/boot/spring-boot-starter-security/2.4.2/spring-boot-starter-security-2.4.2.jar' 
2022-07-03 20:03:22.652 DEBUG [acme.Launcher@main] Found classpath entry '/C:/Users/raulm/.m2/repository/org/springframework/spring-aop/5.3.3/spring-aop-5.3.3.jar' 
2022-07-03 20:03:22.652 DEBUG [acme.Launcher@main] Found classpath entry '/C:/Users/raulm/.m2/repository/org/springframework/security/spring-security-web/5.4.2/spring-security-web-5.4.2.jar' 
2022-07-03 20:03:22.652 DEBUG [acme.Launcher@main] Found classpath entry '/C:/Users/raulm/.m2/repository/org/springframework/security/spring-security-core/5.4.2/spring-security-core-5.4.2.jar' 
2022-07-03 20:03:22.652 DEBUG [acme.Launcher@main] Found classpath entry '/C:/Users/raulm/.m2/repository/org/springframework/spring-beans/5.3.3/spring-beans-5.3.3.jar' 
2022-07-03 20:03:22.653 DEBUG [acme.Launcher@main] Found classpath entry '/C:/Users/raulm/.m2/repository/org/springframework/spring-context/5.3.3/spring-context-5.3.3.jar' 
2022-07-03 20:03:22.653 DEBUG [acme.Launcher@main] Found classpath entry '/C:/Users/raulm/.m2/repository/org/springframework/spring-expression/5.3.3/spring-expression-5.3.3.jar' 
2022-07-03 20:03:22.653 DEBUG [acme.Launcher@main] Found classpath entry '/C:/Users/raulm/.m2/repository/org/springframework/spring-web/5.3.3/spring-web-5.3.3.jar' 
2022-07-03 20:03:22.654 DEBUG [acme.Launcher@main] Found classpath entry '/C:/Users/raulm/.m2/repository/org/springframework/security/spring-security-config/5.4.2/spring-security-config-5.4.2.jar' 
2022-07-03 20:03:22.654 DEBUG [acme.Launcher@main] Found classpath entry '/C:/Users/raulm/.m2/repository/org/springframework/security/spring-security-taglibs/5.4.2/spring-security-taglibs-5.4.2.jar' 
2022-07-03 20:03:22.654 DEBUG [acme.Launcher@main] Found classpath entry '/C:/Users/raulm/.m2/repository/org/springframework/security/spring-security-acl/5.4.2/spring-security-acl-5.4.2.jar' 
2022-07-03 20:03:22.654 DEBUG [acme.Launcher@main] Found classpath entry '/C:/Users/raulm/.m2/repository/org/springframework/spring-jdbc/5.3.3/spring-jdbc-5.3.3.jar' 
2022-07-03 20:03:22.655 DEBUG [acme.Launcher@main] Found classpath entry '/C:/Users/raulm/.m2/repository/org/springframework/spring-tx/5.3.3/spring-tx-5.3.3.jar' 
2022-07-03 20:03:22.656 DEBUG [acme.Launcher@main] Found classpath entry '/C:/Users/raulm/.m2/repository/org/springframework/boot/spring-boot-starter-web/2.4.2/spring-boot-starter-web-2.4.2.jar' 
2022-07-03 20:03:22.657 DEBUG [acme.Launcher@main] Found classpath entry '/C:/Users/raulm/.m2/repository/org/springframework/boot/spring-boot-starter-json/2.4.2/spring-boot-starter-json-2.4.2.jar' 
2022-07-03 20:03:22.657 DEBUG [acme.Launcher@main] Found classpath entry '/C:/Users/raulm/.m2/repository/com/fasterxml/jackson/core/jackson-databind/2.11.4/jackson-databind-2.11.4.jar' 
2022-07-03 20:03:22.658 DEBUG [acme.Launcher@main] Found classpath entry '/C:/Users/raulm/.m2/repository/com/fasterxml/jackson/core/jackson-annotations/2.11.4/jackson-annotations-2.11.4.jar' 
2022-07-03 20:03:22.659 DEBUG [acme.Launcher@main] Found classpath entry '/C:/Users/raulm/.m2/repository/com/fasterxml/jackson/core/jackson-core/2.11.4/jackson-core-2.11.4.jar' 
2022-07-03 20:03:22.659 DEBUG [acme.Launcher@main] Found classpath entry '/C:/Users/raulm/.m2/repository/com/fasterxml/jackson/datatype/jackson-datatype-jdk8/2.11.4/jackson-datatype-jdk8-2.11.4.jar' 
2022-07-03 20:03:22.659 DEBUG [acme.Launcher@main] Found classpath entry '/C:/Users/raulm/.m2/repository/com/fasterxml/jackson/datatype/jackson-datatype-jsr310/2.11.4/jackson-datatype-jsr310-2.11.4.jar' 
2022-07-03 20:03:22.660 DEBUG [acme.Launcher@main] Found classpath entry '/C:/Users/raulm/.m2/repository/com/fasterxml/jackson/module/jackson-module-parameter-names/2.11.4/jackson-module-parameter-names-2.11.4.jar' 
2022-07-03 20:03:22.660 DEBUG [acme.Launcher@main] Found classpath entry '/C:/Users/raulm/.m2/repository/org/springframework/spring-webmvc/5.3.3/spring-webmvc-5.3.3.jar' 
2022-07-03 20:03:22.661 DEBUG [acme.Launcher@main] Found classpath entry '/C:/Users/raulm/.m2/repository/org/apache/tiles/tiles-jsp/3.0.8/tiles-jsp-3.0.8.jar' 
2022-07-03 20:03:22.661 DEBUG [acme.Launcher@main] Found classpath entry '/C:/Users/raulm/.m2/repository/org/apache/tiles/tiles-servlet/3.0.8/tiles-servlet-3.0.8.jar' 
2022-07-03 20:03:22.661 DEBUG [acme.Launcher@main] Found classpath entry '/C:/Users/raulm/.m2/repository/org/apache/tiles/tiles-core/3.0.8/tiles-core-3.0.8.jar' 
2022-07-03 20:03:22.662 DEBUG [acme.Launcher@main] Found classpath entry '/C:/Users/raulm/.m2/repository/commons-digester/commons-digester/2.0/commons-digester-2.0.jar' 
2022-07-03 20:03:22.662 DEBUG [acme.Launcher@main] Found classpath entry '/C:/Users/raulm/.m2/repository/org/slf4j/jcl-over-slf4j/1.7.30/jcl-over-slf4j-1.7.30.jar' 
2022-07-03 20:03:22.662 DEBUG [acme.Launcher@main] Found classpath entry '/C:/Users/raulm/.m2/repository/org/apache/tiles/tiles-request-servlet/1.0.7/tiles-request-servlet-1.0.7.jar' 
2022-07-03 20:03:22.663 DEBUG [acme.Launcher@main] Found classpath entry '/C:/Users/raulm/.m2/repository/org/apache/tiles/tiles-template/3.0.8/tiles-template-3.0.8.jar' 
2022-07-03 20:03:22.663 DEBUG [acme.Launcher@main] Found classpath entry '/C:/Users/raulm/.m2/repository/org/apache/tiles/tiles-api/3.0.8/tiles-api-3.0.8.jar' 
2022-07-03 20:03:22.663 DEBUG [acme.Launcher@main] Found classpath entry '/C:/Users/raulm/.m2/repository/org/apache/tiles/tiles-autotag-core-runtime/1.2/tiles-autotag-core-runtime-1.2.jar' 
2022-07-03 20:03:22.664 DEBUG [acme.Launcher@main] Found classpath entry '/C:/Users/raulm/.m2/repository/org/slf4j/slf4j-api/1.7.30/slf4j-api-1.7.30.jar' 
2022-07-03 20:03:22.664 DEBUG [acme.Launcher@main] Found classpath entry '/C:/Users/raulm/.m2/repository/org/apache/tiles/tiles-request-jsp/1.0.7/tiles-request-jsp-1.0.7.jar' 
2022-07-03 20:03:22.664 DEBUG [acme.Launcher@main] Found classpath entry '/C:/Users/raulm/.m2/repository/org/apache/tiles/tiles-request-api/1.0.7/tiles-request-api-1.0.7.jar' 
2022-07-03 20:03:22.666 DEBUG [acme.Launcher@main] Found classpath entry '/C:/Users/raulm/.m2/repository/org/springframework/boot/spring-boot-starter-data-jpa/2.4.2/spring-boot-starter-data-jpa-2.4.2.jar' 
2022-07-03 20:03:22.666 DEBUG [acme.Launcher@main] Found classpath entry '/C:/Users/raulm/.m2/repository/org/springframework/boot/spring-boot-starter-aop/2.4.2/spring-boot-starter-aop-2.4.2.jar' 
2022-07-03 20:03:22.666 DEBUG [acme.Launcher@main] Found classpath entry '/C:/Users/raulm/.m2/repository/org/aspectj/aspectjweaver/1.9.6/aspectjweaver-1.9.6.jar' 
2022-07-03 20:03:22.666 DEBUG [acme.Launcher@main] Found classpath entry '/C:/Users/raulm/.m2/repository/org/springframework/boot/spring-boot-starter-jdbc/2.4.2/spring-boot-starter-jdbc-2.4.2.jar' 
2022-07-03 20:03:22.667 DEBUG [acme.Launcher@main] Found classpath entry '/C:/Users/raulm/.m2/repository/jakarta/transaction/jakarta.transaction-api/1.3.3/jakarta.transaction-api-1.3.3.jar' 
2022-07-03 20:03:22.667 DEBUG [acme.Launcher@main] Found classpath entry '/C:/Users/raulm/.m2/repository/jakarta/persistence/jakarta.persistence-api/2.2.3/jakarta.persistence-api-2.2.3.jar' 
2022-07-03 20:03:22.667 DEBUG [acme.Launcher@main] Found classpath entry '/C:/Users/raulm/.m2/repository/org/hibernate/hibernate-core/5.4.27.Final/hibernate-core-5.4.27.Final.jar' 
2022-07-03 20:03:22.668 DEBUG [acme.Launcher@main] Found classpath entry '/C:/Users/raulm/.m2/repository/org/jboss/logging/jboss-logging/3.4.1.Final/jboss-logging-3.4.1.Final.jar' 
2022-07-03 20:03:22.668 DEBUG [acme.Launcher@main] Found classpath entry '/C:/Users/raulm/.m2/repository/org/javassist/javassist/3.27.0-GA/javassist-3.27.0-GA.jar' 
2022-07-03 20:03:22.669 DEBUG [acme.Launcher@main] Found classpath entry '/C:/Users/raulm/.m2/repository/antlr/antlr/2.7.7/antlr-2.7.7.jar' 
2022-07-03 20:03:22.669 DEBUG [acme.Launcher@main] Found classpath entry '/C:/Users/raulm/.m2/repository/org/jboss/jandex/2.1.3.Final/jandex-2.1.3.Final.jar' 
2022-07-03 20:03:22.669 DEBUG [acme.Launcher@main] Found classpath entry '/C:/Users/raulm/.m2/repository/com/fasterxml/classmate/1.5.1/classmate-1.5.1.jar' 
2022-07-03 20:03:22.670 DEBUG [acme.Launcher@main] Found classpath entry '/C:/Users/raulm/.m2/repository/org/dom4j/dom4j/2.1.3/dom4j-2.1.3.jar' 
2022-07-03 20:03:22.670 DEBUG [acme.Launcher@main] Found classpath entry '/C:/Users/raulm/.m2/repository/org/hibernate/common/hibernate-commons-annotations/5.1.2.Final/hibernate-commons-annotations-5.1.2.Final.jar' 
2022-07-03 20:03:22.670 DEBUG [acme.Launcher@main] Found classpath entry '/C:/Users/raulm/.m2/repository/org/glassfish/jaxb/jaxb-runtime/2.3.3/jaxb-runtime-2.3.3.jar' 
2022-07-03 20:03:22.671 DEBUG [acme.Launcher@main] Found classpath entry '/C:/Users/raulm/.m2/repository/org/glassfish/jaxb/txw2/2.3.3/txw2-2.3.3.jar' 
2022-07-03 20:03:22.671 DEBUG [acme.Launcher@main] Found classpath entry '/C:/Users/raulm/.m2/repository/com/sun/istack/istack-commons-runtime/3.0.11/istack-commons-runtime-3.0.11.jar' 
2022-07-03 20:03:22.672 DEBUG [acme.Launcher@main] Found classpath entry '/C:/Users/raulm/.m2/repository/com/sun/activation/jakarta.activation/1.2.2/jakarta.activation-1.2.2.jar' 
2022-07-03 20:03:22.672 DEBUG [acme.Launcher@main] Found classpath entry '/C:/Users/raulm/.m2/repository/org/springframework/data/spring-data-jpa/2.4.3/spring-data-jpa-2.4.3.jar' 
2022-07-03 20:03:22.672 DEBUG [acme.Launcher@main] Found classpath entry '/C:/Users/raulm/.m2/repository/org/springframework/data/spring-data-commons/2.4.3/spring-data-commons-2.4.3.jar' 
2022-07-03 20:03:22.673 DEBUG [acme.Launcher@main] Found classpath entry '/C:/Users/raulm/.m2/repository/org/springframework/spring-orm/5.3.3/spring-orm-5.3.3.jar' 
2022-07-03 20:03:22.673 DEBUG [acme.Launcher@main] Found classpath entry '/C:/Users/raulm/.m2/repository/org/springframework/spring-aspects/5.3.3/spring-aspects-5.3.3.jar' 
2022-07-03 20:03:22.673 DEBUG [acme.Launcher@main] Found classpath entry '/C:/Users/raulm/.m2/repository/org/springframework/boot/spring-boot-starter-validation/2.4.2/spring-boot-starter-validation-2.4.2.jar' 
2022-07-03 20:03:22.674 DEBUG [acme.Launcher@main] Found classpath entry '/C:/Users/raulm/.m2/repository/org/hibernate/validator/hibernate-validator/6.1.7.Final/hibernate-validator-6.1.7.Final.jar' 
2022-07-03 20:03:22.674 DEBUG [acme.Launcher@main] Found classpath entry '/C:/Users/raulm/.m2/repository/jakarta/validation/jakarta.validation-api/2.0.2/jakarta.validation-api-2.0.2.jar' 
2022-07-03 20:03:22.674 DEBUG [acme.Launcher@main] Found classpath entry '/C:/Users/raulm/.m2/repository/mysql/mysql-connector-java/8.0.22/mysql-connector-java-8.0.22.jar' 
2022-07-03 20:03:22.674 DEBUG [acme.Launcher@main] Found classpath entry '/C:/Users/raulm/.m2/repository/com/zaxxer/HikariCP/3.4.5/HikariCP-3.4.5.jar' 
2022-07-03 20:03:22.675 DEBUG [acme.Launcher@main] Found classpath entry '/C:/Users/raulm/.m2/repository/org/junit/jupiter/junit-jupiter-engine/5.7.0/junit-jupiter-engine-5.7.0.jar' 
2022-07-03 20:03:22.675 DEBUG [acme.Launcher@main] Found classpath entry '/C:/Users/raulm/.m2/repository/org/apiguardian/apiguardian-api/1.1.0/apiguardian-api-1.1.0.jar' 
2022-07-03 20:03:22.675 DEBUG [acme.Launcher@main] Found classpath entry '/C:/Users/raulm/.m2/repository/org/junit/platform/junit-platform-engine/1.7.0/junit-platform-engine-1.7.0.jar' 
2022-07-03 20:03:22.676 DEBUG [acme.Launcher@main] Found classpath entry '/C:/Users/raulm/.m2/repository/org/junit/jupiter/junit-jupiter-api/5.7.0/junit-jupiter-api-5.7.0.jar' 
2022-07-03 20:03:22.676 DEBUG [acme.Launcher@main] Found classpath entry '/C:/Users/raulm/.m2/repository/org/opentest4j/opentest4j/1.2.0/opentest4j-1.2.0.jar' 
2022-07-03 20:03:22.676 DEBUG [acme.Launcher@main] Found classpath entry '/C:/Users/raulm/.m2/repository/org/junit/platform/junit-platform-commons/1.7.0/junit-platform-commons-1.7.0.jar' 
2022-07-03 20:03:22.677 DEBUG [acme.Launcher@main] Found classpath entry '/C:/Users/raulm/.m2/repository/org/junit/jupiter/junit-jupiter-params/5.7.0/junit-jupiter-params-5.7.0.jar' 
2022-07-03 20:03:22.677 DEBUG [acme.Launcher@main] Found classpath entry '/C:/Users/raulm/.m2/repository/org/junit/platform/junit-platform-launcher/1.7.0/junit-platform-launcher-1.7.0.jar' 
2022-07-03 20:03:22.677 DEBUG [acme.Launcher@main] Found classpath entry '/C:/Users/raulm/.m2/repository/org/seleniumhq/selenium/selenium-java/3.141.59/selenium-java-3.141.59.jar' 
2022-07-03 20:03:22.678 DEBUG [acme.Launcher@main] Found classpath entry '/C:/Users/raulm/.m2/repository/org/seleniumhq/selenium/selenium-api/3.141.59/selenium-api-3.141.59.jar' 
2022-07-03 20:03:22.678 DEBUG [acme.Launcher@main] Found classpath entry '/C:/Users/raulm/.m2/repository/org/seleniumhq/selenium/selenium-chrome-driver/3.141.59/selenium-chrome-driver-3.141.59.jar' 
2022-07-03 20:03:22.678 DEBUG [acme.Launcher@main] Found classpath entry '/C:/Users/raulm/.m2/repository/org/seleniumhq/selenium/selenium-edge-driver/3.141.59/selenium-edge-driver-3.141.59.jar' 
2022-07-03 20:03:22.678 DEBUG [acme.Launcher@main] Found classpath entry '/C:/Users/raulm/.m2/repository/org/seleniumhq/selenium/selenium-firefox-driver/3.141.59/selenium-firefox-driver-3.141.59.jar' 
2022-07-03 20:03:22.679 DEBUG [acme.Launcher@main] Found classpath entry '/C:/Users/raulm/.m2/repository/org/seleniumhq/selenium/selenium-ie-driver/3.141.59/selenium-ie-driver-3.141.59.jar' 
2022-07-03 20:03:22.679 DEBUG [acme.Launcher@main] Found classpath entry '/C:/Users/raulm/.m2/repository/org/seleniumhq/selenium/selenium-opera-driver/3.141.59/selenium-opera-driver-3.141.59.jar' 
2022-07-03 20:03:22.679 DEBUG [acme.Launcher@main] Found classpath entry '/C:/Users/raulm/.m2/repository/org/seleniumhq/selenium/selenium-remote-driver/3.141.59/selenium-remote-driver-3.141.59.jar' 
2022-07-03 20:03:22.680 DEBUG [acme.Launcher@main] Found classpath entry '/C:/Users/raulm/.m2/repository/org/seleniumhq/selenium/selenium-safari-driver/3.141.59/selenium-safari-driver-3.141.59.jar' 
2022-07-03 20:03:22.680 DEBUG [acme.Launcher@main] Found classpath entry '/C:/Users/raulm/.m2/repository/org/seleniumhq/selenium/selenium-support/3.141.59/selenium-support-3.141.59.jar' 
2022-07-03 20:03:22.680 DEBUG [acme.Launcher@main] Found classpath entry '/C:/Users/raulm/.m2/repository/net/bytebuddy/byte-buddy/1.10.19/byte-buddy-1.10.19.jar' 
2022-07-03 20:03:22.681 DEBUG [acme.Launcher@main] Found classpath entry '/C:/Users/raulm/.m2/repository/org/apache/commons/commons-exec/1.3/commons-exec-1.3.jar' 
2022-07-03 20:03:22.681 DEBUG [acme.Launcher@main] Found classpath entry '/C:/Users/raulm/.m2/repository/com/google/guava/guava/25.0-jre/guava-25.0-jre.jar' 
2022-07-03 20:03:22.681 DEBUG [acme.Launcher@main] Found classpath entry '/C:/Users/raulm/.m2/repository/com/google/code/findbugs/jsr305/1.3.9/jsr305-1.3.9.jar' 
2022-07-03 20:03:22.682 DEBUG [acme.Launcher@main] Found classpath entry '/C:/Users/raulm/.m2/repository/org/checkerframework/checker-compat-qual/2.0.0/checker-compat-qual-2.0.0.jar' 
2022-07-03 20:03:22.682 DEBUG [acme.Launcher@main] Found classpath entry '/C:/Users/raulm/.m2/repository/com/google/errorprone/error_prone_annotations/2.1.3/error_prone_annotations-2.1.3.jar' 
2022-07-03 20:03:22.682 DEBUG [acme.Launcher@main] Found classpath entry '/C:/Users/raulm/.m2/repository/com/google/j2objc/j2objc-annotations/1.1/j2objc-annotations-1.1.jar' 
2022-07-03 20:03:22.683 DEBUG [acme.Launcher@main] Found classpath entry '/C:/Users/raulm/.m2/repository/org/codehaus/mojo/animal-sniffer-annotations/1.14/animal-sniffer-annotations-1.14.jar' 
2022-07-03 20:03:22.684 DEBUG [acme.Launcher@main] Found classpath entry '/C:/Users/raulm/.m2/repository/com/squareup/okhttp3/okhttp/3.14.9/okhttp-3.14.9.jar' 
2022-07-03 20:03:22.684 DEBUG [acme.Launcher@main] Found classpath entry '/C:/Users/raulm/.m2/repository/com/squareup/okio/okio/1.14.0/okio-1.14.0.jar' 
2022-07-03 20:03:22.684 DEBUG [acme.Launcher@main] Found classpath entry '/C:/Users/raulm/.m2/repository/org/apache/commons/commons-lang3/3.11/commons-lang3-3.11.jar' 
2022-07-03 20:03:22.684 DEBUG [acme.Launcher@main] Found classpath entry '/C:/Users/raulm/.m2/repository/org/apache/commons/commons-text/1.8/commons-text-1.8.jar' 
2022-07-03 20:03:22.684 DEBUG [acme.Launcher@main] Found classpath entry '/C:/Users/raulm/.m2/repository/commons-io/commons-io/2.6/commons-io-2.6.jar' 
2022-07-03 20:03:22.685 DEBUG [acme.Launcher@main] Found classpath entry '/C:/Users/raulm/.m2/repository/commons-cli/commons-cli/1.4/commons-cli-1.4.jar' 
2022-07-03 20:03:22.685 DEBUG [acme.Launcher@main] Found classpath entry '/C:/Users/raulm/.m2/repository/org/projectlombok/lombok/1.18.16/lombok-1.18.16.jar' 
2022-07-03 20:03:22.685 DEBUG [acme.Launcher@main] Found classpath entry '/C:/Users/raulm/.m2/repository/com/opencsv/opencsv/5.4/opencsv-5.4.jar' 
2022-07-03 20:03:22.686 DEBUG [acme.Launcher@main] Found classpath entry '/C:/Users/raulm/.m2/repository/commons-beanutils/commons-beanutils/1.9.4/commons-beanutils-1.9.4.jar' 
2022-07-03 20:03:22.686 DEBUG [acme.Launcher@main] Found classpath entry '/C:/Users/raulm/.m2/repository/commons-logging/commons-logging/1.2/commons-logging-1.2.jar' 
2022-07-03 20:03:22.686 DEBUG [acme.Launcher@main] Found classpath entry '/C:/Users/raulm/.m2/repository/commons-collections/commons-collections/3.2.2/commons-collections-3.2.2.jar' 
2022-07-03 20:03:22.687 DEBUG [acme.Launcher@main] Found classpath entry '/C:/Users/raulm/.m2/repository/org/apache/commons/commons-collections4/4.4/commons-collections4-4.4.jar' 
2022-07-03 20:03:22.687 DEBUG [acme.Launcher@main] Found classpath entry '/C:/Users/raulm/Desktop/Workspace-22.0/Frameworks/Acme-Framework-22.1/target/classes/' 
2022-07-03 20:03:22.687 DEBUG [acme.Launcher@main] Found classpath entry '/C:/Users/raulm/Desktop/Workspace-22.0/Frameworks/Acme-Framework-22.1/target/test-classes/' 
2022-07-03 20:03:22.688 DEBUG [acme.Launcher@main] Found classpath entry '/C:/Users/raulm/Desktop/Workspace-22.0/Tools/IDEs/eclipse-jee-2021-12-R/configuration/org.eclipse.osgi/418/0/.cp/lib/javaagent-shaded.jar' 
2022-07-03 20:03:22.774 DEBUG [acme.Launcher@main] Found entity class 'acme.roles.Consumer 
2022-07-03 20:03:22.774 DEBUG [acme.Launcher@main] Found entity class 'acme.roles.Provider 
2022-07-03 20:03:22.774 DEBUG [acme.Launcher@main] Found entity class 'acme.framework.entities.UserAccount 
2022-07-03 20:03:22.774 DEBUG [acme.Launcher@main] Found entity class 'acme.framework.roles.Administrator 
2022-07-03 20:03:22.774 DEBUG [acme.Launcher@main] Found entity class 'acme.framework.roles.Anonymous 
2022-07-03 20:03:22.775 DEBUG [acme.Launcher@main] Found entity class 'acme.framework.roles.Authenticated 
2022-07-03 20:03:22.780 INFO  [acme.Launcher@main] Running application (Standalone) 
2022-07-03 20:03:38.372 DEBUG [acme.framework.components.tiles.DynamicTilesView@http-nio-8080-exec-4] View name 'fragments/welcome', model {} 
2022-07-03 20:03:38.398 DEBUG [org.apache.tiles.definition.dao.BaseLocaleUrlDefinitionDAO@http-nio-8080-exec-4] File Resource file:/C:/Users/raulm/Desktop/Workspace-22.0/Projects/Acme-Recipes/target/classes/WEB-INF/views/master/tiles_en.xml at file:/C:/Users/raulm/Desktop/Workspace-22.0/Projects/Acme-Recipes/target/classes/WEB-INF/views/master/tiles_en.xml not found, continue 
2022-07-03 20:03:38.409 DEBUG [org.apache.jasper.servlet.JspServlet@http-nio-8080-exec-4] JspEngine --> /WEB-INF/views/master/page.jsp 
2022-07-03 20:03:38.409 DEBUG [org.apache.jasper.servlet.JspServlet@http-nio-8080-exec-4] ServletPath: /WEB-INF/views/master/page.jsp 
2022-07-03 20:03:38.410 DEBUG [org.apache.jasper.servlet.JspServlet@http-nio-8080-exec-4] PathInfo: null 
2022-07-03 20:03:38.412 DEBUG [org.apache.jasper.servlet.JspServlet@http-nio-8080-exec-4] RealPath: C:\Users\raulm\Desktop\Workspace-22.0\Projects\Acme-Recipes\target\classes\WEB-INF\views\master\page.jsp 
2022-07-03 20:03:38.413 DEBUG [org.apache.jasper.servlet.JspServlet@http-nio-8080-exec-4] RequestURI: /acme-recipes-22.8/WEB-INF/views/master/page.jsp 
2022-07-03 20:03:38.414 DEBUG [org.apache.jasper.servlet.JspServlet@http-nio-8080-exec-4] QueryString: null 
2022-07-03 20:03:42.684 DEBUG [acme.framework.components.tiles.DynamicTilesView@http-nio-8080-exec-9] View name 'fragments/welcome', model {} 
2022-07-03 20:03:42.689 DEBUG [org.apache.jasper.servlet.JspServlet@http-nio-8080-exec-9] JspEngine --> /WEB-INF/views/master/page.jsp 
2022-07-03 20:03:42.690 DEBUG [org.apache.jasper.servlet.JspServlet@http-nio-8080-exec-9] ServletPath: /WEB-INF/views/master/page.jsp 
2022-07-03 20:03:42.691 DEBUG [org.apache.jasper.servlet.JspServlet@http-nio-8080-exec-9] PathInfo: null 
2022-07-03 20:03:42.691 DEBUG [org.apache.jasper.servlet.JspServlet@http-nio-8080-exec-9] RealPath: C:\Users\raulm\Desktop\Workspace-22.0\Projects\Acme-Recipes\target\classes\WEB-INF\views\master\page.jsp 
2022-07-03 20:03:42.691 DEBUG [org.apache.jasper.servlet.JspServlet@http-nio-8080-exec-9] RequestURI: /acme-recipes-22.8/WEB-INF/views/master/page.jsp 
2022-07-03 20:03:42.691 DEBUG [org.apache.jasper.servlet.JspServlet@http-nio-8080-exec-9] QueryString: null 
2022-07-03 20:03:43.701 DEBUG [acme.framework.configuration.ExtendedMessageSource@http-nio-8080-exec-4] Loading properties [C:\Users\raulm\Desktop\Workspace-22.0\Projects\Acme-Recipes\target\classes\WEB-INF\views\administrator\user-account\messages-en.i18n] with encoding 'utf-8' 
2022-07-03 20:03:43.707 DEBUG [acme.framework.configuration.ExtendedMessageSource@http-nio-8080-exec-4] Loading properties [C:\Users\raulm\Desktop\Workspace-22.0\Projects\Acme-Recipes\target\classes\WEB-INF\views\anonymous\user-account\messages-en.i18n] with encoding 'utf-8' 
2022-07-03 20:03:43.709 DEBUG [acme.framework.configuration.ExtendedMessageSource@http-nio-8080-exec-4] Loading properties [C:\Users\raulm\Desktop\Workspace-22.0\Projects\Acme-Recipes\target\classes\WEB-INF\views\authenticated\consumer\messsages-en.i18n] with encoding 'utf-8' 
2022-07-03 20:03:43.710 DEBUG [acme.framework.configuration.ExtendedMessageSource@http-nio-8080-exec-4] Loading properties [C:\Users\raulm\Desktop\Workspace-22.0\Projects\Acme-Recipes\target\classes\WEB-INF\views\authenticated\provider\messsages-en.i18n] with encoding 'utf-8' 
2022-07-03 20:03:43.710 DEBUG [acme.framework.configuration.ExtendedMessageSource@http-nio-8080-exec-4] Loading properties [C:\Users\raulm\Desktop\Workspace-22.0\Projects\Acme-Recipes\target\classes\WEB-INF\views\authenticated\user-account\messages-en.i18n] with encoding 'utf-8' 
2022-07-03 20:03:43.710 DEBUG [acme.framework.configuration.ExtendedMessageSource@http-nio-8080-exec-4] Loading properties [C:\Users\raulm\Desktop\Workspace-22.0\Projects\Acme-Recipes\target\classes\WEB-INF\views\fragments\banner-en.i18n] with encoding 'utf-8' 
2022-07-03 20:03:43.710 DEBUG [acme.framework.configuration.ExtendedMessageSource@http-nio-8080-exec-4] Loading properties [C:\Users\raulm\Desktop\Workspace-22.0\Projects\Acme-Recipes\target\classes\WEB-INF\views\fragments\company-en.i18n] with encoding 'utf-8' 
2022-07-03 20:03:43.713 DEBUG [acme.framework.configuration.ExtendedMessageSource@http-nio-8080-exec-4] Loading properties [C:\Users\raulm\Desktop\Workspace-22.0\Projects\Acme-Recipes\target\classes\WEB-INF\views\fragments\footer-en.i18n] with encoding 'utf-8' 
2022-07-03 20:03:43.714 DEBUG [acme.framework.configuration.ExtendedMessageSource@http-nio-8080-exec-4] Loading properties [C:\Users\raulm\Desktop\Workspace-22.0\Projects\Acme-Recipes\target\classes\WEB-INF\views\fragments\license-en.i18n] with encoding 'utf-8' 
2022-07-03 20:03:43.715 DEBUG [acme.framework.configuration.ExtendedMessageSource@http-nio-8080-exec-4] Loading properties [C:\Users\raulm\Desktop\Workspace-22.0\Projects\Acme-Recipes\target\classes\WEB-INF\views\fragments\menu-en.i18n] with encoding 'utf-8' 
2022-07-03 20:03:43.715 DEBUG [acme.framework.configuration.ExtendedMessageSource@http-nio-8080-exec-4] Loading properties [C:\Users\raulm\Desktop\Workspace-22.0\Projects\Acme-Recipes\target\classes\WEB-INF\views\fragments\messsages-en.i18n] with encoding 'utf-8' 
2022-07-03 20:03:43.715 DEBUG [acme.framework.configuration.ExtendedMessageSource@http-nio-8080-exec-4] Loading properties [C:\Users\raulm\Desktop\Workspace-22.0\Projects\Acme-Recipes\target\classes\WEB-INF\views\fragments\title-en.i18n] with encoding 'utf-8' 
2022-07-03 20:03:43.715 DEBUG [acme.framework.configuration.ExtendedMessageSource@http-nio-8080-exec-4] Loading properties [C:\Users\raulm\Desktop\Workspace-22.0\Projects\Acme-Recipes\target\classes\WEB-INF\views\fragments\welcome-en.i18n] with encoding 'utf-8' 
2022-07-03 20:03:43.715 DEBUG [acme.framework.configuration.ExtendedMessageSource@http-nio-8080-exec-4] Loading properties [C:\Users\raulm\Desktop\Workspace-22.0\Projects\Acme-Recipes\target\classes\WEB-INF\views\master\defaults-en.i18n] with encoding 'utf-8' 
2022-07-03 20:03:43.720 DEBUG [acme.framework.configuration.ExtendedMessageSource@http-nio-8080-exec-4] Loading properties [C:\Users\raulm\Desktop\Workspace-22.0\Projects\Acme-Recipes\target\classes\WEB-INF\views\master\master-en.i18n] with encoding 'utf-8' 
2022-07-03 20:03:43.720 DEBUG [acme.framework.configuration.ExtendedMessageSource@http-nio-8080-exec-4] Loading properties [C:\Users\raulm\Desktop\Workspace-22.0\Projects\Acme-Recipes\target\classes\WEB-INF\views\master\throwables-en.i18n] with encoding 'utf-8' 
2022-07-03 20:03:43.721 DEBUG [acme.framework.configuration.ExtendedMessageSource@http-nio-8080-exec-4] Loading properties [C:\Users\raulm\Desktop\Workspace-22.0\Projects\Acme-Recipes\target\classes\WEB-INF\views\master\validation-en.i18n] with encoding 'utf-8' 
2022-07-03 20:03:43.729 DEBUG [acme.framework.configuration.ExtendedMessageSource@http-nio-8080-exec-9] Loading properties [C:\Users\raulm\Desktop\Workspace-22.0\Projects\Acme-Recipes\target\classes\WEB-INF\views\administrator\user-account\messages-en.i18n] with encoding 'utf-8' 
2022-07-03 20:03:43.734 DEBUG [acme.framework.configuration.ExtendedMessageSource@http-nio-8080-exec-9] Loading properties [C:\Users\raulm\Desktop\Workspace-22.0\Projects\Acme-Recipes\target\classes\WEB-INF\views\anonymous\user-account\messages-en.i18n] with encoding 'utf-8' 
2022-07-03 20:03:43.735 DEBUG [acme.framework.configuration.ExtendedMessageSource@http-nio-8080-exec-9] Loading properties [C:\Users\raulm\Desktop\Workspace-22.0\Projects\Acme-Recipes\target\classes\WEB-INF\views\authenticated\consumer\messsages-en.i18n] with encoding 'utf-8' 
2022-07-03 20:03:43.735 DEBUG [acme.framework.configuration.ExtendedMessageSource@http-nio-8080-exec-9] Loading properties [C:\Users\raulm\Desktop\Workspace-22.0\Projects\Acme-Recipes\target\classes\WEB-INF\views\authenticated\provider\messsages-en.i18n] with encoding 'utf-8' 
2022-07-03 20:03:43.735 DEBUG [acme.framework.configuration.ExtendedMessageSource@http-nio-8080-exec-9] Loading properties [C:\Users\raulm\Desktop\Workspace-22.0\Projects\Acme-Recipes\target\classes\WEB-INF\views\authenticated\user-account\messages-en.i18n] with encoding 'utf-8' 
2022-07-03 20:03:43.735 DEBUG [acme.framework.configuration.ExtendedMessageSource@http-nio-8080-exec-9] Loading properties [C:\Users\raulm\Desktop\Workspace-22.0\Projects\Acme-Recipes\target\classes\WEB-INF\views\fragments\banner-en.i18n] with encoding 'utf-8' 
2022-07-03 20:03:43.740 DEBUG [acme.framework.configuration.ExtendedMessageSource@http-nio-8080-exec-9] Loading properties [C:\Users\raulm\Desktop\Workspace-22.0\Projects\Acme-Recipes\target\classes\WEB-INF\views\fragments\company-en.i18n] with encoding 'utf-8' 
2022-07-03 20:03:43.741 DEBUG [acme.framework.configuration.ExtendedMessageSource@http-nio-8080-exec-9] Loading properties [C:\Users\raulm\Desktop\Workspace-22.0\Projects\Acme-Recipes\target\classes\WEB-INF\views\fragments\footer-en.i18n] with encoding 'utf-8' 
2022-07-03 20:03:43.742 DEBUG [acme.framework.configuration.ExtendedMessageSource@http-nio-8080-exec-9] Loading properties [C:\Users\raulm\Desktop\Workspace-22.0\Projects\Acme-Recipes\target\classes\WEB-INF\views\fragments\license-en.i18n] with encoding 'utf-8' 
2022-07-03 20:03:43.742 DEBUG [acme.framework.configuration.ExtendedMessageSource@http-nio-8080-exec-9] Loading properties [C:\Users\raulm\Desktop\Workspace-22.0\Projects\Acme-Recipes\target\classes\WEB-INF\views\fragments\menu-en.i18n] with encoding 'utf-8' 
2022-07-03 20:03:43.745 DEBUG [acme.framework.configuration.ExtendedMessageSource@http-nio-8080-exec-9] Loading properties [C:\Users\raulm\Desktop\Workspace-22.0\Projects\Acme-Recipes\target\classes\WEB-INF\views\fragments\messsages-en.i18n] with encoding 'utf-8' 
2022-07-03 20:03:43.746 DEBUG [acme.framework.configuration.ExtendedMessageSource@http-nio-8080-exec-9] Loading properties [C:\Users\raulm\Desktop\Workspace-22.0\Projects\Acme-Recipes\target\classes\WEB-INF\views\fragments\title-en.i18n] with encoding 'utf-8' 
2022-07-03 20:03:43.746 DEBUG [acme.framework.configuration.ExtendedMessageSource@http-nio-8080-exec-9] Loading properties [C:\Users\raulm\Desktop\Workspace-22.0\Projects\Acme-Recipes\target\classes\WEB-INF\views\fragments\welcome-en.i18n] with encoding 'utf-8' 
2022-07-03 20:03:43.746 DEBUG [acme.framework.configuration.ExtendedMessageSource@http-nio-8080-exec-9] Loading properties [C:\Users\raulm\Desktop\Workspace-22.0\Projects\Acme-Recipes\target\classes\WEB-INF\views\master\defaults-en.i18n] with encoding 'utf-8' 
2022-07-03 20:03:43.746 DEBUG [acme.framework.configuration.ExtendedMessageSource@http-nio-8080-exec-9] Loading properties [C:\Users\raulm\Desktop\Workspace-22.0\Projects\Acme-Recipes\target\classes\WEB-INF\views\master\master-en.i18n] with encoding 'utf-8' 
2022-07-03 20:03:43.746 DEBUG [acme.framework.configuration.ExtendedMessageSource@http-nio-8080-exec-9] Loading properties [C:\Users\raulm\Desktop\Workspace-22.0\Projects\Acme-Recipes\target\classes\WEB-INF\views\master\throwables-en.i18n] with encoding 'utf-8' 
2022-07-03 20:03:43.746 DEBUG [acme.framework.configuration.ExtendedMessageSource@http-nio-8080-exec-9] Loading properties [C:\Users\raulm\Desktop\Workspace-22.0\Projects\Acme-Recipes\target\classes\WEB-INF\views\master\validation-en.i18n] with encoding 'utf-8' 
2022-07-03 20:03:43.983 DEBUG [org.apache.jasper.servlet.JspServlet@http-nio-8080-exec-4] JspEngine --> /WEB-INF/views/fragments/welcome.jsp 
2022-07-03 20:03:43.983 DEBUG [org.apache.jasper.servlet.JspServlet@http-nio-8080-exec-9] JspEngine --> /WEB-INF/views/fragments/welcome.jsp 
2022-07-03 20:03:43.983 DEBUG [org.apache.jasper.servlet.JspServlet@http-nio-8080-exec-4] ServletPath: /WEB-INF/views/master/page.jsp 
2022-07-03 20:03:43.983 DEBUG [org.apache.jasper.servlet.JspServlet@http-nio-8080-exec-9] ServletPath: /WEB-INF/views/master/page.jsp 
2022-07-03 20:03:43.983 DEBUG [org.apache.jasper.servlet.JspServlet@http-nio-8080-exec-4] PathInfo: null 
2022-07-03 20:03:43.983 DEBUG [org.apache.jasper.servlet.JspServlet@http-nio-8080-exec-9] PathInfo: null 
2022-07-03 20:03:43.991 DEBUG [org.apache.jasper.servlet.JspServlet@http-nio-8080-exec-9] RealPath: C:\Users\raulm\Desktop\Workspace-22.0\Projects\Acme-Recipes\target\classes\WEB-INF\views\fragments\welcome.jsp 
2022-07-03 20:03:43.991 DEBUG [org.apache.jasper.servlet.JspServlet@http-nio-8080-exec-4] RealPath: C:\Users\raulm\Desktop\Workspace-22.0\Projects\Acme-Recipes\target\classes\WEB-INF\views\fragments\welcome.jsp 
2022-07-03 20:03:43.991 DEBUG [org.apache.jasper.servlet.JspServlet@http-nio-8080-exec-4] RequestURI: /acme-recipes-22.8/WEB-INF/views/master/page.jsp 
2022-07-03 20:03:43.991 DEBUG [org.apache.jasper.servlet.JspServlet@http-nio-8080-exec-9] RequestURI: /acme-recipes-22.8/WEB-INF/views/master/page.jsp 
2022-07-03 20:03:43.991 DEBUG [org.apache.jasper.servlet.JspServlet@http-nio-8080-exec-4] QueryString: null 
2022-07-03 20:03:43.991 DEBUG [org.apache.jasper.servlet.JspServlet@http-nio-8080-exec-9] QueryString: null 
2022-07-03 20:03:44.386 DEBUG [acme.framework.components.tiles.DynamicTilesView@http-nio-8080-exec-8] View name 'fragments/welcome', model {} 
2022-07-03 20:03:44.390 DEBUG [org.apache.jasper.servlet.JspServlet@http-nio-8080-exec-8] JspEngine --> /WEB-INF/views/master/page.jsp 
2022-07-03 20:03:44.391 DEBUG [org.apache.jasper.servlet.JspServlet@http-nio-8080-exec-8] ServletPath: /WEB-INF/views/master/page.jsp 
2022-07-03 20:03:44.391 DEBUG [org.apache.jasper.servlet.JspServlet@http-nio-8080-exec-8] PathInfo: null 
2022-07-03 20:03:44.391 DEBUG [org.apache.jasper.servlet.JspServlet@http-nio-8080-exec-8] RealPath: C:\Users\raulm\Desktop\Workspace-22.0\Projects\Acme-Recipes\target\classes\WEB-INF\views\master\page.jsp 
2022-07-03 20:03:44.391 DEBUG [org.apache.jasper.servlet.JspServlet@http-nio-8080-exec-8] RequestURI: /acme-recipes-22.8/WEB-INF/views/master/page.jsp 
2022-07-03 20:03:44.391 DEBUG [org.apache.jasper.servlet.JspServlet@http-nio-8080-exec-8] QueryString: null 
2022-07-03 20:03:44.628 DEBUG [org.apache.jasper.servlet.JspServlet@http-nio-8080-exec-8] JspEngine --> /WEB-INF/views/fragments/welcome.jsp 
2022-07-03 20:03:44.628 DEBUG [org.apache.jasper.servlet.JspServlet@http-nio-8080-exec-8] ServletPath: /WEB-INF/views/master/page.jsp 
2022-07-03 20:03:44.628 DEBUG [org.apache.jasper.servlet.JspServlet@http-nio-8080-exec-8] PathInfo: null 
2022-07-03 20:03:44.636 DEBUG [org.apache.jasper.servlet.JspServlet@http-nio-8080-exec-8] RealPath: C:\Users\raulm\Desktop\Workspace-22.0\Projects\Acme-Recipes\target\classes\WEB-INF\views\fragments\welcome.jsp 
2022-07-03 20:03:44.636 DEBUG [org.apache.jasper.servlet.JspServlet@http-nio-8080-exec-8] RequestURI: /acme-recipes-22.8/WEB-INF/views/master/page.jsp 
2022-07-03 20:03:44.636 DEBUG [org.apache.jasper.servlet.JspServlet@http-nio-8080-exec-8] QueryString: null 
2022-07-03 20:03:44.652 DEBUG [org.hibernate.SQL@http-nio-8080-exec-9] select useraccoun0_.id as id1_0_, useraccoun0_.version as version2_0_, useraccoun0_.enabled as enabled1_6_, useraccoun0_.identity as identity2_6_, useraccoun0_.password as password3_6_, useraccoun0_.username as username4_6_ from user_account useraccoun0_ where useraccoun0_.username=? 
2022-07-03 20:03:44.652 DEBUG [org.hibernate.SQL@http-nio-8080-exec-4] select useraccoun0_.id as id1_0_, useraccoun0_.version as version2_0_, useraccoun0_.enabled as enabled1_6_, useraccoun0_.identity as identity2_6_, useraccoun0_.password as password3_6_, useraccoun0_.username as username4_6_ from user_account useraccoun0_ where useraccoun0_.username=? 
2022-07-03 20:03:44.717 TRACE [org.hibernate.type.descriptor.sql.BasicBinder@http-nio-8080-exec-4] binding parameter [1] as [VARCHAR] - [anonymous] 
2022-07-03 20:03:44.717 TRACE [org.hibernate.type.descriptor.sql.BasicBinder@http-nio-8080-exec-9] binding parameter [1] as [VARCHAR] - [anonymous] 
2022-07-03 20:03:44.783 DEBUG [org.hibernate.SQL@http-nio-8080-exec-8] select useraccoun0_.id as id1_0_, useraccoun0_.version as version2_0_, useraccoun0_.enabled as enabled1_6_, useraccoun0_.identity as identity2_6_, useraccoun0_.password as password3_6_, useraccoun0_.username as username4_6_ from user_account useraccoun0_ where useraccoun0_.username=? 
2022-07-03 20:03:44.783 TRACE [org.hibernate.type.descriptor.sql.BasicBinder@http-nio-8080-exec-8] binding parameter [1] as [VARCHAR] - [anonymous] 
2022-07-03 20:03:44.847 DEBUG [org.hibernate.SQL@http-nio-8080-exec-4] select roles0_.user_account_id as user_acc1_7_0_, roles0_.id as id1_7_0_, roles0_.id as id1_0_1_, roles0_.version as version2_0_1_, roles0_.user_account_id as user_acc1_7_1_, roles0_.company as company1_4_1_, roles0_.sector as sector2_4_1_, roles0_.company as company1_5_1_, roles0_.sector as sector2_5_1_, roles0_.clazz_ as clazz_1_ from ( select id, version, user_account_id, company, sector, 2 as clazz_ from consumer union all select id, version, user_account_id, company, sector, 3 as clazz_ from provider union all select id, version, user_account_id, null as company, null as sector, 5 as clazz_ from administrator union all select id, version, user_account_id, null as company, null as sector, 6 as clazz_ from anonymous union all select id, version, user_account_id, null as company, null as sector, 7 as clazz_ from authenticated ) roles0_ where roles0_.user_account_id=? 
2022-07-03 20:03:44.847 DEBUG [org.hibernate.SQL@http-nio-8080-exec-8] select roles0_.user_account_id as user_acc1_7_0_, roles0_.id as id1_7_0_, roles0_.id as id1_0_1_, roles0_.version as version2_0_1_, roles0_.user_account_id as user_acc1_7_1_, roles0_.company as company1_4_1_, roles0_.sector as sector2_4_1_, roles0_.company as company1_5_1_, roles0_.sector as sector2_5_1_, roles0_.clazz_ as clazz_1_ from ( select id, version, user_account_id, company, sector, 2 as clazz_ from consumer union all select id, version, user_account_id, company, sector, 3 as clazz_ from provider union all select id, version, user_account_id, null as company, null as sector, 5 as clazz_ from administrator union all select id, version, user_account_id, null as company, null as sector, 6 as clazz_ from anonymous union all select id, version, user_account_id, null as company, null as sector, 7 as clazz_ from authenticated ) roles0_ where roles0_.user_account_id=? 
2022-07-03 20:03:44.847 DEBUG [org.hibernate.SQL@http-nio-8080-exec-9] select roles0_.user_account_id as user_acc1_7_0_, roles0_.id as id1_7_0_, roles0_.id as id1_0_1_, roles0_.version as version2_0_1_, roles0_.user_account_id as user_acc1_7_1_, roles0_.company as company1_4_1_, roles0_.sector as sector2_4_1_, roles0_.company as company1_5_1_, roles0_.sector as sector2_5_1_, roles0_.clazz_ as clazz_1_ from ( select id, version, user_account_id, company, sector, 2 as clazz_ from consumer union all select id, version, user_account_id, company, sector, 3 as clazz_ from provider union all select id, version, user_account_id, null as company, null as sector, 5 as clazz_ from administrator union all select id, version, user_account_id, null as company, null as sector, 6 as clazz_ from anonymous union all select id, version, user_account_id, null as company, null as sector, 7 as clazz_ from authenticated ) roles0_ where roles0_.user_account_id=? 
2022-07-03 20:03:44.855 TRACE [org.hibernate.type.descriptor.sql.BasicBinder@http-nio-8080-exec-4] binding parameter [1] as [INTEGER] - [1] 
2022-07-03 20:03:44.855 TRACE [org.hibernate.type.descriptor.sql.BasicBinder@http-nio-8080-exec-9] binding parameter [1] as [INTEGER] - [1] 
2022-07-03 20:03:44.855 TRACE [org.hibernate.type.descriptor.sql.BasicBinder@http-nio-8080-exec-8] binding parameter [1] as [INTEGER] - [1] 
2022-07-03 20:03:52.843 DEBUG [acme.framework.components.tiles.DynamicTilesView@http-nio-8080-exec-3] View name 'fragments/company', model {} 
2022-07-03 20:03:52.847 DEBUG [org.apache.jasper.servlet.JspServlet@http-nio-8080-exec-3] JspEngine --> /WEB-INF/views/master/page.jsp 
2022-07-03 20:03:52.849 DEBUG [org.apache.jasper.servlet.JspServlet@http-nio-8080-exec-3] ServletPath: /WEB-INF/views/master/page.jsp 
2022-07-03 20:03:52.850 DEBUG [org.apache.jasper.servlet.JspServlet@http-nio-8080-exec-3] PathInfo: null 
2022-07-03 20:03:52.854 DEBUG [org.apache.jasper.servlet.JspServlet@http-nio-8080-exec-3] RealPath: C:\Users\raulm\Desktop\Workspace-22.0\Projects\Acme-Recipes\target\classes\WEB-INF\views\master\page.jsp 
2022-07-03 20:03:52.855 DEBUG [org.apache.jasper.servlet.JspServlet@http-nio-8080-exec-3] RequestURI: /acme-recipes-22.8/WEB-INF/views/master/page.jsp 
2022-07-03 20:03:52.857 DEBUG [org.apache.jasper.servlet.JspServlet@http-nio-8080-exec-3] QueryString: null 
2022-07-03 20:03:53.052 DEBUG [org.apache.jasper.servlet.JspServlet@http-nio-8080-exec-3] JspEngine --> /WEB-INF/views/fragments/company.jsp 
2022-07-03 20:03:53.053 DEBUG [org.apache.jasper.servlet.JspServlet@http-nio-8080-exec-3] ServletPath: /WEB-INF/views/master/page.jsp 
2022-07-03 20:03:53.054 DEBUG [org.apache.jasper.servlet.JspServlet@http-nio-8080-exec-3] PathInfo: null 
2022-07-03 20:03:53.055 DEBUG [org.apache.jasper.servlet.JspServlet@http-nio-8080-exec-3] RealPath: C:\Users\raulm\Desktop\Workspace-22.0\Projects\Acme-Recipes\target\classes\WEB-INF\views\fragments\company.jsp 
2022-07-03 20:03:53.056 DEBUG [org.apache.jasper.servlet.JspServlet@http-nio-8080-exec-3] RequestURI: /acme-recipes-22.8/WEB-INF/views/master/page.jsp 
2022-07-03 20:03:53.056 DEBUG [org.apache.jasper.servlet.JspServlet@http-nio-8080-exec-3] QueryString: null 
2022-07-03 20:03:53.536 DEBUG [org.hibernate.SQL@http-nio-8080-exec-3] select useraccoun0_.id as id1_0_, useraccoun0_.version as version2_0_, useraccoun0_.enabled as enabled1_6_, useraccoun0_.identity as identity2_6_, useraccoun0_.password as password3_6_, useraccoun0_.username as username4_6_ from user_account useraccoun0_ where useraccoun0_.username=? 
2022-07-03 20:03:53.544 TRACE [org.hibernate.type.descriptor.sql.BasicBinder@http-nio-8080-exec-3] binding parameter [1] as [VARCHAR] - [anonymous] 
2022-07-03 20:03:53.546 DEBUG [org.hibernate.SQL@http-nio-8080-exec-3] select roles0_.user_account_id as user_acc1_7_0_, roles0_.id as id1_7_0_, roles0_.id as id1_0_1_, roles0_.version as version2_0_1_, roles0_.user_account_id as user_acc1_7_1_, roles0_.company as company1_4_1_, roles0_.sector as sector2_4_1_, roles0_.company as company1_5_1_, roles0_.sector as sector2_5_1_, roles0_.clazz_ as clazz_1_ from ( select id, version, user_account_id, company, sector, 2 as clazz_ from consumer union all select id, version, user_account_id, company, sector, 3 as clazz_ from provider union all select id, version, user_account_id, null as company, null as sector, 5 as clazz_ from administrator union all select id, version, user_account_id, null as company, null as sector, 6 as clazz_ from anonymous union all select id, version, user_account_id, null as company, null as sector, 7 as clazz_ from authenticated ) roles0_ where roles0_.user_account_id=? 
2022-07-03 20:03:53.546 TRACE [org.hibernate.type.descriptor.sql.BasicBinder@http-nio-8080-exec-3] binding parameter [1] as [INTEGER] - [1] 
2022-07-03 20:04:13.846 DEBUG [acme.framework.components.tiles.DynamicTilesView@http-nio-8080-exec-6] View name 'fragments/welcome', model {} 
2022-07-03 20:04:13.849 DEBUG [org.apache.jasper.servlet.JspServlet@http-nio-8080-exec-6] JspEngine --> /WEB-INF/views/master/page.jsp 
2022-07-03 20:04:13.851 DEBUG [org.apache.jasper.servlet.JspServlet@http-nio-8080-exec-6] ServletPath: /WEB-INF/views/master/page.jsp 
2022-07-03 20:04:13.852 DEBUG [org.apache.jasper.servlet.JspServlet@http-nio-8080-exec-6] PathInfo: null 
2022-07-03 20:04:13.857 DEBUG [org.apache.jasper.servlet.JspServlet@http-nio-8080-exec-6] RealPath: C:\Users\raulm\Desktop\Workspace-22.0\Projects\Acme-Recipes\target\classes\WEB-INF\views\master\page.jsp 
2022-07-03 20:04:13.858 DEBUG [org.apache.jasper.servlet.JspServlet@http-nio-8080-exec-6] RequestURI: /acme-recipes-22.8/WEB-INF/views/master/page.jsp 
2022-07-03 20:04:13.859 DEBUG [org.apache.jasper.servlet.JspServlet@http-nio-8080-exec-6] QueryString: null 
2022-07-03 20:04:14.045 DEBUG [org.apache.jasper.servlet.JspServlet@http-nio-8080-exec-6] JspEngine --> /WEB-INF/views/fragments/welcome.jsp 
2022-07-03 20:04:14.046 DEBUG [org.apache.jasper.servlet.JspServlet@http-nio-8080-exec-6] ServletPath: /WEB-INF/views/master/page.jsp 
2022-07-03 20:04:14.046 DEBUG [org.apache.jasper.servlet.JspServlet@http-nio-8080-exec-6] PathInfo: null 
2022-07-03 20:04:14.046 DEBUG [org.apache.jasper.servlet.JspServlet@http-nio-8080-exec-6] RealPath: C:\Users\raulm\Desktop\Workspace-22.0\Projects\Acme-Recipes\target\classes\WEB-INF\views\fragments\welcome.jsp 
2022-07-03 20:04:14.051 DEBUG [org.apache.jasper.servlet.JspServlet@http-nio-8080-exec-6] RequestURI: /acme-recipes-22.8/WEB-INF/views/master/page.jsp 
2022-07-03 20:04:14.052 DEBUG [org.apache.jasper.servlet.JspServlet@http-nio-8080-exec-6] QueryString: null 
2022-07-03 20:04:14.178 DEBUG [org.hibernate.SQL@http-nio-8080-exec-6] select useraccoun0_.id as id1_0_, useraccoun0_.version as version2_0_, useraccoun0_.enabled as enabled1_6_, useraccoun0_.identity as identity2_6_, useraccoun0_.password as password3_6_, useraccoun0_.username as username4_6_ from user_account useraccoun0_ where useraccoun0_.username=? 
2022-07-03 20:04:14.182 TRACE [org.hibernate.type.descriptor.sql.BasicBinder@http-nio-8080-exec-6] binding parameter [1] as [VARCHAR] - [anonymous] 
2022-07-03 20:04:14.183 DEBUG [org.hibernate.SQL@http-nio-8080-exec-6] select roles0_.user_account_id as user_acc1_7_0_, roles0_.id as id1_7_0_, roles0_.id as id1_0_1_, roles0_.version as version2_0_1_, roles0_.user_account_id as user_acc1_7_1_, roles0_.company as company1_4_1_, roles0_.sector as sector2_4_1_, roles0_.company as company1_5_1_, roles0_.sector as sector2_5_1_, roles0_.clazz_ as clazz_1_ from ( select id, version, user_account_id, company, sector, 2 as clazz_ from consumer union all select id, version, user_account_id, company, sector, 3 as clazz_ from provider union all select id, version, user_account_id, null as company, null as sector, 5 as clazz_ from administrator union all select id, version, user_account_id, null as company, null as sector, 6 as clazz_ from anonymous union all select id, version, user_account_id, null as company, null as sector, 7 as clazz_ from authenticated ) roles0_ where roles0_.user_account_id=? 
2022-07-03 20:04:14.183 TRACE [org.hibernate.type.descriptor.sql.BasicBinder@http-nio-8080-exec-6] binding parameter [1] as [INTEGER] - [1] 
2022-07-03 20:04:47.052 DEBUG [acme.framework.components.tiles.DynamicTilesView@http-nio-8080-exec-8] View name 'fragments/welcome', model {} 
2022-07-03 20:04:47.055 DEBUG [org.apache.jasper.servlet.JspServlet@http-nio-8080-exec-8] JspEngine --> /WEB-INF/views/master/page.jsp 
2022-07-03 20:04:47.055 DEBUG [org.apache.jasper.servlet.JspServlet@http-nio-8080-exec-8] ServletPath: /WEB-INF/views/master/page.jsp 
2022-07-03 20:04:47.058 DEBUG [org.apache.jasper.servlet.JspServlet@http-nio-8080-exec-8] PathInfo: null 
2022-07-03 20:04:47.064 DEBUG [org.apache.jasper.servlet.JspServlet@http-nio-8080-exec-8] RealPath: C:\Users\raulm\Desktop\Workspace-22.0\Projects\Acme-Recipes\target\classes\WEB-INF\views\master\page.jsp 
2022-07-03 20:04:47.064 DEBUG [org.apache.jasper.servlet.JspServlet@http-nio-8080-exec-8] RequestURI: /acme-recipes-22.8/WEB-INF/views/master/page.jsp 
2022-07-03 20:04:47.064 DEBUG [org.apache.jasper.servlet.JspServlet@http-nio-8080-exec-8] QueryString: null 
2022-07-03 20:04:47.373 DEBUG [org.apache.jasper.servlet.JspServlet@http-nio-8080-exec-8] JspEngine --> /WEB-INF/views/fragments/welcome.jsp 
2022-07-03 20:04:47.374 DEBUG [org.apache.jasper.servlet.JspServlet@http-nio-8080-exec-8] ServletPath: /WEB-INF/views/master/page.jsp 
2022-07-03 20:04:47.374 DEBUG [org.apache.jasper.servlet.JspServlet@http-nio-8080-exec-8] PathInfo: null 
2022-07-03 20:04:47.377 DEBUG [org.apache.jasper.servlet.JspServlet@http-nio-8080-exec-8] RealPath: C:\Users\raulm\Desktop\Workspace-22.0\Projects\Acme-Recipes\target\classes\WEB-INF\views\fragments\welcome.jsp 
2022-07-03 20:04:47.377 DEBUG [org.apache.jasper.servlet.JspServlet@http-nio-8080-exec-8] RequestURI: /acme-recipes-22.8/WEB-INF/views/master/page.jsp 
2022-07-03 20:04:47.377 DEBUG [org.apache.jasper.servlet.JspServlet@http-nio-8080-exec-8] QueryString: null 
2022-07-03 20:04:47.481 DEBUG [org.hibernate.SQL@http-nio-8080-exec-8] select useraccoun0_.id as id1_0_, useraccoun0_.version as version2_0_, useraccoun0_.enabled as enabled1_6_, useraccoun0_.identity as identity2_6_, useraccoun0_.password as password3_6_, useraccoun0_.username as username4_6_ from user_account useraccoun0_ where useraccoun0_.username=? 
2022-07-03 20:04:47.486 TRACE [org.hibernate.type.descriptor.sql.BasicBinder@http-nio-8080-exec-8] binding parameter [1] as [VARCHAR] - [anonymous] 
2022-07-03 20:04:47.490 DEBUG [org.hibernate.SQL@http-nio-8080-exec-8] select roles0_.user_account_id as user_acc1_7_0_, roles0_.id as id1_7_0_, roles0_.id as id1_0_1_, roles0_.version as version2_0_1_, roles0_.user_account_id as user_acc1_7_1_, roles0_.company as company1_4_1_, roles0_.sector as sector2_4_1_, roles0_.company as company1_5_1_, roles0_.sector as sector2_5_1_, roles0_.clazz_ as clazz_1_ from ( select id, version, user_account_id, company, sector, 2 as clazz_ from consumer union all select id, version, user_account_id, company, sector, 3 as clazz_ from provider union all select id, version, user_account_id, null as company, null as sector, 5 as clazz_ from administrator union all select id, version, user_account_id, null as company, null as sector, 6 as clazz_ from anonymous union all select id, version, user_account_id, null as company, null as sector, 7 as clazz_ from authenticated ) roles0_ where roles0_.user_account_id=? 
2022-07-03 20:04:47.491 TRACE [org.hibernate.type.descriptor.sql.BasicBinder@http-nio-8080-exec-8] binding parameter [1] as [INTEGER] - [1] 
